# JRE version: OpenJDK Runtime Environment (11.0.10) (build 11.0.10+0-b96-7249189)
# Java VM: OpenJDK 64-Bit Server VM (11.0.10+0-b96-7249189, mixed mode, tiered, compressed oops, g1 gc, windows-amd64)
Heap:
 garbage-first heap   total 694272K, used 245581K [0x0000000080000000, 0x0000000100000000)
  region size 1024K, 7 young (7168K), 7 survivors (7168K)
 Metaspace       used 132774K, capacity 136571K, committed 136704K, reserved 1167360K
  class space    used 16703K, capacity 18098K, committed 18176K, reserved 1048576K
GC Heap History (20 events):
Event: 101.837 GC heap after
{Heap after GC invocations=73 (full 0):
 garbage-first heap   total 225280K, used 155406K [0x0000000080000000, 0x0000000100000000)
  region size 1024K, 2 young (2048K), 2 survivors (2048K)
 Metaspace       used 129937K, capacity 133653K, committed 133760K, reserved 1165312K
  class space    used 16339K, capacity 17721K, committed 17792K, reserved 1048576K
}
Event: 102.123 GC heap before
{Heap before GC invocations=73 (full 0):
 garbage-first heap   total 225280K, used 189198K [0x0000000080000000, 0x0000000100000000)
  region size 1024K, 35 young (35840K), 2 survivors (2048K)
 Metaspace       used 130312K, capacity 134062K, committed 134272K, reserved 1165312K
  class space    used 16393K, capacity 17771K, committed 17792K, reserved 1048576K
}
Event: 102.139 GC heap after
{Heap after GC invocations=74 (full 0):
 garbage-first heap   total 225280K, used 168446K [0x0000000080000000, 0x0000000100000000)
  region size 1024K, 5 young (5120K), 5 survivors (5120K)
 Metaspace       used 130312K, capacity 134062K, committed 134272K, reserved 1165312K
  class space    used 16393K, capacity 17771K, committed 17792K, reserved 1048576K
}
Event: 102.360 GC heap before
{Heap before GC invocations=75 (full 0):
 garbage-first heap   total 225280K, used 187902K [0x0000000080000000, 0x0000000100000000)
  region size 1024K, 25 young (25600K), 5 survivors (5120K)
 Metaspace       used 130399K, capacity 134144K, committed 134272K, reserved 1165312K
  class space    used 16404K, capacity 17777K, committed 17792K, reserved 1048576K
}
Event: 102.379 GC heap after
{Heap after GC invocations=76 (full 0):
 garbage-first heap   total 270336K, used 174064K [0x0000000080000000, 0x0000000100000000)
  region size 1024K, 4 young (4096K), 4 survivors (4096K)
 Metaspace       used 130399K, capacity 134144K, committed 134272K, reserved 1165312K
  class space    used 16404K, capacity 17777K, committed 17792K, reserved 1048576K
}
Event: 102.431 GC heap before
{Heap before GC invocations=76 (full 0):
 garbage-first heap   total 270336K, used 182256K [0x0000000080000000, 0x0000000100000000)
  region size 1024K, 13 young (13312K), 4 survivors (4096K)
 Metaspace       used 130457K, capacity 134162K, committed 134272K, reserved 1165312K
  class space    used 16412K, capacity 17783K, committed 17792K, reserved 1048576K
}
Event: 102.440 GC heap after
{Heap after GC invocations=77 (full 0):
 garbage-first heap   total 270336K, used 176128K [0x0000000080000000, 0x0000000100000000)
  region size 1024K, 2 young (2048K), 2 survivors (2048K)
 Metaspace       used 130457K, capacity 134162K, committed 134272K, reserved 1165312K
  class space    used 16412K, capacity 17783K, committed 17792K, reserved 1048576K
}
Event: 102.658 GC heap before
{Heap before GC invocations=77 (full 0):
 garbage-first heap   total 270336K, used 214016K [0x0000000080000000, 0x0000000100000000)
  region size 1024K, 40 young (40960K), 2 survivors (2048K)
 Metaspace       used 131191K, capacity 134954K, committed 135296K, reserved 1167360K
  class space    used 16529K, capacity 17929K, committed 18048K, reserved 1048576K
}
Event: 102.672 GC heap after
{Heap after GC invocations=78 (full 0):
 garbage-first heap   total 270336K, used 188108K [0x0000000080000000, 0x0000000100000000)
  region size 1024K, 5 young (5120K), 5 survivors (5120K)
 Metaspace       used 131191K, capacity 134954K, committed 135296K, reserved 1167360K
  class space    used 16529K, capacity 17929K, committed 18048K, reserved 1048576K
}
Event: 102.888 GC heap before
{Heap before GC invocations=78 (full 0):
 garbage-first heap   total 270336K, used 218828K [0x0000000080000000, 0x0000000100000000)
  region size 1024K, 35 young (35840K), 5 survivors (5120K)
 Metaspace       used 131454K, capacity 135259K, committed 135552K, reserved 1167360K
  class space    used 16549K, capacity 17965K, committed 18048K, reserved 1048576K
}
Event: 102.899 GC heap after
{Heap after GC invocations=79 (full 0):
 garbage-first heap   total 270336K, used 196784K [0x0000000080000000, 0x0000000100000000)
  region size 1024K, 5 young (5120K), 5 survivors (5120K)
 Metaspace       used 131454K, capacity 135259K, committed 135552K, reserved 1167360K
  class space    used 16549K, capacity 17965K, committed 18048K, reserved 1048576K
}
Event: 103.324 GC heap before
{Heap before GC invocations=79 (full 0):
 garbage-first heap   total 270336K, used 222384K [0x0000000080000000, 0x0000000100000000)
  region size 1024K, 31 young (31744K), 5 survivors (5120K)
 Metaspace       used 131624K, capacity 135376K, committed 135552K, reserved 1167360K
  class space    used 16564K, capacity 17960K, committed 18048K, reserved 1048576K
}
Event: 103.347 GC heap after
{Heap after GC invocations=80 (full 0):
 garbage-first heap   total 347136K, used 201458K [0x0000000080000000, 0x0000000100000000)
  region size 1024K, 4 young (4096K), 4 survivors (4096K)
 Metaspace       used 131624K, capacity 135376K, committed 135552K, reserved 1167360K
  class space    used 16564K, capacity 17960K, committed 18048K, reserved 1048576K
}
Event: 103.632 GC heap before
{Heap before GC invocations=81 (full 0):
 garbage-first heap   total 347136K, used 262898K [0x0000000080000000, 0x0000000100000000)
  region size 1024K, 65 young (66560K), 4 survivors (4096K)
 Metaspace       used 132152K, capacity 135990K, committed 136064K, reserved 1167360K
  class space    used 16628K, capacity 18034K, committed 18048K, reserved 1048576K
}
Event: 103.664 GC heap after
{Heap after GC invocations=82 (full 0):
 garbage-first heap   total 347136K, used 219059K [0x0000000080000000, 0x0000000100000000)
  region size 1024K, 9 young (9216K), 9 survivors (9216K)
 Metaspace       used 132152K, capacity 135990K, committed 136064K, reserved 1167360K
  class space    used 16628K, capacity 18034K, committed 18048K, reserved 1048576K
}
Event: 103.680 GC heap before
{Heap before GC invocations=82 (full 0):
 garbage-first heap   total 347136K, used 226227K [0x0000000080000000, 0x0000000100000000)
  region size 1024K, 16 young (16384K), 9 survivors (9216K)
 Metaspace       used 132159K, capacity 135990K, committed 136064K, reserved 1167360K
  class space    used 16628K, capacity 18034K, committed 18048K, reserved 1048576K
}
Event: 103.703 GC heap after
{Heap after GC invocations=83 (full 0):
 garbage-first heap   total 347136K, used 219394K [0x0000000080000000, 0x0000000100000000)
  region size 1024K, 2 young (2048K), 2 survivors (2048K)
 Metaspace       used 132159K, capacity 135990K, committed 136064K, reserved 1167360K
  class space    used 16628K, capacity 18034K, committed 18048K, reserved 1048576K
}
Event: 103.882 GC heap before
{Heap before GC invocations=83 (full 0):
 garbage-first heap   total 347136K, used 270594K [0x0000000080000000, 0x0000000100000000)
  region size 1024K, 53 young (54272K), 2 survivors (2048K)
 Metaspace       used 132475K, capacity 136280K, committed 136448K, reserved 1167360K
  class space    used 16670K, capacity 18066K, committed 18176K, reserved 1048576K
}
Event: 103.932 GC heap after
{Heap after GC invocations=84 (full 0):
 garbage-first heap   total 347136K, used 233472K [0x0000000080000000, 0x0000000100000000)
  region size 1024K, 7 young (7168K), 7 survivors (7168K)
 Metaspace       used 132475K, capacity 136280K, committed 136448K, reserved 1167360K
  class space    used 16670K, capacity 18066K, committed 18176K, reserved 1048576K
}
Event: 104.120 GC heap before
{Heap before GC invocations=84 (full 0):
 garbage-first heap   total 347136K, used 278528K [0x0000000080000000, 0x0000000100000000)
  region size 1024K, 52 young (53248K), 7 survivors (7168K)
 Metaspace       used 132774K, capacity 136571K, committed 136704K, reserved 1167360K
  class space    used 16703K, capacity 18098K, committed 18176K, reserved 1048576K
}

