# JRE version: OpenJDK Runtime Environment (11.0.10) (build 11.0.10+0-b96-7249189)
# Java VM: OpenJDK 64-Bit Server VM (11.0.10+0-b96-7249189, mixed mode, tiered, compressed oops, g1 gc, windows-amd64)
Heap:
 garbage-first heap   total 270336K, used 227441K [0x0000000080000000, 0x0000000100000000)
  region size 1024K, 7 young (7168K), 2 survivors (2048K)
 Metaspace       used 134454K, capacity 138552K, committed 138572K, reserved 1169408K
  class space    used 17128K, capacity 18560K, committed 18560K, reserved 1048576K
GC Heap History (20 events):
Event: 213.104 GC heap before
{Heap before GC invocations=58 (full 0):
 garbage-first heap   total 270336K, used 220885K [0x0000000080000000, 0x0000000100000000)
  region size 1024K, 71 young (72704K), 2 survivors (2048K)
 Metaspace       used 127886K, capacity 131723K, committed 131916K, reserved 1163264K
  class space    used 16098K, capacity 17454K, committed 17536K, reserved 1048576K
}
Event: 213.128 GC heap after
{Heap after GC invocations=59 (full 0):
 garbage-first heap   total 270336K, used 156575K [0x0000000080000000, 0x0000000100000000)
  region size 1024K, 7 young (7168K), 7 survivors (7168K)
 Metaspace       used 127886K, capacity 131723K, committed 131916K, reserved 1163264K
  class space    used 16098K, capacity 17454K, committed 17536K, reserved 1048576K
}
Event: 213.738 GC heap before
{Heap before GC invocations=60 (full 0):
 garbage-first heap   total 270336K, used 223135K [0x0000000080000000, 0x0000000100000000)
  region size 1024K, 72 young (73728K), 7 survivors (7168K)
 Metaspace       used 128694K, capacity 132654K, committed 132812K, reserved 1165312K
  class space    used 16216K, capacity 17570K, committed 17664K, reserved 1048576K
}
Event: 213.799 GC heap after
{Heap after GC invocations=61 (full 0):
 garbage-first heap   total 270336K, used 172469K [0x0000000080000000, 0x0000000100000000)
  region size 1024K, 9 young (9216K), 9 survivors (9216K)
 Metaspace       used 128694K, capacity 132654K, committed 132812K, reserved 1165312K
  class space    used 16216K, capacity 17570K, committed 17664K, reserved 1048576K
}
Event: 213.807 GC heap before
{Heap before GC invocations=61 (full 0):
 garbage-first heap   total 270336K, used 175541K [0x0000000080000000, 0x0000000100000000)
  region size 1024K, 13 young (13312K), 9 survivors (9216K)
 Metaspace       used 128757K, capacity 132718K, committed 132812K, reserved 1165312K
  class space    used 16223K, capacity 17570K, committed 17664K, reserved 1048576K
}
Event: 213.836 GC heap after
{Heap after GC invocations=62 (full 0):
 garbage-first heap   total 270336K, used 165633K [0x0000000080000000, 0x0000000100000000)
  region size 1024K, 2 young (2048K), 2 survivors (2048K)
 Metaspace       used 128757K, capacity 132718K, committed 132812K, reserved 1165312K
  class space    used 16223K, capacity 17570K, committed 17664K, reserved 1048576K
}
Event: 214.089 GC heap before
{Heap before GC invocations=62 (full 0):
 garbage-first heap   total 270336K, used 217857K [0x0000000080000000, 0x0000000100000000)
  region size 1024K, 54 young (55296K), 2 survivors (2048K)
 Metaspace       used 130241K, capacity 134280K, committed 134604K, reserved 1165312K
  class space    used 16447K, capacity 17844K, committed 17920K, reserved 1048576K
}
Event: 214.105 GC heap after
{Heap after GC invocations=63 (full 0):
 garbage-first heap   total 270336K, used 181701K [0x0000000080000000, 0x0000000100000000)
  region size 1024K, 7 young (7168K), 7 survivors (7168K)
 Metaspace       used 130241K, capacity 134280K, committed 134604K, reserved 1165312K
  class space    used 16447K, capacity 17844K, committed 17920K, reserved 1048576K
}
Event: 214.363 GC heap before
{Heap before GC invocations=63 (full 0):
 garbage-first heap   total 270336K, used 218565K [0x0000000080000000, 0x0000000100000000)
  region size 1024K, 44 young (45056K), 7 survivors (7168K)
 Metaspace       used 131622K, capacity 135740K, committed 135884K, reserved 1167360K
  class space    used 16646K, capacity 18079K, committed 18176K, reserved 1048576K
}
Event: 214.384 GC heap after
{Heap after GC invocations=64 (full 0):
 garbage-first heap   total 270336K, used 189679K [0x0000000080000000, 0x0000000100000000)
  region size 1024K, 6 young (6144K), 6 survivors (6144K)
 Metaspace       used 131622K, capacity 135740K, committed 135884K, reserved 1167360K
  class space    used 16646K, capacity 18079K, committed 18176K, reserved 1048576K
}
Event: 214.605 GC heap before
{Heap before GC invocations=64 (full 0):
 garbage-first heap   total 270336K, used 221423K [0x0000000080000000, 0x0000000100000000)
  region size 1024K, 38 young (38912K), 6 survivors (6144K)
 Metaspace       used 132928K, capacity 137006K, committed 137164K, reserved 1167360K
  class space    used 16907K, capacity 18333K, committed 18432K, reserved 1048576K
}
Event: 214.668 GC heap after
{Heap after GC invocations=65 (full 0):
 garbage-first heap   total 270336K, used 198277K [0x0000000080000000, 0x0000000100000000)
  region size 1024K, 5 young (5120K), 5 survivors (5120K)
 Metaspace       used 132928K, capacity 137006K, committed 137164K, reserved 1167360K
  class space    used 16907K, capacity 18333K, committed 18432K, reserved 1048576K
}
Event: 215.049 GC heap before
{Heap before GC invocations=65 (full 0):
 garbage-first heap   total 270336K, used 224901K [0x0000000080000000, 0x0000000100000000)
  region size 1024K, 32 young (32768K), 5 survivors (5120K)
 Metaspace       used 133492K, capacity 137629K, committed 137676K, reserved 1169408K
  class space    used 16977K, capacity 18432K, committed 18432K, reserved 1048576K
}
Event: 215.059 GC heap after
{Heap after GC invocations=66 (full 0):
 garbage-first heap   total 270336K, used 207483K [0x0000000080000000, 0x0000000100000000)
  region size 1024K, 4 young (4096K), 4 survivors (4096K)
 Metaspace       used 133492K, capacity 137629K, committed 137676K, reserved 1169408K
  class space    used 16977K, capacity 18432K, committed 18432K, reserved 1048576K
}
Event: 215.467 GC heap before
{Heap before GC invocations=66 (full 0):
 garbage-first heap   total 270336K, used 226939K [0x0000000080000000, 0x0000000100000000)
  region size 1024K, 24 young (24576K), 4 survivors (4096K)
 Metaspace       used 133540K, capacity 137636K, committed 138060K, reserved 1169408K
  class space    used 16969K, capacity 18406K, committed 18560K, reserved 1048576K
}
Event: 215.475 GC heap after
{Heap after GC invocations=67 (full 0):
 garbage-first heap   total 270336K, used 215733K [0x0000000080000000, 0x0000000100000000)
  region size 1024K, 3 young (3072K), 3 survivors (3072K)
 Metaspace       used 133540K, capacity 137636K, committed 138060K, reserved 1169408K
  class space    used 16969K, capacity 18406K, committed 18560K, reserved 1048576K
}
Event: 215.554 GC heap before
{Heap before GC invocations=67 (full 0):
 garbage-first heap   total 270336K, used 230069K [0x0000000080000000, 0x0000000100000000)
  region size 1024K, 18 young (18432K), 3 survivors (3072K)
 Metaspace       used 133719K, capacity 137767K, committed 138060K, reserved 1169408K
  class space    used 17006K, capacity 18428K, committed 18560K, reserved 1048576K
}
Event: 215.561 GC heap after
{Heap after GC invocations=68 (full 0):
 garbage-first heap   total 270336K, used 221184K [0x0000000080000000, 0x0000000100000000)
  region size 1024K, 3 young (3072K), 3 survivors (3072K)
 Metaspace       used 133719K, capacity 137767K, committed 138060K, reserved 1169408K
  class space    used 17006K, capacity 18428K, committed 18560K, reserved 1048576K
}
Event: 215.607 GC heap before
{Heap before GC invocations=69 (full 0):
 garbage-first heap   total 270336K, used 233472K [0x0000000080000000, 0x0000000100000000)
  region size 1024K, 15 young (15360K), 3 survivors (3072K)
 Metaspace       used 134003K, capacity 138095K, committed 138316K, reserved 1169408K
  class space    used 17058K, capacity 18494K, committed 18560K, reserved 1048576K
}
Event: 215.613 GC heap after
{Heap after GC invocations=70 (full 0):
 garbage-first heap   total 270336K, used 224930K [0x0000000080000000, 0x0000000100000000)
  region size 1024K, 2 young (2048K), 2 survivors (2048K)
 Metaspace       used 134003K, capacity 138095K, committed 138316K, reserved 1169408K
  class space    used 17058K, capacity 18494K, committed 18560K, reserved 1048576K
}

