# JRE version: OpenJDK Runtime Environment (11.0.10) (build 11.0.10+0-b96-7249189)
# Java VM: OpenJDK 64-Bit Server VM (11.0.10+0-b96-7249189, mixed mode, tiered, compressed oops, g1 gc, windows-amd64)
Heap:
 garbage-first heap   total 386048K, used 175503K [0x0000000080000000, 0x0000000100000000)
  region size 1024K, 26 young (26624K), 7 survivors (7168K)
 Metaspace       used 123079K, capacity 126232K, committed 126668K, reserved 1159168K
  class space    used 15271K, capacity 16472K, committed 16640K, reserved 1048576K
GC Heap History (20 events):
Event: 141.098 GC heap before
{Heap before GC invocations=59 (full 0):
 garbage-first heap   total 300032K, used 254285K [0x0000000080000000, 0x0000000100000000)
  region size 1024K, 94 young (96256K), 5 survivors (5120K)
 Metaspace       used 122217K, capacity 125255K, committed 126156K, reserved 1159168K
  class space    used 15168K, capacity 16344K, committed 16640K, reserved 1048576K
}
Event: 141.118 GC heap after
{Heap after GC invocations=60 (full 0):
 garbage-first heap   total 300032K, used 164497K [0x0000000080000000, 0x0000000100000000)
  region size 1024K, 6 young (6144K), 6 survivors (6144K)
 Metaspace       used 122217K, capacity 125255K, committed 126156K, reserved 1159168K
  class space    used 15168K, capacity 16344K, committed 16640K, reserved 1048576K
}
Event: 141.159 GC heap before
{Heap before GC invocations=60 (full 0):
 garbage-first heap   total 300032K, used 172689K [0x0000000080000000, 0x0000000100000000)
  region size 1024K, 14 young (14336K), 6 survivors (6144K)
 Metaspace       used 122256K, capacity 125327K, committed 126156K, reserved 1159168K
  class space    used 15168K, capacity 16344K, committed 16640K, reserved 1048576K
}
Event: 141.307 GC heap after
{Heap after GC invocations=61 (full 0):
 garbage-first heap   total 300032K, used 147581K [0x0000000080000000, 0x0000000100000000)
  region size 1024K, 1 young (1024K), 1 survivors (1024K)
 Metaspace       used 122256K, capacity 125327K, committed 126156K, reserved 1159168K
  class space    used 15168K, capacity 16344K, committed 16640K, reserved 1048576K
}
Event: 141.403 GC heap before
{Heap before GC invocations=61 (full 0):
 garbage-first heap   total 300032K, used 160893K [0x0000000080000000, 0x0000000100000000)
  region size 1024K, 14 young (14336K), 1 survivors (1024K)
 Metaspace       used 122288K, capacity 125343K, committed 126156K, reserved 1159168K
  class space    used 15168K, capacity 16344K, committed 16640K, reserved 1048576K
}
Event: 141.413 GC heap after
{Heap after GC invocations=62 (full 0):
 garbage-first heap   total 300032K, used 147889K [0x0000000080000000, 0x0000000100000000)
  region size 1024K, 1 young (1024K), 1 survivors (1024K)
 Metaspace       used 122288K, capacity 125343K, committed 126156K, reserved 1159168K
  class space    used 15168K, capacity 16344K, committed 16640K, reserved 1048576K
}
Event: 142.488 GC heap before
{Heap before GC invocations=62 (full 0):
 garbage-first heap   total 300032K, used 248241K [0x0000000080000000, 0x0000000100000000)
  region size 1024K, 99 young (101376K), 1 survivors (1024K)
 Metaspace       used 122324K, capacity 125414K, committed 126156K, reserved 1159168K
  class space    used 15168K, capacity 16344K, committed 16640K, reserved 1048576K
}
Event: 142.500 GC heap after
{Heap after GC invocations=63 (full 0):
 garbage-first heap   total 300032K, used 148685K [0x0000000080000000, 0x0000000100000000)
  region size 1024K, 2 young (2048K), 2 survivors (2048K)
 Metaspace       used 122324K, capacity 125414K, committed 126156K, reserved 1159168K
  class space    used 15168K, capacity 16344K, committed 16640K, reserved 1048576K
}
Event: 143.236 GC heap before
{Heap before GC invocations=63 (full 0):
 garbage-first heap   total 300032K, used 252109K [0x0000000080000000, 0x0000000100000000)
  region size 1024K, 102 young (104448K), 2 survivors (2048K)
 Metaspace       used 122386K, capacity 125428K, committed 126156K, reserved 1159168K
  class space    used 15171K, capacity 16344K, committed 16640K, reserved 1048576K
}
Event: 143.250 GC heap after
{Heap after GC invocations=64 (full 0):
 garbage-first heap   total 300032K, used 152469K [0x0000000080000000, 0x0000000100000000)
  region size 1024K, 5 young (5120K), 5 survivors (5120K)
 Metaspace       used 122386K, capacity 125428K, committed 126156K, reserved 1159168K
  class space    used 15171K, capacity 16344K, committed 16640K, reserved 1048576K
}
Event: 143.757 GC heap before
{Heap before GC invocations=64 (full 0):
 garbage-first heap   total 300032K, used 252821K [0x0000000080000000, 0x0000000100000000)
  region size 1024K, 103 young (105472K), 5 survivors (5120K)
 Metaspace       used 122393K, capacity 125430K, committed 126156K, reserved 1159168K
  class space    used 15171K, capacity 16344K, committed 16640K, reserved 1048576K
}
Event: 143.771 GC heap after
{Heap after GC invocations=65 (full 0):
 garbage-first heap   total 300032K, used 152371K [0x0000000080000000, 0x0000000100000000)
  region size 1024K, 5 young (5120K), 5 survivors (5120K)
 Metaspace       used 122393K, capacity 125430K, committed 126156K, reserved 1159168K
  class space    used 15171K, capacity 16344K, committed 16640K, reserved 1048576K
}
Event: 144.642 GC heap before
{Heap before GC invocations=65 (full 0):
 garbage-first heap   total 300032K, used 253747K [0x0000000080000000, 0x0000000100000000)
  region size 1024K, 104 young (106496K), 5 survivors (5120K)
 Metaspace       used 122396K, capacity 125431K, committed 126156K, reserved 1159168K
  class space    used 15171K, capacity 16344K, committed 16640K, reserved 1048576K
}
Event: 144.652 GC heap after
{Heap after GC invocations=66 (full 0):
 garbage-first heap   total 300032K, used 152783K [0x0000000080000000, 0x0000000100000000)
  region size 1024K, 6 young (6144K), 6 survivors (6144K)
 Metaspace       used 122396K, capacity 125431K, committed 126156K, reserved 1159168K
  class space    used 15171K, capacity 16344K, committed 16640K, reserved 1048576K
}
Event: 146.031 GC heap before
{Heap before GC invocations=66 (full 0):
 garbage-first heap   total 300032K, used 255183K [0x0000000080000000, 0x0000000100000000)
  region size 1024K, 106 young (108544K), 6 survivors (6144K)
 Metaspace       used 122420K, capacity 125498K, committed 126156K, reserved 1159168K
  class space    used 15172K, capacity 16344K, committed 16640K, reserved 1048576K
}
Event: 146.043 GC heap after
{Heap after GC invocations=67 (full 0):
 garbage-first heap   total 300032K, used 153033K [0x0000000080000000, 0x0000000100000000)
  region size 1024K, 6 young (6144K), 6 survivors (6144K)
 Metaspace       used 122420K, capacity 125498K, committed 126156K, reserved 1159168K
  class space    used 15172K, capacity 16344K, committed 16640K, reserved 1048576K
}
Event: 147.085 GC heap before
{Heap before GC invocations=67 (full 0):
 garbage-first heap   total 300032K, used 256457K [0x0000000080000000, 0x0000000100000000)
  region size 1024K, 107 young (109568K), 6 survivors (6144K)
 Metaspace       used 122770K, capacity 125849K, committed 126412K, reserved 1159168K
  class space    used 15211K, capacity 16386K, committed 16640K, reserved 1048576K
}
Event: 147.105 GC heap after
{Heap after GC invocations=68 (full 0):
 garbage-first heap   total 300032K, used 156131K [0x0000000080000000, 0x0000000100000000)
  region size 1024K, 9 young (9216K), 9 survivors (9216K)
 Metaspace       used 122770K, capacity 125849K, committed 126412K, reserved 1159168K
  class space    used 15211K, capacity 16386K, committed 16640K, reserved 1048576K
}
Event: 148.040 GC heap before
{Heap before GC invocations=68 (full 0):
 garbage-first heap   total 300032K, used 257507K [0x0000000080000000, 0x0000000100000000)
  region size 1024K, 108 young (110592K), 9 survivors (9216K)
 Metaspace       used 123065K, capacity 126220K, committed 126668K, reserved 1159168K
  class space    used 15270K, capacity 16470K, committed 16640K, reserved 1048576K
}
Event: 148.066 GC heap after
{Heap after GC invocations=69 (full 0):
 garbage-first heap   total 386048K, used 157071K [0x0000000080000000, 0x0000000100000000)
  region size 1024K, 7 young (7168K), 7 survivors (7168K)
 Metaspace       used 123065K, capacity 126220K, committed 126668K, reserved 1159168K
  class space    used 15270K, capacity 16470K, committed 16640K, reserved 1048576K
}

