# JRE version: OpenJDK Runtime Environment (11.0.10) (build 11.0.10+0-b96-7249189)
# Java VM: OpenJDK 64-Bit Server VM (11.0.10+0-b96-7249189, mixed mode, tiered, compressed oops, g1 gc, windows-amd64)
Heap:
 garbage-first heap   total 464896K, used 215099K [0x0000000080000000, 0x0000000100000000)
  region size 1024K, 3 young (3072K), 3 survivors (3072K)
 Metaspace       used 144426K, capacity 149146K, committed 149376K, reserved 1179648K
  class space    used 18100K, capacity 19801K, committed 19840K, reserved 1048576K
GC Heap History (20 events):
Event: 346.800 GC heap after
{Heap after GC invocations=69 (full 0):
 garbage-first heap   total 324608K, used 193833K [0x0000000080000000, 0x0000000100000000)
  region size 1024K, 11 young (11264K), 11 survivors (11264K)
 Metaspace       used 138304K, capacity 142739K, committed 142848K, reserved 1173504K
  class space    used 17304K, capacity 18900K, committed 18944K, reserved 1048576K
}
Event: 347.212 GC heap before
{Heap before GC invocations=69 (full 0):
 garbage-first heap   total 324608K, used 261417K [0x0000000080000000, 0x0000000100000000)
  region size 1024K, 77 young (78848K), 11 survivors (11264K)
 Metaspace       used 140206K, capacity 144725K, committed 145024K, reserved 1175552K
  class space    used 17603K, capacity 19241K, committed 19328K, reserved 1048576K
}
Event: 347.362 GC heap after
{Heap after GC invocations=70 (full 0):
 garbage-first heap   total 324608K, used 206480K [0x0000000080000000, 0x0000000100000000)
  region size 1024K, 10 young (10240K), 10 survivors (10240K)
 Metaspace       used 140206K, capacity 144725K, committed 145024K, reserved 1175552K
  class space    used 17603K, capacity 19241K, committed 19328K, reserved 1048576K
}
Event: 347.672 GC heap before
{Heap before GC invocations=70 (full 0):
 garbage-first heap   total 324608K, used 265871K [0x0000000080000000, 0x0000000100000000)
  region size 1024K, 68 young (69632K), 10 survivors (10240K)
 Metaspace       used 141156K, capacity 145729K, committed 145920K, reserved 1175552K
  class space    used 17752K, capacity 19397K, committed 19456K, reserved 1048576K
}
Event: 347.707 GC heap after
{Heap after GC invocations=71 (full 0):
 garbage-first heap   total 324608K, used 216635K [0x0000000080000000, 0x0000000100000000)
  region size 1024K, 9 young (9216K), 9 survivors (9216K)
 Metaspace       used 141156K, capacity 145729K, committed 145920K, reserved 1175552K
  class space    used 17752K, capacity 19397K, committed 19456K, reserved 1048576K
}
Event: 348.139 GC heap before
{Heap before GC invocations=71 (full 0):
 garbage-first heap   total 324608K, used 269883K [0x0000000080000000, 0x0000000100000000)
  region size 1024K, 61 young (62464K), 9 survivors (9216K)
 Metaspace       used 141960K, capacity 146567K, committed 146816K, reserved 1177600K
  class space    used 17860K, capacity 19525K, committed 19584K, reserved 1048576K
}
Event: 348.160 GC heap after
{Heap after GC invocations=72 (full 0):
 garbage-first heap   total 324608K, used 220505K [0x0000000080000000, 0x0000000100000000)
  region size 1024K, 5 young (5120K), 5 survivors (5120K)
 Metaspace       used 141960K, capacity 146567K, committed 146816K, reserved 1177600K
  class space    used 17860K, capacity 19525K, committed 19584K, reserved 1048576K
}
Event: 349.070 GC heap before
{Heap before GC invocations=73 (full 0):
 garbage-first heap   total 324608K, used 272729K [0x0000000080000000, 0x0000000100000000)
  region size 1024K, 56 young (57344K), 5 survivors (5120K)
 Metaspace       used 141928K, capacity 146426K, committed 146816K, reserved 1177600K
  class space    used 17845K, capacity 19470K, committed 19584K, reserved 1048576K
}
Event: 349.081 GC heap after
{Heap after GC invocations=74 (full 0):
 garbage-first heap   total 324608K, used 221166K [0x0000000080000000, 0x0000000100000000)
  region size 1024K, 2 young (2048K), 2 survivors (2048K)
 Metaspace       used 141928K, capacity 146426K, committed 146816K, reserved 1177600K
  class space    used 17845K, capacity 19470K, committed 19584K, reserved 1048576K
}
Event: 349.174 GC heap before
{Heap before GC invocations=74 (full 0):
 garbage-first heap   total 324608K, used 234478K [0x0000000080000000, 0x0000000100000000)
  region size 1024K, 15 young (15360K), 2 survivors (2048K)
 Metaspace       used 141949K, capacity 146493K, committed 146816K, reserved 1177600K
  class space    used 17847K, capacity 19471K, committed 19584K, reserved 1048576K
}
Event: 349.197 GC heap after
{Heap after GC invocations=75 (full 0):
 garbage-first heap   total 324608K, used 216967K [0x0000000080000000, 0x0000000100000000)
  region size 1024K, 2 young (2048K), 2 survivors (2048K)
 Metaspace       used 141949K, capacity 146493K, committed 146816K, reserved 1177600K
  class space    used 17847K, capacity 19471K, committed 19584K, reserved 1048576K
}
Event: 349.435 GC heap before
{Heap before GC invocations=75 (full 0):
 garbage-first heap   total 324608K, used 273287K [0x0000000080000000, 0x0000000100000000)
  region size 1024K, 57 young (58368K), 2 survivors (2048K)
 Metaspace       used 142167K, capacity 146695K, committed 147072K, reserved 1177600K
  class space    used 17854K, capacity 19471K, committed 19584K, reserved 1048576K
}
Event: 349.443 GC heap after
{Heap after GC invocations=76 (full 0):
 garbage-first heap   total 324608K, used 217581K [0x0000000080000000, 0x0000000100000000)
  region size 1024K, 2 young (2048K), 2 survivors (2048K)
 Metaspace       used 142167K, capacity 146695K, committed 147072K, reserved 1177600K
  class space    used 17854K, capacity 19471K, committed 19584K, reserved 1048576K
}
Event: 350.099 GC heap before
{Heap before GC invocations=76 (full 0):
 garbage-first heap   total 324608K, used 275949K [0x0000000080000000, 0x0000000100000000)
  region size 1024K, 60 young (61440K), 2 survivors (2048K)
 Metaspace       used 142795K, capacity 147221K, committed 147968K, reserved 1177600K
  class space    used 17873K, capacity 19462K, committed 19712K, reserved 1048576K
}
Event: 350.109 GC heap after
{Heap after GC invocations=77 (full 0):
 garbage-first heap   total 324608K, used 217271K [0x0000000080000000, 0x0000000100000000)
  region size 1024K, 2 young (2048K), 2 survivors (2048K)
 Metaspace       used 142795K, capacity 147221K, committed 147968K, reserved 1177600K
  class space    used 17873K, capacity 19462K, committed 19712K, reserved 1048576K
}
Event: 350.531 GC heap before
{Heap before GC invocations=78 (full 0):
 garbage-first heap   total 324608K, used 277687K [0x0000000080000000, 0x0000000100000000)
  region size 1024K, 61 young (62464K), 2 survivors (2048K)
 Metaspace       used 143503K, capacity 148091K, committed 148224K, reserved 1177600K
  class space    used 17981K, capacity 19646K, committed 19712K, reserved 1048576K
}
Event: 350.542 GC heap after
{Heap after GC invocations=79 (full 0):
 garbage-first heap   total 324608K, used 217876K [0x0000000080000000, 0x0000000100000000)
  region size 1024K, 2 young (2048K), 2 survivors (2048K)
 Metaspace       used 143503K, capacity 148091K, committed 148224K, reserved 1177600K
  class space    used 17981K, capacity 19646K, committed 19712K, reserved 1048576K
}
Event: 350.650 GC heap before
{Heap before GC invocations=79 (full 0):
 garbage-first heap   total 324608K, used 230164K [0x0000000080000000, 0x0000000100000000)
  region size 1024K, 15 young (15360K), 2 survivors (2048K)
 Metaspace       used 143817K, capacity 148391K, committed 148480K, reserved 1177600K
  class space    used 18022K, capacity 19680K, committed 19712K, reserved 1048576K
}
Event: 350.704 GC heap after
{Heap after GC invocations=80 (full 0):
 garbage-first heap   total 324608K, used 214464K [0x0000000080000000, 0x0000000100000000)
  region size 1024K, 2 young (2048K), 2 survivors (2048K)
 Metaspace       used 143817K, capacity 148391K, committed 148480K, reserved 1177600K
  class space    used 18022K, capacity 19680K, committed 19712K, reserved 1048576K
}
Event: 351.098 GC heap before
{Heap before GC invocations=80 (full 0):
 garbage-first heap   total 324608K, used 274880K [0x0000000080000000, 0x0000000100000000)
  region size 1024K, 63 young (64512K), 2 survivors (2048K)
 Metaspace       used 144426K, capacity 149146K, committed 149376K, reserved 1179648K
  class space    used 18100K, capacity 19801K, committed 19840K, reserved 1048576K
}

