# JRE version: OpenJDK Runtime Environment (11.0.10) (build 11.0.10+0-b96-7249189)
# Java VM: OpenJDK 64-Bit Server VM (11.0.10+0-b96-7249189, mixed mode, tiered, compressed oops, g1 gc, windows-amd64)
Heap:
 garbage-first heap   total 187392K, used 142136K [0x0000000080000000, 0x0000000100000000)
  region size 1024K, 80 young (81920K), 10 survivors (10240K)
 Metaspace       used 86488K, capacity 88534K, committed 88780K, reserved 1126400K
  class space    used 11170K, capacity 11953K, committed 12032K, reserved 1048576K
GC Heap History (20 events):
Event: 6.353 GC heap before
{Heap before GC invocations=7 (full 0):
 garbage-first heap   total 129024K, used 23732K [0x0000000080000000, 0x0000000100000000)
  region size 1024K, 10 young (10240K), 6 survivors (6144K)
 Metaspace       used 34984K, capacity 35800K, committed 35840K, reserved 1081344K
  class space    used 4533K, capacity 4833K, committed 4864K, reserved 1048576K
}
Event: 6.363 GC heap after
{Heap after GC invocations=8 (full 0):
 garbage-first heap   total 129024K, used 22067K [0x0000000080000000, 0x0000000100000000)
  region size 1024K, 4 young (4096K), 4 survivors (4096K)
 Metaspace       used 34984K, capacity 35800K, committed 35840K, reserved 1081344K
  class space    used 4533K, capacity 4833K, committed 4864K, reserved 1048576K
}
Event: 7.101 GC heap before
{Heap before GC invocations=9 (full 0):
 garbage-first heap   total 129024K, used 78387K [0x0000000080000000, 0x0000000100000000)
  region size 1024K, 56 young (57344K), 4 survivors (4096K)
 Metaspace       used 38700K, capacity 39634K, committed 39884K, reserved 1083392K
  class space    used 4935K, capacity 5252K, committed 5376K, reserved 1048576K
}
Event: 7.111 GC heap after
{Heap after GC invocations=10 (full 0):
 garbage-first heap   total 129024K, used 26067K [0x0000000080000000, 0x0000000100000000)
  region size 1024K, 7 young (7168K), 7 survivors (7168K)
 Metaspace       used 38700K, capacity 39634K, committed 39884K, reserved 1083392K
  class space    used 4935K, capacity 5252K, committed 5376K, reserved 1048576K
}
Event: 7.960 GC heap before
{Heap before GC invocations=10 (full 0):
 garbage-first heap   total 129024K, used 80339K [0x0000000080000000, 0x0000000100000000)
  region size 1024K, 60 young (61440K), 7 survivors (7168K)
 Metaspace       used 43509K, capacity 44591K, committed 44876K, reserved 1087488K
  class space    used 5557K, capacity 5961K, committed 6016K, reserved 1048576K
}
Event: 7.975 GC heap after
{Heap after GC invocations=11 (full 0):
 garbage-first heap   total 155648K, used 29146K [0x0000000080000000, 0x0000000100000000)
  region size 1024K, 7 young (7168K), 7 survivors (7168K)
 Metaspace       used 43509K, capacity 44591K, committed 44876K, reserved 1087488K
  class space    used 5557K, capacity 5961K, committed 6016K, reserved 1048576K
}
Event: 9.486 GC heap before
{Heap before GC invocations=11 (full 0):
 garbage-first heap   total 155648K, used 93658K [0x0000000080000000, 0x0000000100000000)
  region size 1024K, 71 young (72704K), 7 survivors (7168K)
 Metaspace       used 47151K, capacity 48431K, committed 48716K, reserved 1091584K
  class space    used 6022K, capacity 6490K, committed 6528K, reserved 1048576K
}
Event: 9.498 GC heap after
{Heap after GC invocations=12 (full 0):
 garbage-first heap   total 155648K, used 34432K [0x0000000080000000, 0x0000000100000000)
  region size 1024K, 8 young (8192K), 8 survivors (8192K)
 Metaspace       used 47151K, capacity 48431K, committed 48716K, reserved 1091584K
  class space    used 6022K, capacity 6490K, committed 6528K, reserved 1048576K
}
Event: 11.090 GC heap before
{Heap before GC invocations=12 (full 0):
 garbage-first heap   total 155648K, used 110208K [0x0000000080000000, 0x0000000100000000)
  region size 1024K, 75 young (76800K), 8 survivors (8192K)
 Metaspace       used 54081K, capacity 55481K, committed 55628K, reserved 1097728K
  class space    used 6873K, capacity 7438K, committed 7552K, reserved 1048576K
}
Event: 11.106 GC heap after
{Heap after GC invocations=13 (full 0):
 garbage-first heap   total 155648K, used 52086K [0x0000000080000000, 0x0000000100000000)
  region size 1024K, 10 young (10240K), 10 survivors (10240K)
 Metaspace       used 54081K, capacity 55481K, committed 55628K, reserved 1097728K
  class space    used 6873K, capacity 7438K, committed 7552K, reserved 1048576K
}
Event: 12.306 GC heap before
{Heap before GC invocations=13 (full 0):
 garbage-first heap   total 155648K, used 78710K [0x0000000080000000, 0x0000000100000000)
  region size 1024K, 37 young (37888K), 10 survivors (10240K)
 Metaspace       used 58622K, capacity 60111K, committed 60236K, reserved 1101824K
  class space    used 7397K, capacity 7975K, committed 8064K, reserved 1048576K
}
Event: 12.340 GC heap after
{Heap after GC invocations=14 (full 0):
 garbage-first heap   total 155648K, used 53453K [0x0000000080000000, 0x0000000100000000)
  region size 1024K, 2 young (2048K), 2 survivors (2048K)
 Metaspace       used 58622K, capacity 60111K, committed 60236K, reserved 1101824K
  class space    used 7397K, capacity 7975K, committed 8064K, reserved 1048576K
}
Event: 15.714 GC heap before
{Heap before GC invocations=15 (full 0):
 garbage-first heap   total 155648K, used 113869K [0x0000000080000000, 0x0000000100000000)
  region size 1024K, 61 young (62464K), 2 survivors (2048K)
 Metaspace       used 64687K, capacity 66201K, committed 66380K, reserved 1107968K
  class space    used 8159K, capacity 8735K, committed 8832K, reserved 1048576K
}
Event: 15.725 GC heap after
{Heap after GC invocations=16 (full 0):
 garbage-first heap   total 187392K, used 57380K [0x0000000080000000, 0x0000000100000000)
  region size 1024K, 6 young (6144K), 6 survivors (6144K)
 Metaspace       used 64687K, capacity 66201K, committed 66380K, reserved 1107968K
  class space    used 8159K, capacity 8735K, committed 8832K, reserved 1048576K
}
Event: 16.812 GC heap before
{Heap before GC invocations=16 (full 0):
 garbage-first heap   total 187392K, used 132132K [0x0000000080000000, 0x0000000100000000)
  region size 1024K, 79 young (80896K), 6 survivors (6144K)
 Metaspace       used 68490K, capacity 70180K, committed 70476K, reserved 1110016K
  class space    used 8614K, capacity 9263K, committed 9344K, reserved 1048576K
}
Event: 16.826 GC heap after
{Heap after GC invocations=17 (full 0):
 garbage-first heap   total 187392K, used 63201K [0x0000000080000000, 0x0000000100000000)
  region size 1024K, 10 young (10240K), 10 survivors (10240K)
 Metaspace       used 68490K, capacity 70180K, committed 70476K, reserved 1110016K
  class space    used 8614K, capacity 9263K, committed 9344K, reserved 1048576K
}
Event: 17.939 GC heap before
{Heap before GC invocations=17 (full 0):
 garbage-first heap   total 187392K, used 137953K [0x0000000080000000, 0x0000000100000000)
  region size 1024K, 83 young (84992K), 10 survivors (10240K)
 Metaspace       used 74131K, capacity 75818K, committed 75980K, reserved 1116160K
  class space    used 9513K, capacity 10155K, committed 10240K, reserved 1048576K
}
Event: 17.960 GC heap after
{Heap after GC invocations=18 (full 0):
 garbage-first heap   total 187392K, used 68484K [0x0000000080000000, 0x0000000100000000)
  region size 1024K, 6 young (6144K), 6 survivors (6144K)
 Metaspace       used 74131K, capacity 75818K, committed 75980K, reserved 1116160K
  class space    used 9513K, capacity 10155K, committed 10240K, reserved 1048576K
}
Event: 19.573 GC heap before
{Heap before GC invocations=18 (full 0):
 garbage-first heap   total 187392K, used 142212K [0x0000000080000000, 0x0000000100000000)
  region size 1024K, 78 young (79872K), 6 survivors (6144K)
 Metaspace       used 81345K, capacity 83071K, committed 83148K, reserved 1122304K
  class space    used 10514K, capacity 11188K, committed 11264K, reserved 1048576K
}
Event: 19.588 GC heap after
{Heap after GC invocations=19 (full 0):
 garbage-first heap   total 187392K, used 72504K [0x0000000080000000, 0x0000000100000000)
  region size 1024K, 10 young (10240K), 10 survivors (10240K)
 Metaspace       used 81345K, capacity 83071K, committed 83148K, reserved 1122304K
  class space    used 10514K, capacity 11188K, committed 11264K, reserved 1048576K
}

