# JRE version: OpenJDK Runtime Environment (11.0.10) (build 11.0.10+0-b96-7249189)
# Java VM: OpenJDK 64-Bit Server VM (11.0.10+0-b96-7249189, mixed mode, tiered, compressed oops, g1 gc, windows-amd64)
Heap:
 garbage-first heap   total 324608K, used 171814K [0x0000000080000000, 0x0000000100000000)
  region size 1024K, 6 young (6144K), 6 survivors (6144K)
 Metaspace       used 103648K, capacity 106512K, committed 106700K, reserved 1140736K
  class space    used 13583K, capacity 14722K, committed 14848K, reserved 1048576K
GC Heap History (20 events):
Event: 16.897 GC heap after
{Heap after GC invocations=22 (full 0):
 garbage-first heap   total 225280K, used 93362K [0x0000000080000000, 0x0000000100000000)
  region size 1024K, 9 young (9216K), 9 survivors (9216K)
 Metaspace       used 88408K, capacity 90731K, committed 91084K, reserved 1128448K
  class space    used 11344K, capacity 12181K, committed 12288K, reserved 1048576K
}
Event: 17.923 GC heap before
{Heap before GC invocations=22 (full 0):
 garbage-first heap   total 225280K, used 170162K [0x0000000080000000, 0x0000000100000000)
  region size 1024K, 85 young (87040K), 9 survivors (9216K)
 Metaspace       used 92661K, capacity 94926K, committed 95180K, reserved 1132544K
  class space    used 11858K, capacity 12719K, committed 12800K, reserved 1048576K
}
Event: 17.935 GC heap after
{Heap after GC invocations=23 (full 0):
 garbage-first heap   total 225280K, used 95453K [0x0000000080000000, 0x0000000100000000)
  region size 1024K, 3 young (3072K), 3 survivors (3072K)
 Metaspace       used 92661K, capacity 94926K, committed 95180K, reserved 1132544K
  class space    used 11858K, capacity 12719K, committed 12800K, reserved 1048576K
}
Event: 18.584 GC heap before
{Heap before GC invocations=23 (full 0):
 garbage-first heap   total 225280K, used 174301K [0x0000000080000000, 0x0000000100000000)
  region size 1024K, 81 young (82944K), 3 survivors (3072K)
 Metaspace       used 93167K, capacity 95527K, committed 95820K, reserved 1132544K
  class space    used 11924K, capacity 12828K, committed 12928K, reserved 1048576K
}
Event: 18.594 GC heap after
{Heap after GC invocations=24 (full 0):
 garbage-first heap   total 225280K, used 100393K [0x0000000080000000, 0x0000000100000000)
  region size 1024K, 8 young (8192K), 8 survivors (8192K)
 Metaspace       used 93167K, capacity 95527K, committed 95820K, reserved 1132544K
  class space    used 11924K, capacity 12828K, committed 12928K, reserved 1048576K
}
Event: 19.146 GC heap before
{Heap before GC invocations=24 (full 0):
 garbage-first heap   total 225280K, used 178217K [0x0000000080000000, 0x0000000100000000)
  region size 1024K, 84 young (86016K), 8 survivors (8192K)
 Metaspace       used 95309K, capacity 97745K, committed 97868K, reserved 1134592K
  class space    used 12239K, capacity 13139K, committed 13184K, reserved 1048576K
}
Event: 19.162 GC heap after
{Heap after GC invocations=25 (full 0):
 garbage-first heap   total 225280K, used 121940K [0x0000000080000000, 0x0000000100000000)
  region size 1024K, 11 young (11264K), 11 survivors (11264K)
 Metaspace       used 95309K, capacity 97745K, committed 97868K, reserved 1134592K
  class space    used 12239K, capacity 13139K, committed 13184K, reserved 1048576K
}
Event: 19.780 GC heap before
{Heap before GC invocations=25 (full 0):
 garbage-first heap   total 225280K, used 176212K [0x0000000080000000, 0x0000000100000000)
  region size 1024K, 65 young (66560K), 11 survivors (11264K)
 Metaspace       used 97401K, capacity 100027K, committed 100044K, reserved 1136640K
  class space    used 12563K, capacity 13553K, committed 13568K, reserved 1048576K
}
Event: 19.805 GC heap after
{Heap after GC invocations=26 (full 0):
 garbage-first heap   total 225280K, used 138718K [0x0000000080000000, 0x0000000100000000)
  region size 1024K, 9 young (9216K), 9 survivors (9216K)
 Metaspace       used 97401K, capacity 100027K, committed 100044K, reserved 1136640K
  class space    used 12563K, capacity 13553K, committed 13568K, reserved 1048576K
}
Event: 20.193 GC heap before
{Heap before GC invocations=27 (full 0):
 garbage-first heap   total 225280K, used 178654K [0x0000000080000000, 0x0000000100000000)
  region size 1024K, 49 young (50176K), 9 survivors (9216K)
 Metaspace       used 98303K, capacity 100814K, committed 101324K, reserved 1136640K
  class space    used 12641K, capacity 13593K, committed 13824K, reserved 1048576K
}
Event: 20.215 GC heap after
{Heap after GC invocations=28 (full 0):
 garbage-first heap   total 225280K, used 143360K [0x0000000080000000, 0x0000000100000000)
  region size 1024K, 7 young (7168K), 7 survivors (7168K)
 Metaspace       used 98303K, capacity 100814K, committed 101324K, reserved 1136640K
  class space    used 12641K, capacity 13593K, committed 13824K, reserved 1048576K
}
Event: 20.397 GC heap before
{Heap before GC invocations=28 (full 0):
 garbage-first heap   total 225280K, used 180224K [0x0000000080000000, 0x0000000100000000)
  region size 1024K, 44 young (45056K), 7 survivors (7168K)
 Metaspace       used 99711K, capacity 102512K, committed 102604K, reserved 1138688K
  class space    used 12934K, capacity 14043K, committed 14080K, reserved 1048576K
}
Event: 20.412 GC heap after
{Heap after GC invocations=29 (full 0):
 garbage-first heap   total 270336K, used 151935K [0x0000000080000000, 0x0000000100000000)
  region size 1024K, 6 young (6144K), 6 survivors (6144K)
 Metaspace       used 99711K, capacity 102512K, committed 102604K, reserved 1138688K
  class space    used 12934K, capacity 14043K, committed 14080K, reserved 1048576K
}
Event: 20.742 GC heap before
{Heap before GC invocations=29 (full 0):
 garbage-first heap   total 270336K, used 202111K [0x0000000080000000, 0x0000000100000000)
  region size 1024K, 55 young (56320K), 6 survivors (6144K)
 Metaspace       used 100704K, capacity 103386K, committed 103884K, reserved 1138688K
  class space    used 13095K, capacity 14149K, committed 14336K, reserved 1048576K
}
Event: 20.760 GC heap after
{Heap after GC invocations=30 (full 0):
 garbage-first heap   total 270336K, used 161196K [0x0000000080000000, 0x0000000100000000)
  region size 1024K, 7 young (7168K), 7 survivors (7168K)
 Metaspace       used 100704K, capacity 103386K, committed 103884K, reserved 1138688K
  class space    used 13095K, capacity 14149K, committed 14336K, reserved 1048576K
}
Event: 21.193 GC heap before
{Heap before GC invocations=31 (full 0):
 garbage-first heap   total 270336K, used 207276K [0x0000000080000000, 0x0000000100000000)
  region size 1024K, 53 young (54272K), 7 survivors (7168K)
 Metaspace       used 102615K, capacity 105426K, committed 105676K, reserved 1140736K
  class space    used 13417K, capacity 14532K, committed 14592K, reserved 1048576K
}
Event: 21.214 GC heap after
{Heap after GC invocations=32 (full 0):
 garbage-first heap   total 270336K, used 171762K [0x0000000080000000, 0x0000000100000000)
  region size 1024K, 7 young (7168K), 7 survivors (7168K)
 Metaspace       used 102615K, capacity 105426K, committed 105676K, reserved 1140736K
  class space    used 13417K, capacity 14532K, committed 14592K, reserved 1048576K
}
Event: 21.245 GC heap before
{Heap before GC invocations=32 (full 0):
 garbage-first heap   total 270336K, used 177906K [0x0000000080000000, 0x0000000100000000)
  region size 1024K, 13 young (13312K), 7 survivors (7168K)
 Metaspace       used 102700K, capacity 105496K, committed 105676K, reserved 1140736K
  class space    used 13437K, capacity 14534K, committed 14592K, reserved 1048576K
}
Event: 21.259 GC heap after
{Heap after GC invocations=33 (full 0):
 garbage-first heap   total 270336K, used 165888K [0x0000000080000000, 0x0000000100000000)
  region size 1024K, 2 young (2048K), 2 survivors (2048K)
 Metaspace       used 102700K, capacity 105496K, committed 105676K, reserved 1140736K
  class space    used 13437K, capacity 14534K, committed 14592K, reserved 1048576K
}
Event: 21.449 GC heap before
{Heap before GC invocations=33 (full 0):
 garbage-first heap   total 270336K, used 210944K [0x0000000080000000, 0x0000000100000000)
  region size 1024K, 47 young (48128K), 2 survivors (2048K)
 Metaspace       used 103648K, capacity 106512K, committed 106700K, reserved 1140736K
  class space    used 13583K, capacity 14722K, committed 14848K, reserved 1048576K
}

