# JRE version: OpenJDK Runtime Environment (11.0.10) (build 11.0.10+0-b96-7249189)
# Java VM: OpenJDK 64-Bit Server VM (11.0.10+0-b96-7249189, mixed mode, tiered, compressed oops, g1 gc, windows-amd64)
Heap:
 garbage-first heap   total 270336K, used 120406K [0x0000000080000000, 0x0000000100000000)
  region size 1024K, 9 young (9216K), 9 survivors (9216K)
 Metaspace       used 104622K, capacity 108035K, committed 108280K, reserved 1142784K
  class space    used 13918K, capacity 15289K, committed 15360K, reserved 1048576K
GC Heap History (20 events):
Event: 24.548 GC heap after
{Heap after GC invocations=32 (full 0):
 garbage-first heap   total 155648K, used 91381K [0x0000000080000000, 0x0000000100000000)
  region size 1024K, 4 young (4096K), 4 survivors (4096K)
 Metaspace       used 87083K, capacity 89202K, committed 89592K, reserved 1126400K
  class space    used 11145K, capacity 11953K, committed 12032K, reserved 1048576K
}
Event: 25.019 GC heap before
{Heap before GC invocations=32 (full 0):
 garbage-first heap   total 155648K, used 126197K [0x0000000080000000, 0x0000000100000000)
  region size 1024K, 39 young (39936K), 4 survivors (4096K)
 Metaspace       used 87284K, capacity 89390K, committed 89592K, reserved 1126400K
  class space    used 11159K, capacity 11966K, committed 12032K, reserved 1048576K
}
Event: 25.030 GC heap after
{Heap after GC invocations=33 (full 0):
 garbage-first heap   total 187392K, used 93757K [0x0000000080000000, 0x0000000100000000)
  region size 1024K, 4 young (4096K), 4 survivors (4096K)
 Metaspace       used 87284K, capacity 89390K, committed 89592K, reserved 1126400K
  class space    used 11159K, capacity 11966K, committed 12032K, reserved 1048576K
}
Event: 25.622 GC heap before
{Heap before GC invocations=34 (full 0):
 garbage-first heap   total 187392K, used 142909K [0x0000000080000000, 0x0000000100000000)
  region size 1024K, 53 young (54272K), 4 survivors (4096K)
 Metaspace       used 89588K, capacity 91682K, committed 92024K, reserved 1128448K
  class space    used 11477K, capacity 12275K, committed 12416K, reserved 1048576K
}
Event: 25.631 GC heap after
{Heap after GC invocations=35 (full 0):
 garbage-first heap   total 187392K, used 95028K [0x0000000080000000, 0x0000000100000000)
  region size 1024K, 6 young (6144K), 6 survivors (6144K)
 Metaspace       used 89588K, capacity 91682K, committed 92024K, reserved 1128448K
  class space    used 11477K, capacity 12275K, committed 12416K, reserved 1048576K
}
Event: 26.149 GC heap before
{Heap before GC invocations=35 (full 0):
 garbage-first heap   total 187392K, used 144180K [0x0000000080000000, 0x0000000100000000)
  region size 1024K, 55 young (56320K), 6 survivors (6144K)
 Metaspace       used 91385K, capacity 93571K, committed 93688K, reserved 1130496K
  class space    used 11682K, capacity 12475K, committed 12544K, reserved 1048576K
}
Event: 26.162 GC heap after
{Heap after GC invocations=36 (full 0):
 garbage-first heap   total 187392K, used 98534K [0x0000000080000000, 0x0000000100000000)
  region size 1024K, 7 young (7168K), 7 survivors (7168K)
 Metaspace       used 91385K, capacity 93571K, committed 93688K, reserved 1130496K
  class space    used 11682K, capacity 12475K, committed 12544K, reserved 1048576K
}
Event: 26.565 GC heap before
{Heap before GC invocations=37 (full 0):
 garbage-first heap   total 187392K, used 147686K [0x0000000080000000, 0x0000000100000000)
  region size 1024K, 56 young (57344K), 7 survivors (7168K)
 Metaspace       used 91397K, capacity 93573K, committed 93688K, reserved 1130496K
  class space    used 11682K, capacity 12475K, committed 12544K, reserved 1048576K
}
Event: 26.577 GC heap after
{Heap after GC invocations=38 (full 0):
 garbage-first heap   total 187392K, used 100352K [0x0000000080000000, 0x0000000100000000)
  region size 1024K, 4 young (4096K), 4 survivors (4096K)
 Metaspace       used 91397K, capacity 93573K, committed 93688K, reserved 1130496K
  class space    used 11682K, capacity 12475K, committed 12544K, reserved 1048576K
}
Event: 26.701 GC heap before
{Heap before GC invocations=38 (full 0):
 garbage-first heap   total 187392K, used 113664K [0x0000000080000000, 0x0000000100000000)
  region size 1024K, 18 young (18432K), 4 survivors (4096K)
 Metaspace       used 91699K, capacity 93894K, committed 93944K, reserved 1130496K
  class space    used 11730K, capacity 12537K, committed 12544K, reserved 1048576K
}
Event: 26.713 GC heap after
{Heap after GC invocations=39 (full 0):
 garbage-first heap   total 225280K, used 101750K [0x0000000080000000, 0x0000000100000000)
  region size 1024K, 3 young (3072K), 3 survivors (3072K)
 Metaspace       used 91699K, capacity 93894K, committed 93944K, reserved 1130496K
  class space    used 11730K, capacity 12537K, committed 12544K, reserved 1048576K
}
Event: 27.257 GC heap before
{Heap before GC invocations=40 (full 0):
 garbage-first heap   total 225280K, used 164214K [0x0000000080000000, 0x0000000100000000)
  region size 1024K, 64 young (65536K), 3 survivors (3072K)
 Metaspace       used 95173K, capacity 97549K, committed 97656K, reserved 1134592K
  class space    used 12282K, capacity 13184K, committed 13184K, reserved 1048576K
}
Event: 27.265 GC heap after
{Heap after GC invocations=41 (full 0):
 garbage-first heap   total 225280K, used 105596K [0x0000000080000000, 0x0000000100000000)
  region size 1024K, 6 young (6144K), 6 survivors (6144K)
 Metaspace       used 95173K, capacity 97549K, committed 97656K, reserved 1134592K
  class space    used 12282K, capacity 13184K, committed 13184K, reserved 1048576K
}
Event: 27.833 GC heap before
{Heap before GC invocations=41 (full 0):
 garbage-first heap   total 225280K, used 169084K [0x0000000080000000, 0x0000000100000000)
  region size 1024K, 68 young (69632K), 6 survivors (6144K)
 Metaspace       used 101469K, capacity 104646K, committed 104952K, reserved 1138688K
  class space    used 13444K, capacity 14725K, committed 14848K, reserved 1048576K
}
Event: 27.847 GC heap after
{Heap after GC invocations=42 (full 0):
 garbage-first heap   total 225280K, used 111951K [0x0000000080000000, 0x0000000100000000)
  region size 1024K, 9 young (9216K), 9 survivors (9216K)
 Metaspace       used 101469K, capacity 104646K, committed 104952K, reserved 1138688K
  class space    used 13444K, capacity 14725K, committed 14848K, reserved 1048576K
}
Event: 28.149 GC heap before
{Heap before GC invocations=42 (full 0):
 garbage-first heap   total 225280K, used 173391K [0x0000000080000000, 0x0000000100000000)
  region size 1024K, 69 young (70656K), 9 survivors (9216K)
 Metaspace       used 103447K, capacity 106757K, committed 106872K, reserved 1140736K
  class space    used 13778K, capacity 15126K, committed 15232K, reserved 1048576K
}
Event: 28.165 GC heap after
{Heap after GC invocations=43 (full 0):
 garbage-first heap   total 225280K, used 114170K [0x0000000080000000, 0x0000000100000000)
  region size 1024K, 3 young (3072K), 3 survivors (3072K)
 Metaspace       used 103447K, capacity 106757K, committed 106872K, reserved 1140736K
  class space    used 13778K, capacity 15126K, committed 15232K, reserved 1048576K
}
Event: 28.521 GC heap before
{Heap before GC invocations=44 (full 0):
 garbage-first heap   total 225280K, used 176634K [0x0000000080000000, 0x0000000100000000)
  region size 1024K, 64 young (65536K), 3 survivors (3072K)
 Metaspace       used 104167K, capacity 107536K, committed 107640K, reserved 1142784K
  class space    used 13855K, capacity 15210K, committed 15232K, reserved 1048576K
}
Event: 28.529 GC heap after
{Heap after GC invocations=45 (full 0):
 garbage-first heap   total 225280K, used 114016K [0x0000000080000000, 0x0000000100000000)
  region size 1024K, 3 young (3072K), 3 survivors (3072K)
 Metaspace       used 104167K, capacity 107536K, committed 107640K, reserved 1142784K
  class space    used 13855K, capacity 15210K, committed 15232K, reserved 1048576K
}
Event: 28.692 GC heap before
{Heap before GC invocations=45 (full 0):
 garbage-first heap   total 225280K, used 177504K [0x0000000080000000, 0x0000000100000000)
  region size 1024K, 66 young (67584K), 3 survivors (3072K)
 Metaspace       used 104622K, capacity 108035K, committed 108280K, reserved 1142784K
  class space    used 13918K, capacity 15289K, committed 15360K, reserved 1048576K
}

