# JRE version: OpenJDK Runtime Environment (11.0.10) (build 11.0.10+0-b96-7249189)
# Java VM: OpenJDK 64-Bit Server VM (11.0.10+0-b96-7249189, mixed mode, tiered, compressed oops, g1 gc, windows-amd64)
Heap:
 garbage-first heap   total 324608K, used 210312K [0x0000000080000000, 0x0000000100000000)
  region size 1024K, 3 young (3072K), 3 survivors (3072K)
 Metaspace       used 130690K, capacity 134457K, committed 134656K, reserved 1165312K
  class space    used 16681K, capacity 18105K, committed 18176K, reserved 1048576K
GC Heap History (20 events):
Event: 67.095 GC heap after
{Heap after GC invocations=58 (full 0):
 garbage-first heap   total 270336K, used 153664K [0x0000000080000000, 0x0000000100000000)
  region size 1024K, 6 young (6144K), 6 survivors (6144K)
 Metaspace       used 122780K, capacity 126107K, committed 126336K, reserved 1159168K
  class space    used 15436K, capacity 16682K, committed 16768K, reserved 1048576K
}
Event: 68.042 GC heap before
{Heap before GC invocations=59 (full 0):
 garbage-first heap   total 270336K, used 223296K [0x0000000080000000, 0x0000000100000000)
  region size 1024K, 74 young (75776K), 6 survivors (6144K)
 Metaspace       used 123374K, capacity 126616K, committed 126848K, reserved 1159168K
  class space    used 15496K, capacity 16732K, committed 16768K, reserved 1048576K
}
Event: 68.064 GC heap after
{Heap after GC invocations=60 (full 0):
 garbage-first heap   total 270336K, used 158909K [0x0000000080000000, 0x0000000100000000)
  region size 1024K, 10 young (10240K), 10 survivors (10240K)
 Metaspace       used 123374K, capacity 126616K, committed 126848K, reserved 1159168K
  class space    used 15496K, capacity 16732K, committed 16768K, reserved 1048576K
}
Event: 68.085 GC heap before
{Heap before GC invocations=60 (full 0):
 garbage-first heap   total 270336K, used 161981K [0x0000000080000000, 0x0000000100000000)
  region size 1024K, 13 young (13312K), 10 survivors (10240K)
 Metaspace       used 123483K, capacity 126785K, committed 126848K, reserved 1159168K
  class space    used 15516K, capacity 16767K, committed 16768K, reserved 1048576K
}
Event: 68.132 GC heap after
{Heap after GC invocations=61 (full 0):
 garbage-first heap   total 270336K, used 157254K [0x0000000080000000, 0x0000000100000000)
  region size 1024K, 2 young (2048K), 2 survivors (2048K)
 Metaspace       used 123483K, capacity 126785K, committed 126848K, reserved 1159168K
  class space    used 15516K, capacity 16767K, committed 16768K, reserved 1048576K
}
Event: 68.581 GC heap before
{Heap before GC invocations=61 (full 0):
 garbage-first heap   total 270336K, used 223814K [0x0000000080000000, 0x0000000100000000)
  region size 1024K, 68 young (69632K), 2 survivors (2048K)
 Metaspace       used 125153K, capacity 128539K, committed 128768K, reserved 1161216K
  class space    used 15764K, capacity 17039K, committed 17152K, reserved 1048576K
}
Event: 68.612 GC heap after
{Heap after GC invocations=62 (full 0):
 garbage-first heap   total 270336K, used 177584K [0x0000000080000000, 0x0000000100000000)
  region size 1024K, 9 young (9216K), 9 survivors (9216K)
 Metaspace       used 125153K, capacity 128539K, committed 128768K, reserved 1161216K
  class space    used 15764K, capacity 17039K, committed 17152K, reserved 1048576K
}
Event: 68.980 GC heap before
{Heap before GC invocations=62 (full 0):
 garbage-first heap   total 270336K, used 220592K [0x0000000080000000, 0x0000000100000000)
  region size 1024K, 52 young (53248K), 9 survivors (9216K)
 Metaspace       used 126141K, capacity 129554K, committed 129792K, reserved 1161216K
  class space    used 15874K, capacity 17142K, committed 17152K, reserved 1048576K
}
Event: 69.015 GC heap after
{Heap after GC invocations=63 (full 0):
 garbage-first heap   total 270336K, used 184601K [0x0000000080000000, 0x0000000100000000)
  region size 1024K, 7 young (7168K), 7 survivors (7168K)
 Metaspace       used 126141K, capacity 129554K, committed 129792K, reserved 1161216K
  class space    used 15874K, capacity 17142K, committed 17152K, reserved 1048576K
}
Event: 69.372 GC heap before
{Heap before GC invocations=64 (full 0):
 garbage-first heap   total 270336K, used 220441K [0x0000000080000000, 0x0000000100000000)
  region size 1024K, 43 young (44032K), 7 survivors (7168K)
 Metaspace       used 127051K, capacity 130558K, committed 130816K, reserved 1163264K
  class space    used 16025K, capacity 17338K, committed 17408K, reserved 1048576K
}
Event: 69.401 GC heap after
{Heap after GC invocations=65 (full 0):
 garbage-first heap   total 270336K, used 191099K [0x0000000080000000, 0x0000000100000000)
  region size 1024K, 6 young (6144K), 6 survivors (6144K)
 Metaspace       used 127051K, capacity 130558K, committed 130816K, reserved 1163264K
  class space    used 16025K, capacity 17338K, committed 17408K, reserved 1048576K
}
Event: 69.430 GC heap before
{Heap before GC invocations=65 (full 0):
 garbage-first heap   total 270336K, used 198267K [0x0000000080000000, 0x0000000100000000)
  region size 1024K, 13 young (13312K), 6 survivors (6144K)
 Metaspace       used 127089K, capacity 130602K, committed 130816K, reserved 1163264K
  class space    used 16033K, capacity 17374K, committed 17408K, reserved 1048576K
}
Event: 69.442 GC heap after
{Heap after GC invocations=66 (full 0):
 garbage-first heap   total 270336K, used 189798K [0x0000000080000000, 0x0000000100000000)
  region size 1024K, 2 young (2048K), 2 survivors (2048K)
 Metaspace       used 127089K, capacity 130602K, committed 130816K, reserved 1163264K
  class space    used 16033K, capacity 17374K, committed 17408K, reserved 1048576K
}
Event: 69.623 GC heap before
{Heap before GC invocations=66 (full 0):
 garbage-first heap   total 270336K, used 221542K [0x0000000080000000, 0x0000000100000000)
  region size 1024K, 34 young (34816K), 2 survivors (2048K)
 Metaspace       used 127933K, capacity 131467K, committed 131712K, reserved 1163264K
  class space    used 16190K, capacity 17532K, committed 17536K, reserved 1048576K
}
Event: 69.637 GC heap after
{Heap after GC invocations=67 (full 0):
 garbage-first heap   total 270336K, used 197273K [0x0000000080000000, 0x0000000100000000)
  region size 1024K, 5 young (5120K), 5 survivors (5120K)
 Metaspace       used 127933K, capacity 131467K, committed 131712K, reserved 1163264K
  class space    used 16190K, capacity 17532K, committed 17536K, reserved 1048576K
}
Event: 69.793 GC heap before
{Heap before GC invocations=67 (full 0):
 garbage-first heap   total 270336K, used 223897K [0x0000000080000000, 0x0000000100000000)
  region size 1024K, 32 young (32768K), 5 survivors (5120K)
 Metaspace       used 128595K, capacity 132135K, committed 132480K, reserved 1163264K
  class space    used 16328K, capacity 17693K, committed 17792K, reserved 1048576K
}
Event: 69.806 GC heap after
{Heap after GC invocations=68 (full 0):
 garbage-first heap   total 270336K, used 203174K [0x0000000080000000, 0x0000000100000000)
  region size 1024K, 4 young (4096K), 4 survivors (4096K)
 Metaspace       used 128595K, capacity 132135K, committed 132480K, reserved 1163264K
  class space    used 16328K, capacity 17693K, committed 17792K, reserved 1048576K
}
Event: 70.097 GC heap before
{Heap before GC invocations=68 (full 0):
 garbage-first heap   total 270336K, used 225702K [0x0000000080000000, 0x0000000100000000)
  region size 1024K, 27 young (27648K), 4 survivors (4096K)
 Metaspace       used 129974K, capacity 133660K, committed 133760K, reserved 1165312K
  class space    used 16561K, capacity 17971K, committed 18048K, reserved 1048576K
}
Event: 70.105 GC heap after
{Heap after GC invocations=69 (full 0):
 garbage-first heap   total 270336K, used 209475K [0x0000000080000000, 0x0000000100000000)
  region size 1024K, 4 young (4096K), 4 survivors (4096K)
 Metaspace       used 129974K, capacity 133660K, committed 133760K, reserved 1165312K
  class space    used 16561K, capacity 17971K, committed 18048K, reserved 1048576K
}
Event: 70.321 GC heap before
{Heap before GC invocations=69 (full 0):
 garbage-first heap   total 270336K, used 227907K [0x0000000080000000, 0x0000000100000000)
  region size 1024K, 23 young (23552K), 4 survivors (4096K)
 Metaspace       used 130690K, capacity 134457K, committed 134656K, reserved 1165312K
  class space    used 16681K, capacity 18105K, committed 18176K, reserved 1048576K
}

