# JRE version: OpenJDK Runtime Environment (11.0.10) (build 11.0.10+0-b96-7249189)
# Java VM: OpenJDK 64-Bit Server VM (11.0.10+0-b96-7249189, mixed mode, tiered, compressed oops, g1 gc, windows-amd64)
Heap:
 garbage-first heap   total 405504K, used 183939K [0x0000000080000000, 0x0000000100000000)
  region size 1024K, 2 young (2048K), 2 survivors (2048K)
 Metaspace       used 98630K, capacity 101244K, committed 101324K, reserved 1136640K
  class space    used 12722K, capacity 13771K, committed 13824K, reserved 1048576K
GC Heap History (20 events):
Event: 32.765 GC heap after
{Heap after GC invocations=34 (full 0):
 garbage-first heap   total 187392K, used 102030K [0x0000000080000000, 0x0000000100000000)
  region size 1024K, 5 young (5120K), 5 survivors (5120K)
 Metaspace       used 88667K, capacity 90823K, committed 91084K, reserved 1128448K
  class space    used 11310K, capacity 12113K, committed 12288K, reserved 1048576K
}
Event: 33.081 GC heap before
{Heap before GC invocations=34 (full 0):
 garbage-first heap   total 187392K, used 151182K [0x0000000080000000, 0x0000000100000000)
  region size 1024K, 54 young (55296K), 5 survivors (5120K)
 Metaspace       used 89569K, capacity 91724K, committed 91980K, reserved 1128448K
  class space    used 11434K, capacity 12241K, committed 12416K, reserved 1048576K
}
Event: 33.091 GC heap after
{Heap after GC invocations=35 (full 0):
 garbage-first heap   total 187392K, used 104108K [0x0000000080000000, 0x0000000100000000)
  region size 1024K, 4 young (4096K), 4 survivors (4096K)
 Metaspace       used 89569K, capacity 91724K, committed 91980K, reserved 1128448K
  class space    used 11434K, capacity 12241K, committed 12416K, reserved 1048576K
}
Event: 33.434 GC heap before
{Heap before GC invocations=36 (full 0):
 garbage-first heap   total 187392K, used 153260K [0x0000000080000000, 0x0000000100000000)
  region size 1024K, 52 young (53248K), 4 survivors (4096K)
 Metaspace       used 91127K, capacity 93377K, committed 93772K, reserved 1130496K
  class space    used 11655K, capacity 12512K, committed 12672K, reserved 1048576K
}
Event: 33.446 GC heap after
{Heap after GC invocations=37 (full 0):
 garbage-first heap   total 225280K, used 109428K [0x0000000080000000, 0x0000000100000000)
  region size 1024K, 7 young (7168K), 7 survivors (7168K)
 Metaspace       used 91127K, capacity 93377K, committed 93772K, reserved 1130496K
  class space    used 11655K, capacity 12512K, committed 12672K, reserved 1048576K
}
Event: 33.479 GC heap before
{Heap before GC invocations=37 (full 0):
 garbage-first heap   total 225280K, used 113524K [0x0000000080000000, 0x0000000100000000)
  region size 1024K, 11 young (11264K), 7 survivors (7168K)
 Metaspace       used 91472K, capacity 93687K, committed 94028K, reserved 1130496K
  class space    used 11710K, capacity 12530K, committed 12672K, reserved 1048576K
}
Event: 33.485 GC heap after
{Heap after GC invocations=38 (full 0):
 garbage-first heap   total 225280K, used 110213K [0x0000000080000000, 0x0000000100000000)
  region size 1024K, 1 young (1024K), 1 survivors (1024K)
 Metaspace       used 91472K, capacity 93687K, committed 94028K, reserved 1130496K
  class space    used 11710K, capacity 12530K, committed 12672K, reserved 1048576K
}
Event: 33.681 GC heap before
{Heap before GC invocations=38 (full 0):
 garbage-first heap   total 225280K, used 171653K [0x0000000080000000, 0x0000000100000000)
  region size 1024K, 62 young (63488K), 1 survivors (1024K)
 Metaspace       used 93062K, capacity 95346K, committed 95564K, reserved 1132544K
  class space    used 11905K, capacity 12762K, committed 12928K, reserved 1048576K
}
Event: 33.691 GC heap after
{Heap after GC invocations=39 (full 0):
 garbage-first heap   total 225280K, used 127096K [0x0000000080000000, 0x0000000100000000)
  region size 1024K, 8 young (8192K), 8 survivors (8192K)
 Metaspace       used 93062K, capacity 95346K, committed 95564K, reserved 1132544K
  class space    used 11905K, capacity 12762K, committed 12928K, reserved 1048576K
}
Event: 33.958 GC heap before
{Heap before GC invocations=39 (full 0):
 garbage-first heap   total 225280K, used 177272K [0x0000000080000000, 0x0000000100000000)
  region size 1024K, 58 young (59392K), 8 survivors (8192K)
 Metaspace       used 94130K, capacity 96436K, committed 96588K, reserved 1132544K
  class space    used 12039K, capacity 12894K, committed 12928K, reserved 1048576K
}
Event: 33.969 GC heap after
{Heap after GC invocations=40 (full 0):
 garbage-first heap   total 225280K, used 144984K [0x0000000080000000, 0x0000000100000000)
  region size 1024K, 8 young (8192K), 8 survivors (8192K)
 Metaspace       used 94130K, capacity 96436K, committed 96588K, reserved 1132544K
  class space    used 12039K, capacity 12894K, committed 12928K, reserved 1048576K
}
Event: 34.113 GC heap before
{Heap before GC invocations=41 (full 0):
 garbage-first heap   total 225280K, used 179800K [0x0000000080000000, 0x0000000100000000)
  region size 1024K, 43 young (44032K), 8 survivors (8192K)
 Metaspace       used 95397K, capacity 97787K, committed 98124K, reserved 1134592K
  class space    used 12210K, capacity 13095K, committed 13184K, reserved 1048576K
}
Event: 34.127 GC heap after
{Heap after GC invocations=42 (full 0):
 garbage-first heap   total 270336K, used 151257K [0x0000000080000000, 0x0000000100000000)
  region size 1024K, 6 young (6144K), 6 survivors (6144K)
 Metaspace       used 95397K, capacity 97787K, committed 98124K, reserved 1134592K
  class space    used 12210K, capacity 13095K, committed 13184K, reserved 1048576K
}
Event: 34.389 GC heap before
{Heap before GC invocations=42 (full 0):
 garbage-first heap   total 270336K, used 205529K [0x0000000080000000, 0x0000000100000000)
  region size 1024K, 60 young (61440K), 6 survivors (6144K)
 Metaspace       used 96795K, capacity 99243K, committed 99404K, reserved 1134592K
  class space    used 12422K, capacity 13345K, committed 13440K, reserved 1048576K
}
Event: 34.408 GC heap after
{Heap after GC invocations=43 (full 0):
 garbage-first heap   total 270336K, used 166099K [0x0000000080000000, 0x0000000100000000)
  region size 1024K, 8 young (8192K), 8 survivors (8192K)
 Metaspace       used 96795K, capacity 99243K, committed 99404K, reserved 1134592K
  class space    used 12422K, capacity 13345K, committed 13440K, reserved 1048576K
}
Event: 34.756 GC heap before
{Heap before GC invocations=43 (full 0):
 garbage-first heap   total 270336K, used 211155K [0x0000000080000000, 0x0000000100000000)
  region size 1024K, 52 young (53248K), 8 survivors (8192K)
 Metaspace       used 97031K, capacity 99446K, committed 99660K, reserved 1136640K
  class space    used 12441K, capacity 13348K, committed 13440K, reserved 1048576K
}
Event: 34.773 GC heap after
{Heap after GC invocations=44 (full 0):
 garbage-first heap   total 270336K, used 184320K [0x0000000080000000, 0x0000000100000000)
  region size 1024K, 7 young (7168K), 7 survivors (7168K)
 Metaspace       used 97031K, capacity 99446K, committed 99660K, reserved 1136640K
  class space    used 12441K, capacity 13348K, committed 13440K, reserved 1048576K
}
Event: 35.002 GC heap before
{Heap before GC invocations=45 (full 0):
 garbage-first heap   total 270336K, used 216064K [0x0000000080000000, 0x0000000100000000)
  region size 1024K, 39 young (39936K), 7 survivors (7168K)
 Metaspace       used 97417K, capacity 99824K, committed 100172K, reserved 1136640K
  class space    used 12484K, capacity 13387K, committed 13440K, reserved 1048576K
}
Event: 35.014 GC heap after
{Heap after GC invocations=46 (full 0):
 garbage-first heap   total 270336K, used 191290K [0x0000000080000000, 0x0000000100000000)
  region size 1024K, 5 young (5120K), 5 survivors (5120K)
 Metaspace       used 97417K, capacity 99824K, committed 100172K, reserved 1136640K
  class space    used 12484K, capacity 13387K, committed 13440K, reserved 1048576K
}
Event: 35.195 GC heap before
{Heap before GC invocations=46 (full 0):
 garbage-first heap   total 270336K, used 199482K [0x0000000080000000, 0x0000000100000000)
  region size 1024K, 13 young (13312K), 5 survivors (5120K)
 Metaspace       used 98630K, capacity 101244K, committed 101324K, reserved 1136640K
  class space    used 12722K, capacity 13771K, committed 13824K, reserved 1048576K
}

