# JRE version: OpenJDK Runtime Environment (11.0.10) (build 11.0.10+0-b96-7249189)
# Java VM: OpenJDK 64-Bit Server VM (11.0.10+0-b96-7249189, mixed mode, tiered, compressed oops, g1 gc, windows-amd64)
Heap:
 garbage-first heap   total 890880K, used 293896K [0x0000000080000000, 0x0000000100000000)
  region size 1024K, 16 young (16384K), 16 survivors (16384K)
 Metaspace       used 126842K, capacity 130554K, committed 130688K, reserved 1163264K
  class space    used 16057K, capacity 17434K, committed 17536K, reserved 1048576K
GC Heap History (20 events):
Event: 141.167 GC heap after
{Heap after GC invocations=74 (full 0):
 garbage-first heap   total 270336K, used 192374K [0x0000000080000000, 0x0000000100000000)
  region size 1024K, 2 young (2048K), 2 survivors (2048K)
 Metaspace       used 124628K, capacity 128310K, committed 128384K, reserved 1161216K
  class space    used 15863K, capacity 17219K, committed 17280K, reserved 1048576K
}
Event: 141.470 GC heap before
{Heap before GC invocations=74 (full 0):
 garbage-first heap   total 270336K, used 217974K [0x0000000080000000, 0x0000000100000000)
  region size 1024K, 28 young (28672K), 2 survivors (2048K)
 Metaspace       used 125151K, capacity 128832K, committed 129024K, reserved 1161216K
  class space    used 15932K, capacity 17308K, committed 17408K, reserved 1048576K
}
Event: 141.483 GC heap after
{Heap after GC invocations=75 (full 0):
 garbage-first heap   total 270336K, used 197632K [0x0000000080000000, 0x0000000100000000)
  region size 1024K, 4 young (4096K), 4 survivors (4096K)
 Metaspace       used 125151K, capacity 128832K, committed 129024K, reserved 1161216K
  class space    used 15932K, capacity 17308K, committed 17408K, reserved 1048576K
}
Event: 141.649 GC heap before
{Heap before GC invocations=75 (full 0):
 garbage-first heap   total 270336K, used 221184K [0x0000000080000000, 0x0000000100000000)
  region size 1024K, 29 young (29696K), 4 survivors (4096K)
 Metaspace       used 125335K, capacity 129062K, committed 129280K, reserved 1161216K
  class space    used 15962K, capacity 17340K, committed 17408K, reserved 1048576K
}
Event: 141.665 GC heap after
{Heap after GC invocations=76 (full 0):
 garbage-first heap   total 361472K, used 202805K [0x0000000080000000, 0x0000000100000000)
  region size 1024K, 4 young (4096K), 4 survivors (4096K)
 Metaspace       used 125335K, capacity 129062K, committed 129280K, reserved 1161216K
  class space    used 15962K, capacity 17340K, committed 17408K, reserved 1048576K
}
Event: 141.906 GC heap before
{Heap before GC invocations=76 (full 0):
 garbage-first heap   total 361472K, used 256053K [0x0000000080000000, 0x0000000100000000)
  region size 1024K, 57 young (58368K), 4 survivors (4096K)
 Metaspace       used 125538K, capacity 129262K, committed 129536K, reserved 1161216K
  class space    used 15962K, capacity 17340K, committed 17408K, reserved 1048576K
}
Event: 141.923 GC heap after
{Heap after GC invocations=77 (full 0):
 garbage-first heap   total 361472K, used 217101K [0x0000000080000000, 0x0000000100000000)
  region size 1024K, 8 young (8192K), 8 survivors (8192K)
 Metaspace       used 125538K, capacity 129262K, committed 129536K, reserved 1161216K
  class space    used 15962K, capacity 17340K, committed 17408K, reserved 1048576K
}
Event: 142.054 GC heap before
{Heap before GC invocations=77 (full 0):
 garbage-first heap   total 361472K, used 267277K [0x0000000080000000, 0x0000000100000000)
  region size 1024K, 58 young (59392K), 8 survivors (8192K)
 Metaspace       used 125576K, capacity 129270K, committed 129536K, reserved 1161216K
  class space    used 15963K, capacity 17341K, committed 17408K, reserved 1048576K
}
Event: 142.068 GC heap after
{Heap after GC invocations=78 (full 0):
 garbage-first heap   total 361472K, used 227912K [0x0000000080000000, 0x0000000100000000)
  region size 1024K, 8 young (8192K), 8 survivors (8192K)
 Metaspace       used 125576K, capacity 129270K, committed 129536K, reserved 1161216K
  class space    used 15963K, capacity 17341K, committed 17408K, reserved 1048576K
}
Event: 142.153 GC heap before
{Heap before GC invocations=78 (full 0):
 garbage-first heap   total 361472K, used 276040K [0x0000000080000000, 0x0000000100000000)
  region size 1024K, 56 young (57344K), 8 survivors (8192K)
 Metaspace       used 125611K, capacity 129366K, committed 129536K, reserved 1161216K
  class space    used 15969K, capacity 17373K, committed 17408K, reserved 1048576K
}
Event: 142.172 GC heap after
{Heap after GC invocations=79 (full 0):
 garbage-first heap   total 361472K, used 237238K [0x0000000080000000, 0x0000000100000000)
  region size 1024K, 7 young (7168K), 7 survivors (7168K)
 Metaspace       used 125611K, capacity 129366K, committed 129536K, reserved 1161216K
  class space    used 15969K, capacity 17373K, committed 17408K, reserved 1048576K
}
Event: 142.287 GC heap before
{Heap before GC invocations=79 (full 0):
 garbage-first heap   total 361472K, used 283318K [0x0000000080000000, 0x0000000100000000)
  region size 1024K, 53 young (54272K), 7 survivors (7168K)
 Metaspace       used 125689K, capacity 129376K, committed 129536K, reserved 1161216K
  class space    used 15988K, capacity 17375K, committed 17408K, reserved 1048576K
}
Event: 142.346 GC heap after
{Heap after GC invocations=80 (full 0):
 garbage-first heap   total 582656K, used 245439K [0x0000000080000000, 0x0000000100000000)
  region size 1024K, 7 young (7168K), 7 survivors (7168K)
 Metaspace       used 125689K, capacity 129376K, committed 129536K, reserved 1161216K
  class space    used 15988K, capacity 17375K, committed 17408K, reserved 1048576K
}
Event: 143.551 GC heap before
{Heap before GC invocations=81 (full 0):
 garbage-first heap   total 582656K, used 365247K [0x0000000080000000, 0x0000000100000000)
  region size 1024K, 125 young (128000K), 7 survivors (7168K)
 Metaspace       used 126069K, capacity 129748K, committed 130176K, reserved 1161216K
  class space    used 16027K, capacity 17406K, committed 17536K, reserved 1048576K
}
Event: 143.581 GC heap after
{Heap after GC invocations=82 (full 0):
 garbage-first heap   total 582656K, used 263130K [0x0000000080000000, 0x0000000100000000)
  region size 1024K, 16 young (16384K), 16 survivors (16384K)
 Metaspace       used 126069K, capacity 129748K, committed 130176K, reserved 1161216K
  class space    used 16027K, capacity 17406K, committed 17536K, reserved 1048576K
}
Event: 144.344 GC heap before
{Heap before GC invocations=82 (full 0):
 garbage-first heap   total 582656K, used 395226K [0x0000000080000000, 0x0000000100000000)
  region size 1024K, 145 young (148480K), 16 survivors (16384K)
 Metaspace       used 126208K, capacity 129890K, committed 130176K, reserved 1161216K
  class space    used 16057K, capacity 17434K, committed 17536K, reserved 1048576K
}
Event: 144.369 GC heap after
{Heap after GC invocations=83 (full 0):
 garbage-first heap   total 582656K, used 267135K [0x0000000080000000, 0x0000000100000000)
  region size 1024K, 7 young (7168K), 7 survivors (7168K)
 Metaspace       used 126208K, capacity 129890K, committed 130176K, reserved 1161216K
  class space    used 16057K, capacity 17434K, committed 17536K, reserved 1048576K
}
Event: 144.990 GC heap before
{Heap before GC invocations=83 (full 0):
 garbage-first heap   total 582656K, used 410495K [0x0000000080000000, 0x0000000100000000)
  region size 1024K, 148 young (151552K), 7 survivors (7168K)
 Metaspace       used 126516K, capacity 130283K, committed 130432K, reserved 1163264K
  class space    used 16057K, capacity 17434K, committed 17536K, reserved 1048576K
}
Event: 145.075 GC heap after
{Heap after GC invocations=84 (full 0):
 garbage-first heap   total 582656K, used 282624K [0x0000000080000000, 0x0000000100000000)
  region size 1024K, 19 young (19456K), 19 survivors (19456K)
 Metaspace       used 126516K, capacity 130283K, committed 130432K, reserved 1163264K
  class space    used 16057K, capacity 17434K, committed 17536K, reserved 1048576K
}
Event: 146.000 GC heap before
{Heap before GC invocations=85 (full 0):
 garbage-first heap   total 582656K, used 442368K [0x0000000080000000, 0x0000000100000000)
  region size 1024K, 176 young (180224K), 19 survivors (19456K)
 Metaspace       used 126842K, capacity 130554K, committed 130688K, reserved 1163264K
  class space    used 16057K, capacity 17434K, committed 17536K, reserved 1048576K
}

