# JRE version: OpenJDK Runtime Environment (11.0.10) (build 11.0.10+0-b96-7249189)
# Java VM: OpenJDK 64-Bit Server VM (11.0.10+0-b96-7249189, mixed mode, tiered, compressed oops, g1 gc, windows-amd64)
Heap:
 garbage-first heap   total 716800K, used 232427K [0x0000000080000000, 0x0000000100000000)
  region size 1024K, 7 young (7168K), 7 survivors (7168K)
 Metaspace       used 123347K, capacity 126652K, committed 126976K, reserved 1159168K
  class space    used 15576K, capacity 16808K, committed 16896K, reserved 1048576K
GC Heap History (20 events):
Event: 107.639 GC heap after
{Heap after GC invocations=52 (full 0):
 garbage-first heap   total 225280K, used 174278K [0x0000000080000000, 0x0000000100000000)
  region size 1024K, 3 young (3072K), 3 survivors (3072K)
 Metaspace       used 121621K, capacity 124912K, committed 125184K, reserved 1157120K
  class space    used 15362K, capacity 16567K, committed 16640K, reserved 1048576K
}
Event: 107.686 GC heap before
{Heap before GC invocations=52 (full 0):
 garbage-first heap   total 225280K, used 189638K [0x0000000080000000, 0x0000000100000000)
  region size 1024K, 20 young (20480K), 3 survivors (3072K)
 Metaspace       used 121694K, capacity 124976K, committed 125184K, reserved 1157120K
  class space    used 15371K, capacity 16567K, committed 16640K, reserved 1048576K
}
Event: 107.690 GC heap after
{Heap after GC invocations=53 (full 0):
 garbage-first heap   total 225280K, used 179746K [0x0000000080000000, 0x0000000100000000)
  region size 1024K, 3 young (3072K), 3 survivors (3072K)
 Metaspace       used 121694K, capacity 124976K, committed 125184K, reserved 1157120K
  class space    used 15371K, capacity 16567K, committed 16640K, reserved 1048576K
}
Event: 107.709 GC heap before
{Heap before GC invocations=53 (full 0):
 garbage-first heap   total 225280K, used 191010K [0x0000000080000000, 0x0000000100000000)
  region size 1024K, 15 young (15360K), 3 survivors (3072K)
 Metaspace       used 121736K, capacity 125079K, committed 125184K, reserved 1157120K
  class space    used 15379K, capacity 16602K, committed 16640K, reserved 1048576K
}
Event: 107.713 GC heap after
{Heap after GC invocations=54 (full 0):
 garbage-first heap   total 225280K, used 183124K [0x0000000080000000, 0x0000000100000000)
  region size 1024K, 2 young (2048K), 2 survivors (2048K)
 Metaspace       used 121736K, capacity 125079K, committed 125184K, reserved 1157120K
  class space    used 15379K, capacity 16602K, committed 16640K, reserved 1048576K
}
Event: 107.736 GC heap before
{Heap before GC invocations=55 (full 0):
 garbage-first heap   total 225280K, used 193364K [0x0000000080000000, 0x0000000100000000)
  region size 1024K, 14 young (14336K), 2 survivors (2048K)
 Metaspace       used 121845K, capacity 125173K, committed 125440K, reserved 1159168K
  class space    used 15403K, capacity 16614K, committed 16640K, reserved 1048576K
}
Event: 107.740 GC heap after
{Heap after GC invocations=56 (full 0):
 garbage-first heap   total 225280K, used 186368K [0x0000000080000000, 0x0000000100000000)
  region size 1024K, 2 young (2048K), 2 survivors (2048K)
 Metaspace       used 121845K, capacity 125173K, committed 125440K, reserved 1159168K
  class space    used 15403K, capacity 16614K, committed 16640K, reserved 1048576K
}
Event: 107.758 GC heap before
{Heap before GC invocations=56 (full 0):
 garbage-first heap   total 225280K, used 194560K [0x0000000080000000, 0x0000000100000000)
  region size 1024K, 11 young (11264K), 2 survivors (2048K)
 Metaspace       used 121901K, capacity 125193K, committed 125440K, reserved 1159168K
  class space    used 15415K, capacity 16622K, committed 16640K, reserved 1048576K
}
Event: 107.773 GC heap after
{Heap after GC invocations=57 (full 0):
 garbage-first heap   total 225280K, used 185421K [0x0000000080000000, 0x0000000100000000)
  region size 1024K, 2 young (2048K), 2 survivors (2048K)
 Metaspace       used 121901K, capacity 125193K, committed 125440K, reserved 1159168K
  class space    used 15415K, capacity 16622K, committed 16640K, reserved 1048576K
}
Event: 107.786 GC heap before
{Heap before GC invocations=57 (full 0):
 garbage-first heap   total 225280K, used 193613K [0x0000000080000000, 0x0000000100000000)
  region size 1024K, 12 young (12288K), 2 survivors (2048K)
 Metaspace       used 121943K, capacity 125298K, committed 125568K, reserved 1159168K
  class space    used 15425K, capacity 16657K, committed 16768K, reserved 1048576K
}
Event: 107.792 GC heap after
{Heap after GC invocations=58 (full 0):
 garbage-first heap   total 225280K, used 188209K [0x0000000080000000, 0x0000000100000000)
  region size 1024K, 2 young (2048K), 2 survivors (2048K)
 Metaspace       used 121943K, capacity 125298K, committed 125568K, reserved 1159168K
  class space    used 15425K, capacity 16657K, committed 16768K, reserved 1048576K
}
Event: 107.820 GC heap before
{Heap before GC invocations=58 (full 0):
 garbage-first heap   total 225280K, used 196401K [0x0000000080000000, 0x0000000100000000)
  region size 1024K, 11 young (11264K), 2 survivors (2048K)
 Metaspace       used 122060K, capacity 125362K, committed 125568K, reserved 1159168K
  class space    used 15440K, capacity 16657K, committed 16768K, reserved 1048576K
}
Event: 107.831 GC heap after
{Heap after GC invocations=59 (full 0):
 garbage-first heap   total 347136K, used 190953K [0x0000000080000000, 0x0000000100000000)
  region size 1024K, 2 young (2048K), 2 survivors (2048K)
 Metaspace       used 122060K, capacity 125362K, committed 125568K, reserved 1159168K
  class space    used 15440K, capacity 16657K, committed 16768K, reserved 1048576K
}
Event: 108.664 GC heap before
{Heap before GC invocations=60 (full 0):
 garbage-first heap   total 347136K, used 245225K [0x0000000080000000, 0x0000000100000000)
  region size 1024K, 56 young (57344K), 2 survivors (2048K)
 Metaspace       used 122719K, capacity 126016K, committed 126336K, reserved 1159168K
  class space    used 15493K, capacity 16725K, committed 16768K, reserved 1048576K
}
Event: 108.685 GC heap after
{Heap after GC invocations=61 (full 0):
 garbage-first heap   total 347136K, used 204517K [0x0000000080000000, 0x0000000100000000)
  region size 1024K, 7 young (7168K), 7 survivors (7168K)
 Metaspace       used 122719K, capacity 126016K, committed 126336K, reserved 1159168K
  class space    used 15493K, capacity 16725K, committed 16768K, reserved 1048576K
}
Event: 108.720 GC heap before
{Heap before GC invocations=61 (full 0):
 garbage-first heap   total 347136K, used 213733K [0x0000000080000000, 0x0000000100000000)
  region size 1024K, 16 young (16384K), 7 survivors (7168K)
 Metaspace       used 122827K, capacity 126124K, committed 126336K, reserved 1159168K
  class space    used 15515K, capacity 16740K, committed 16768K, reserved 1048576K
}
Event: 108.737 GC heap after
{Heap after GC invocations=62 (full 0):
 garbage-first heap   total 347136K, used 203547K [0x0000000080000000, 0x0000000100000000)
  region size 1024K, 2 young (2048K), 2 survivors (2048K)
 Metaspace       used 122827K, capacity 126124K, committed 126336K, reserved 1159168K
  class space    used 15515K, capacity 16740K, committed 16768K, reserved 1048576K
}
Event: 108.882 GC heap before
{Heap before GC invocations=62 (full 0):
 garbage-first heap   total 347136K, used 256795K [0x0000000080000000, 0x0000000100000000)
  region size 1024K, 54 young (55296K), 2 survivors (2048K)
 Metaspace       used 123291K, capacity 126650K, committed 126976K, reserved 1159168K
  class space    used 15575K, capacity 16808K, committed 16896K, reserved 1048576K
}
Event: 108.908 GC heap after
{Heap after GC invocations=63 (full 0):
 garbage-first heap   total 347136K, used 217302K [0x0000000080000000, 0x0000000100000000)
  region size 1024K, 7 young (7168K), 7 survivors (7168K)
 Metaspace       used 123291K, capacity 126650K, committed 126976K, reserved 1159168K
  class space    used 15575K, capacity 16808K, committed 16896K, reserved 1048576K
}
Event: 109.066 GC heap before
{Heap before GC invocations=63 (full 0):
 garbage-first heap   total 347136K, used 264406K [0x0000000080000000, 0x0000000100000000)
  region size 1024K, 54 young (55296K), 7 survivors (7168K)
 Metaspace       used 123347K, capacity 126652K, committed 126976K, reserved 1159168K
  class space    used 15576K, capacity 16808K, committed 16896K, reserved 1048576K
}

