# JRE version: OpenJDK Runtime Environment (11.0.10) (build 11.0.10+0-b96-7249189)
# Java VM: OpenJDK 64-Bit Server VM (11.0.10+0-b96-7249189, mixed mode, tiered, compressed oops, g1 gc, windows-amd64)
Heap:
 garbage-first heap   total 225280K, used 96067K [0x0000000080000000, 0x0000000100000000)
  region size 1024K, 6 young (6144K), 6 survivors (6144K)
 Metaspace       used 87798K, capacity 90057K, committed 90188K, reserved 1128448K
  class space    used 11248K, capacity 12102K, committed 12160K, reserved 1048576K
GC Heap History (20 events):
Event: 12.566 GC heap after
{Heap after GC invocations=11 (full 0):
 garbage-first heap   total 155648K, used 52416K [0x0000000080000000, 0x0000000100000000)
  region size 1024K, 3 young (3072K), 3 survivors (3072K)
 Metaspace       used 55992K, capacity 57501K, committed 57804K, reserved 1099776K
  class space    used 7057K, capacity 7579K, committed 7680K, reserved 1048576K
}
Event: 12.968 GC heap before
{Heap before GC invocations=11 (full 0):
 garbage-first heap   total 155648K, used 67776K [0x0000000080000000, 0x0000000100000000)
  region size 1024K, 19 young (19456K), 3 survivors (3072K)
 Metaspace       used 58656K, capacity 60154K, committed 60236K, reserved 1101824K
  class space    used 7402K, capacity 7992K, committed 8064K, reserved 1048576K
}
Event: 12.980 GC heap after
{Heap after GC invocations=12 (full 0):
 garbage-first heap   total 155648K, used 52998K [0x0000000080000000, 0x0000000100000000)
  region size 1024K, 3 young (3072K), 3 survivors (3072K)
 Metaspace       used 58656K, capacity 60154K, committed 60236K, reserved 1101824K
  class space    used 7402K, capacity 7992K, committed 8064K, reserved 1048576K
}
Event: 14.339 GC heap before
{Heap before GC invocations=13 (full 0):
 garbage-first heap   total 155648K, used 114438K [0x0000000080000000, 0x0000000100000000)
  region size 1024K, 63 young (64512K), 3 survivors (3072K)
 Metaspace       used 64836K, capacity 66391K, committed 66636K, reserved 1107968K
  class space    used 8175K, capacity 8778K, committed 8832K, reserved 1048576K
}
Event: 14.353 GC heap after
{Heap after GC invocations=14 (full 0):
 garbage-first heap   total 155648K, used 57686K [0x0000000080000000, 0x0000000100000000)
  region size 1024K, 8 young (8192K), 8 survivors (8192K)
 Metaspace       used 64836K, capacity 66391K, committed 66636K, reserved 1107968K
  class space    used 8175K, capacity 8778K, committed 8832K, reserved 1048576K
}
Event: 15.143 GC heap before
{Heap before GC invocations=14 (full 0):
 garbage-first heap   total 155648K, used 118102K [0x0000000080000000, 0x0000000100000000)
  region size 1024K, 67 young (68608K), 8 survivors (8192K)
 Metaspace       used 67176K, capacity 68882K, committed 69068K, reserved 1110016K
  class space    used 8475K, capacity 9131K, committed 9216K, reserved 1048576K
}
Event: 15.201 GC heap after
{Heap after GC invocations=15 (full 0):
 garbage-first heap   total 155648K, used 62829K [0x0000000080000000, 0x0000000100000000)
  region size 1024K, 6 young (6144K), 6 survivors (6144K)
 Metaspace       used 67176K, capacity 68882K, committed 69068K, reserved 1110016K
  class space    used 8475K, capacity 9131K, committed 9216K, reserved 1048576K
}
Event: 16.302 GC heap before
{Heap before GC invocations=15 (full 0):
 garbage-first heap   total 155648K, used 120173K [0x0000000080000000, 0x0000000100000000)
  region size 1024K, 62 young (63488K), 6 survivors (6144K)
 Metaspace       used 73109K, capacity 74780K, committed 75084K, reserved 1114112K
  class space    used 9368K, capacity 10002K, committed 10112K, reserved 1048576K
}
Event: 16.321 GC heap after
{Heap after GC invocations=16 (full 0):
 garbage-first heap   total 155648K, used 66829K [0x0000000080000000, 0x0000000100000000)
  region size 1024K, 4 young (4096K), 4 survivors (4096K)
 Metaspace       used 73109K, capacity 74780K, committed 75084K, reserved 1114112K
  class space    used 9368K, capacity 10002K, committed 10112K, reserved 1048576K
}
Event: 16.961 GC heap before
{Heap before GC invocations=16 (full 0):
 garbage-first heap   total 155648K, used 123149K [0x0000000080000000, 0x0000000100000000)
  region size 1024K, 59 young (60416K), 4 survivors (4096K)
 Metaspace       used 75923K, capacity 77670K, committed 77772K, reserved 1116160K
  class space    used 9787K, capacity 10431K, committed 10496K, reserved 1048576K
}
Event: 16.972 GC heap after
{Heap after GC invocations=17 (full 0):
 garbage-first heap   total 187392K, used 70201K [0x0000000080000000, 0x0000000100000000)
  region size 1024K, 8 young (8192K), 8 survivors (8192K)
 Metaspace       used 75923K, capacity 77670K, committed 77772K, reserved 1116160K
  class space    used 9787K, capacity 10431K, committed 10496K, reserved 1048576K
}
Event: 18.220 GC heap before
{Heap before GC invocations=17 (full 0):
 garbage-first heap   total 187392K, used 138809K [0x0000000080000000, 0x0000000100000000)
  region size 1024K, 75 young (76800K), 8 survivors (8192K)
 Metaspace       used 82173K, capacity 83999K, committed 84300K, reserved 1122304K
  class space    used 10610K, capacity 11302K, committed 11392K, reserved 1048576K
}
Event: 18.246 GC heap after
{Heap after GC invocations=18 (full 0):
 garbage-first heap   total 187392K, used 75423K [0x0000000080000000, 0x0000000100000000)
  region size 1024K, 9 young (9216K), 9 survivors (9216K)
 Metaspace       used 82173K, capacity 83999K, committed 84300K, reserved 1122304K
  class space    used 10610K, capacity 11302K, committed 11392K, reserved 1048576K
}
Event: 19.816 GC heap before
{Heap before GC invocations=18 (full 0):
 garbage-first heap   total 187392K, used 141983K [0x0000000080000000, 0x0000000100000000)
  region size 1024K, 75 young (76800K), 9 survivors (9216K)
 Metaspace       used 86900K, capacity 89150K, committed 89420K, reserved 1126400K
  class space    used 11209K, capacity 12071K, committed 12160K, reserved 1048576K
}
Event: 19.850 GC heap after
{Heap after GC invocations=19 (full 0):
 garbage-first heap   total 187392K, used 83443K [0x0000000080000000, 0x0000000100000000)
  region size 1024K, 10 young (10240K), 10 survivors (10240K)
 Metaspace       used 86900K, capacity 89150K, committed 89420K, reserved 1126400K
  class space    used 11209K, capacity 12071K, committed 12160K, reserved 1048576K
}
Event: 20.420 GC heap before
{Heap before GC invocations=19 (full 0):
 garbage-first heap   total 187392K, used 145907K [0x0000000080000000, 0x0000000100000000)
  region size 1024K, 72 young (73728K), 10 survivors (10240K)
 Metaspace       used 87195K, capacity 89435K, committed 89676K, reserved 1126400K
  class space    used 11209K, capacity 12071K, committed 12160K, reserved 1048576K
}
Event: 20.449 GC heap after
{Heap after GC invocations=20 (full 0):
 garbage-first heap   total 187392K, used 89628K [0x0000000080000000, 0x0000000100000000)
  region size 1024K, 6 young (6144K), 6 survivors (6144K)
 Metaspace       used 87195K, capacity 89435K, committed 89676K, reserved 1126400K
  class space    used 11209K, capacity 12071K, committed 12160K, reserved 1048576K
}
Event: 21.106 GC heap before
{Heap before GC invocations=20 (full 0):
 garbage-first heap   total 187392K, used 149020K [0x0000000080000000, 0x0000000100000000)
  region size 1024K, 65 young (66560K), 6 survivors (6144K)
 Metaspace       used 87495K, capacity 89758K, committed 89932K, reserved 1126400K
  class space    used 11216K, capacity 12079K, committed 12160K, reserved 1048576K
}
Event: 21.123 GC heap after
{Heap after GC invocations=21 (full 0):
 garbage-first heap   total 187392K, used 92850K [0x0000000080000000, 0x0000000100000000)
  region size 1024K, 6 young (6144K), 6 survivors (6144K)
 Metaspace       used 87495K, capacity 89758K, committed 89932K, reserved 1126400K
  class space    used 11216K, capacity 12079K, committed 12160K, reserved 1048576K
}
Event: 21.783 GC heap before
{Heap before GC invocations=21 (full 0):
 garbage-first heap   total 187392K, used 149170K [0x0000000080000000, 0x0000000100000000)
  region size 1024K, 62 young (63488K), 6 survivors (6144K)
 Metaspace       used 87798K, capacity 90057K, committed 90188K, reserved 1128448K
  class space    used 11248K, capacity 12102K, committed 12160K, reserved 1048576K
}

