# JRE version: OpenJDK Runtime Environment (11.0.10) (build 11.0.10+0-b96-7249189)
# Java VM: OpenJDK 64-Bit Server VM (11.0.10+0-b96-7249189, mixed mode, tiered, compressed oops, g1 gc, windows-amd64)
Heap:
 garbage-first heap   total 342016K, used 193818K [0x0000000080000000, 0x0000000100000000)
  region size 1024K, 5 young (5120K), 5 survivors (5120K)
 Metaspace       used 101354K, capacity 103933K, committed 104448K, reserved 1138688K
  class space    used 13149K, capacity 14158K, committed 14336K, reserved 1048576K
GC Heap History (20 events):
Event: 21.714 GC heap after
{Heap after GC invocations=24 (full 0):
 garbage-first heap   total 225280K, used 114281K [0x0000000080000000, 0x0000000100000000)
  region size 1024K, 11 young (11264K), 11 survivors (11264K)
 Metaspace       used 92397K, capacity 94864K, committed 95104K, reserved 1132544K
  class space    used 11877K, capacity 12801K, committed 12928K, reserved 1048576K
}
Event: 21.895 GC heap before
{Heap before GC invocations=24 (full 0):
 garbage-first heap   total 225280K, used 178793K [0x0000000080000000, 0x0000000100000000)
  region size 1024K, 75 young (76800K), 11 survivors (11264K)
 Metaspace       used 94278K, capacity 96862K, committed 97152K, reserved 1132544K
  class space    used 12143K, capacity 13087K, committed 13184K, reserved 1048576K
}
Event: 21.912 GC heap after
{Heap after GC invocations=25 (full 0):
 garbage-first heap   total 225280K, used 130564K [0x0000000080000000, 0x0000000100000000)
  region size 1024K, 10 young (10240K), 10 survivors (10240K)
 Metaspace       used 94278K, capacity 96862K, committed 97152K, reserved 1132544K
  class space    used 12143K, capacity 13087K, committed 13184K, reserved 1048576K
}
Event: 22.122 GC heap before
{Heap before GC invocations=25 (full 0):
 garbage-first heap   total 225280K, used 176644K [0x0000000080000000, 0x0000000100000000)
  region size 1024K, 56 young (57344K), 10 survivors (10240K)
 Metaspace       used 95951K, capacity 98567K, committed 98688K, reserved 1134592K
  class space    used 12363K, capacity 13346K, committed 13440K, reserved 1048576K
}
Event: 22.133 GC heap after
{Heap after GC invocations=26 (full 0):
 garbage-first heap   total 225280K, used 138915K [0x0000000080000000, 0x0000000100000000)
  region size 1024K, 7 young (7168K), 7 survivors (7168K)
 Metaspace       used 95951K, capacity 98567K, committed 98688K, reserved 1134592K
  class space    used 12363K, capacity 13346K, committed 13440K, reserved 1048576K
}
Event: 22.354 GC heap before
{Heap before GC invocations=27 (full 0):
 garbage-first heap   total 225280K, used 176803K [0x0000000080000000, 0x0000000100000000)
  region size 1024K, 45 young (46080K), 7 survivors (7168K)
 Metaspace       used 96868K, capacity 99357K, committed 99840K, reserved 1136640K
  class space    used 12461K, capacity 13412K, committed 13568K, reserved 1048576K
}
Event: 22.364 GC heap after
{Heap after GC invocations=28 (full 0):
 garbage-first heap   total 225280K, used 147736K [0x0000000080000000, 0x0000000100000000)
  region size 1024K, 6 young (6144K), 6 survivors (6144K)
 Metaspace       used 96868K, capacity 99357K, committed 99840K, reserved 1136640K
  class space    used 12461K, capacity 13412K, committed 13568K, reserved 1048576K
}
Event: 22.493 GC heap before
{Heap before GC invocations=28 (full 0):
 garbage-first heap   total 225280K, used 179480K [0x0000000080000000, 0x0000000100000000)
  region size 1024K, 38 young (38912K), 6 survivors (6144K)
 Metaspace       used 98040K, capacity 100531K, committed 100992K, reserved 1136640K
  class space    used 12586K, capacity 13546K, committed 13696K, reserved 1048576K
}
Event: 22.504 GC heap after
{Heap after GC invocations=29 (full 0):
 garbage-first heap   total 225280K, used 153831K [0x0000000080000000, 0x0000000100000000)
  region size 1024K, 5 young (5120K), 5 survivors (5120K)
 Metaspace       used 98040K, capacity 100531K, committed 100992K, reserved 1136640K
  class space    used 12586K, capacity 13546K, committed 13696K, reserved 1048576K
}
Event: 22.700 GC heap before
{Heap before GC invocations=29 (full 0):
 garbage-first heap   total 225280K, used 182503K [0x0000000080000000, 0x0000000100000000)
  region size 1024K, 33 young (33792K), 5 survivors (5120K)
 Metaspace       used 98335K, capacity 100947K, committed 101376K, reserved 1136640K
  class space    used 12659K, capacity 13684K, committed 13824K, reserved 1048576K
}
Event: 22.712 GC heap after
{Heap after GC invocations=30 (full 0):
 garbage-first heap   total 225280K, used 160091K [0x0000000080000000, 0x0000000100000000)
  region size 1024K, 5 young (5120K), 5 survivors (5120K)
 Metaspace       used 98335K, capacity 100947K, committed 101376K, reserved 1136640K
  class space    used 12659K, capacity 13684K, committed 13824K, reserved 1048576K
}
Event: 22.847 GC heap before
{Heap before GC invocations=30 (full 0):
 garbage-first heap   total 225280K, used 184667K [0x0000000080000000, 0x0000000100000000)
  region size 1024K, 29 young (29696K), 5 survivors (5120K)
 Metaspace       used 98536K, capacity 100971K, committed 101632K, reserved 1136640K
  class space    used 12667K, capacity 13619K, committed 13824K, reserved 1048576K
}
Event: 22.861 GC heap after
{Heap after GC invocations=31 (full 0):
 garbage-first heap   total 270336K, used 166493K [0x0000000080000000, 0x0000000100000000)
  region size 1024K, 4 young (4096K), 4 survivors (4096K)
 Metaspace       used 98536K, capacity 100971K, committed 101632K, reserved 1136640K
  class space    used 12667K, capacity 13619K, committed 13824K, reserved 1048576K
}
Event: 23.171 GC heap before
{Heap before GC invocations=32 (full 0):
 garbage-first heap   total 270336K, used 209501K [0x0000000080000000, 0x0000000100000000)
  region size 1024K, 47 young (48128K), 4 survivors (4096K)
 Metaspace       used 99842K, capacity 102341K, committed 102912K, reserved 1138688K
  class space    used 12906K, capacity 13879K, committed 14080K, reserved 1048576K
}
Event: 23.183 GC heap after
{Heap after GC invocations=33 (full 0):
 garbage-first heap   total 270336K, used 177802K [0x0000000080000000, 0x0000000100000000)
  region size 1024K, 6 young (6144K), 6 survivors (6144K)
 Metaspace       used 99842K, capacity 102341K, committed 102912K, reserved 1138688K
  class space    used 12906K, capacity 13879K, committed 14080K, reserved 1048576K
}
Event: 23.205 GC heap before
{Heap before GC invocations=33 (full 0):
 garbage-first heap   total 270336K, used 183946K [0x0000000080000000, 0x0000000100000000)
  region size 1024K, 13 young (13312K), 6 survivors (6144K)
 Metaspace       used 100018K, capacity 102598K, committed 102912K, reserved 1138688K
  class space    used 12930K, capacity 13922K, committed 14080K, reserved 1048576K
}
Event: 23.211 GC heap after
{Heap after GC invocations=34 (full 0):
 garbage-first heap   total 270336K, used 177115K [0x0000000080000000, 0x0000000100000000)
  region size 1024K, 2 young (2048K), 2 survivors (2048K)
 Metaspace       used 100018K, capacity 102598K, committed 102912K, reserved 1138688K
  class space    used 12930K, capacity 13922K, committed 14080K, reserved 1048576K
}
Event: 23.331 GC heap before
{Heap before GC invocations=34 (full 0):
 garbage-first heap   total 270336K, used 215003K [0x0000000080000000, 0x0000000100000000)
  region size 1024K, 39 young (39936K), 2 survivors (2048K)
 Metaspace       used 101066K, capacity 103739K, committed 103808K, reserved 1138688K
  class space    used 13141K, capacity 14191K, committed 14208K, reserved 1048576K
}
Event: 23.341 GC heap after
{Heap after GC invocations=35 (full 0):
 garbage-first heap   total 270336K, used 186491K [0x0000000080000000, 0x0000000100000000)
  region size 1024K, 5 young (5120K), 5 survivors (5120K)
 Metaspace       used 101066K, capacity 103739K, committed 103808K, reserved 1138688K
  class space    used 13141K, capacity 14191K, committed 14208K, reserved 1048576K
}
Event: 23.795 GC heap before
{Heap before GC invocations=35 (full 0):
 garbage-first heap   total 270336K, used 219259K [0x0000000080000000, 0x0000000100000000)
  region size 1024K, 37 young (37888K), 5 survivors (5120K)
 Metaspace       used 101354K, capacity 103933K, committed 104448K, reserved 1138688K
  class space    used 13149K, capacity 14158K, committed 14336K, reserved 1048576K
}

