# JRE version: OpenJDK Runtime Environment (11.0.10) (build 11.0.10+0-b96-7249189)
# Java VM: OpenJDK 64-Bit Server VM (11.0.10+0-b96-7249189, mixed mode, tiered, compressed oops, g1 gc, windows-amd64)
Heap:
 garbage-first heap   total 270336K, used 181248K [0x0000000080000000, 0x0000000100000000)
  region size 1024K, 2 young (2048K), 2 survivors (2048K)
 Metaspace       used 98274K, capacity 100672K, committed 100812K, reserved 1136640K
  class space    used 12595K, capacity 13540K, committed 13568K, reserved 1048576K
GC Heap History (20 events):
Event: 20.580 GC heap after
{Heap after GC invocations=24 (full 0):
 garbage-first heap   total 225280K, used 93498K [0x0000000080000000, 0x0000000100000000)
  region size 1024K, 9 young (9216K), 9 survivors (9216K)
 Metaspace       used 87795K, capacity 90046K, committed 90188K, reserved 1128448K
  class space    used 11247K, capacity 12097K, committed 12160K, reserved 1048576K
}
Event: 22.976 GC heap before
{Heap before GC invocations=24 (full 0):
 garbage-first heap   total 225280K, used 174394K [0x0000000080000000, 0x0000000100000000)
  region size 1024K, 89 young (91136K), 9 survivors (9216K)
 Metaspace       used 88802K, capacity 91129K, committed 91340K, reserved 1128448K
  class space    used 11352K, capacity 12197K, committed 12288K, reserved 1048576K
}
Event: 23.010 GC heap after
{Heap after GC invocations=25 (full 0):
 garbage-first heap   total 225280K, used 98170K [0x0000000080000000, 0x0000000100000000)
  region size 1024K, 7 young (7168K), 7 survivors (7168K)
 Metaspace       used 88802K, capacity 91129K, committed 91340K, reserved 1128448K
  class space    used 11352K, capacity 12197K, committed 12288K, reserved 1048576K
}
Event: 23.977 GC heap before
{Heap before GC invocations=25 (full 0):
 garbage-first heap   total 225280K, used 178042K [0x0000000080000000, 0x0000000100000000)
  region size 1024K, 86 young (88064K), 7 survivors (7168K)
 Metaspace       used 90754K, capacity 93082K, committed 93388K, reserved 1130496K
  class space    used 11621K, capacity 12485K, committed 12544K, reserved 1048576K
}
Event: 23.996 GC heap after
{Heap after GC invocations=26 (full 0):
 garbage-first heap   total 225280K, used 100878K [0x0000000080000000, 0x0000000100000000)
  region size 1024K, 5 young (5120K), 5 survivors (5120K)
 Metaspace       used 90754K, capacity 93082K, committed 93388K, reserved 1130496K
  class space    used 11621K, capacity 12485K, committed 12544K, reserved 1048576K
}
Event: 24.675 GC heap before
{Heap before GC invocations=26 (full 0):
 garbage-first heap   total 225280K, used 181774K [0x0000000080000000, 0x0000000100000000)
  region size 1024K, 85 young (87040K), 5 survivors (5120K)
 Metaspace       used 93150K, capacity 95520K, committed 95820K, reserved 1132544K
  class space    used 11909K, capacity 12804K, committed 12928K, reserved 1048576K
}
Event: 24.695 GC heap after
{Heap after GC invocations=27 (full 0):
 garbage-first heap   total 225280K, used 117157K [0x0000000080000000, 0x0000000100000000)
  region size 1024K, 11 young (11264K), 11 survivors (11264K)
 Metaspace       used 93150K, capacity 95520K, committed 95820K, reserved 1132544K
  class space    used 11909K, capacity 12804K, committed 12928K, reserved 1048576K
}
Event: 25.003 GC heap before
{Heap before GC invocations=27 (full 0):
 garbage-first heap   total 225280K, used 177573K [0x0000000080000000, 0x0000000100000000)
  region size 1024K, 71 young (72704K), 11 survivors (11264K)
 Metaspace       used 94682K, capacity 97151K, committed 97228K, reserved 1134592K
  class space    used 12136K, capacity 13054K, committed 13056K, reserved 1048576K
}
Event: 25.035 GC heap after
{Heap after GC invocations=28 (full 0):
 garbage-first heap   total 225280K, used 134329K [0x0000000080000000, 0x0000000100000000)
  region size 1024K, 9 young (9216K), 9 survivors (9216K)
 Metaspace       used 94682K, capacity 97151K, committed 97228K, reserved 1134592K
  class space    used 12136K, capacity 13054K, committed 13056K, reserved 1048576K
}
Event: 25.783 GC heap before
{Heap before GC invocations=28 (full 0):
 garbage-first heap   total 225280K, used 176313K [0x0000000080000000, 0x0000000100000000)
  region size 1024K, 50 young (51200K), 9 survivors (9216K)
 Metaspace       used 95567K, capacity 97922K, committed 98508K, reserved 1134592K
  class space    used 12223K, capacity 13125K, committed 13312K, reserved 1048576K
}
Event: 25.797 GC heap after
{Heap after GC invocations=29 (full 0):
 garbage-first heap   total 225280K, used 145159K [0x0000000080000000, 0x0000000100000000)
  region size 1024K, 7 young (7168K), 7 survivors (7168K)
 Metaspace       used 95567K, capacity 97922K, committed 98508K, reserved 1134592K
  class space    used 12223K, capacity 13125K, committed 13312K, reserved 1048576K
}
Event: 26.012 GC heap before
{Heap before GC invocations=30 (full 0):
 garbage-first heap   total 225280K, used 177927K [0x0000000080000000, 0x0000000100000000)
  region size 1024K, 40 young (40960K), 7 survivors (7168K)
 Metaspace       used 96469K, capacity 98880K, committed 99404K, reserved 1134592K
  class space    used 12365K, capacity 13272K, committed 13440K, reserved 1048576K
}
Event: 26.023 GC heap after
{Heap after GC invocations=31 (full 0):
 garbage-first heap   total 225280K, used 156568K [0x0000000080000000, 0x0000000100000000)
  region size 1024K, 5 young (5120K), 5 survivors (5120K)
 Metaspace       used 96469K, capacity 98880K, committed 99404K, reserved 1134592K
  class space    used 12365K, capacity 13272K, committed 13440K, reserved 1048576K
}
Event: 26.141 GC heap before
{Heap before GC invocations=31 (full 0):
 garbage-first heap   total 225280K, used 183192K [0x0000000080000000, 0x0000000100000000)
  region size 1024K, 31 young (31744K), 5 survivors (5120K)
 Metaspace       used 97054K, capacity 99432K, committed 99660K, reserved 1136640K
  class space    used 12443K, capacity 13370K, committed 13440K, reserved 1048576K
}
Event: 26.154 GC heap after
{Heap after GC invocations=32 (full 0):
 garbage-first heap   total 225280K, used 165171K [0x0000000080000000, 0x0000000100000000)
  region size 1024K, 4 young (4096K), 4 survivors (4096K)
 Metaspace       used 97054K, capacity 99432K, committed 99660K, reserved 1136640K
  class space    used 12443K, capacity 13370K, committed 13440K, reserved 1048576K
}
Event: 26.318 GC heap before
{Heap before GC invocations=32 (full 0):
 garbage-first heap   total 225280K, used 184627K [0x0000000080000000, 0x0000000100000000)
  region size 1024K, 24 young (24576K), 4 survivors (4096K)
 Metaspace       used 97728K, capacity 100113K, committed 100556K, reserved 1136640K
  class space    used 12540K, capacity 13469K, committed 13568K, reserved 1048576K
}
Event: 26.328 GC heap after
{Heap after GC invocations=33 (full 0):
 garbage-first heap   total 225280K, used 171967K [0x0000000080000000, 0x0000000100000000)
  region size 1024K, 3 young (3072K), 3 survivors (3072K)
 Metaspace       used 97728K, capacity 100113K, committed 100556K, reserved 1136640K
  class space    used 12540K, capacity 13469K, committed 13568K, reserved 1048576K
}
Event: 26.513 GC heap before
{Heap before GC invocations=33 (full 0):
 garbage-first heap   total 225280K, used 189375K [0x0000000080000000, 0x0000000100000000)
  region size 1024K, 20 young (20480K), 3 survivors (3072K)
 Metaspace       used 97968K, capacity 100312K, committed 100812K, reserved 1136640K
  class space    used 12523K, capacity 13400K, committed 13568K, reserved 1048576K
}
Event: 26.526 GC heap after
{Heap after GC invocations=34 (full 0):
 garbage-first heap   total 225280K, used 177340K [0x0000000080000000, 0x0000000100000000)
  region size 1024K, 3 young (3072K), 3 survivors (3072K)
 Metaspace       used 97968K, capacity 100312K, committed 100812K, reserved 1136640K
  class space    used 12523K, capacity 13400K, committed 13568K, reserved 1048576K
}
Event: 26.618 GC heap before
{Heap before GC invocations=35 (full 0):
 garbage-first heap   total 225280K, used 190652K [0x0000000080000000, 0x0000000100000000)
  region size 1024K, 16 young (16384K), 3 survivors (3072K)
 Metaspace       used 98274K, capacity 100672K, committed 100812K, reserved 1136640K
  class space    used 12595K, capacity 13540K, committed 13568K, reserved 1048576K
}

