# JRE version: OpenJDK Runtime Environment (11.0.10) (build 11.0.10+0-b96-7249189)
# Java VM: OpenJDK 64-Bit Server VM (11.0.10+0-b96-7249189, mixed mode, tiered, compressed oops, g1 gc, windows-amd64)
Heap:
 garbage-first heap   total 701440K, used 262911K [0x0000000080000000, 0x0000000100000000)
  region size 1024K, 7 young (7168K), 7 survivors (7168K)
 Metaspace       used 124353K, capacity 127774K, committed 127872K, reserved 1161216K
  class space    used 15720K, capacity 16991K, committed 17024K, reserved 1048576K
GC Heap History (20 events):
Event: 39.514 GC heap after
{Heap after GC invocations=46 (full 0):
 garbage-first heap   total 270336K, used 198586K [0x0000000080000000, 0x0000000100000000)
  region size 1024K, 5 young (5120K), 5 survivors (5120K)
 Metaspace       used 122241K, capacity 125591K, committed 125824K, reserved 1159168K
  class space    used 15453K, capacity 16698K, committed 16768K, reserved 1048576K
}
Event: 39.731 GC heap before
{Heap before GC invocations=47 (full 0):
 garbage-first heap   total 270336K, used 223162K [0x0000000080000000, 0x0000000100000000)
  region size 1024K, 29 young (29696K), 5 survivors (5120K)
 Metaspace       used 122509K, capacity 125830K, committed 126080K, reserved 1159168K
  class space    used 15474K, capacity 16734K, committed 16768K, reserved 1048576K
}
Event: 39.741 GC heap after
{Heap after GC invocations=48 (full 0):
 garbage-first heap   total 270336K, used 205698K [0x0000000080000000, 0x0000000100000000)
  region size 1024K, 4 young (4096K), 4 survivors (4096K)
 Metaspace       used 122509K, capacity 125830K, committed 126080K, reserved 1159168K
  class space    used 15474K, capacity 16734K, committed 16768K, reserved 1048576K
}
Event: 39.764 GC heap before
{Heap before GC invocations=48 (full 0):
 garbage-first heap   total 270336K, used 214914K [0x0000000080000000, 0x0000000100000000)
  region size 1024K, 13 young (13312K), 4 survivors (4096K)
 Metaspace       used 122511K, capacity 125830K, committed 126080K, reserved 1159168K
  class space    used 15475K, capacity 16734K, committed 16768K, reserved 1048576K
}
Event: 39.783 GC heap after
{Heap after GC invocations=49 (full 0):
 garbage-first heap   total 270336K, used 200484K [0x0000000080000000, 0x0000000100000000)
  region size 1024K, 2 young (2048K), 2 survivors (2048K)
 Metaspace       used 122511K, capacity 125830K, committed 126080K, reserved 1159168K
  class space    used 15475K, capacity 16734K, committed 16768K, reserved 1048576K
}
Event: 39.855 GC heap before
{Heap before GC invocations=49 (full 0):
 garbage-first heap   total 270336K, used 224036K [0x0000000080000000, 0x0000000100000000)
  region size 1024K, 25 young (25600K), 2 survivors (2048K)
 Metaspace       used 122591K, capacity 125903K, committed 126080K, reserved 1159168K
  class space    used 15486K, capacity 16737K, committed 16768K, reserved 1048576K
}
Event: 39.869 GC heap after
{Heap after GC invocations=50 (full 0):
 garbage-first heap   total 270336K, used 207097K [0x0000000080000000, 0x0000000100000000)
  region size 1024K, 4 young (4096K), 4 survivors (4096K)
 Metaspace       used 122591K, capacity 125903K, committed 126080K, reserved 1159168K
  class space    used 15486K, capacity 16737K, committed 16768K, reserved 1048576K
}
Event: 39.968 GC heap before
{Heap before GC invocations=50 (full 0):
 garbage-first heap   total 270336K, used 226553K [0x0000000080000000, 0x0000000100000000)
  region size 1024K, 24 young (24576K), 4 survivors (4096K)
 Metaspace       used 122691K, capacity 126008K, committed 126080K, reserved 1159168K
  class space    used 15495K, capacity 16746K, committed 16768K, reserved 1048576K
}
Event: 39.983 GC heap after
{Heap after GC invocations=51 (full 0):
 garbage-first heap   total 270336K, used 211734K [0x0000000080000000, 0x0000000100000000)
  region size 1024K, 3 young (3072K), 3 survivors (3072K)
 Metaspace       used 122691K, capacity 126008K, committed 126080K, reserved 1159168K
  class space    used 15495K, capacity 16746K, committed 16768K, reserved 1048576K
}
Event: 40.094 GC heap before
{Heap before GC invocations=51 (full 0):
 garbage-first heap   total 270336K, used 230166K [0x0000000080000000, 0x0000000100000000)
  region size 1024K, 23 young (23552K), 3 survivors (3072K)
 Metaspace       used 122722K, capacity 126096K, committed 126336K, reserved 1159168K
  class space    used 15503K, capacity 16754K, committed 16768K, reserved 1048576K
}
Event: 40.107 GC heap after
{Heap after GC invocations=52 (full 0):
 garbage-first heap   total 270336K, used 216847K [0x0000000080000000, 0x0000000100000000)
  region size 1024K, 3 young (3072K), 3 survivors (3072K)
 Metaspace       used 122722K, capacity 126096K, committed 126336K, reserved 1159168K
  class space    used 15503K, capacity 16754K, committed 16768K, reserved 1048576K
}
Event: 40.172 GC heap before
{Heap before GC invocations=52 (full 0):
 garbage-first heap   total 270336K, used 231183K [0x0000000080000000, 0x0000000100000000)
  region size 1024K, 18 young (18432K), 3 survivors (3072K)
 Metaspace       used 122748K, capacity 126096K, committed 126336K, reserved 1159168K
  class space    used 15503K, capacity 16754K, committed 16768K, reserved 1048576K
}
Event: 40.190 GC heap after
{Heap after GC invocations=53 (full 0):
 garbage-first heap   total 384000K, used 220085K [0x0000000080000000, 0x0000000100000000)
  region size 1024K, 3 young (3072K), 3 survivors (3072K)
 Metaspace       used 122748K, capacity 126096K, committed 126336K, reserved 1159168K
  class space    used 15503K, capacity 16754K, committed 16768K, reserved 1048576K
}
Event: 40.609 GC heap before
{Heap before GC invocations=54 (full 0):
 garbage-first heap   total 384000K, used 277429K [0x0000000080000000, 0x0000000100000000)
  region size 1024K, 59 young (60416K), 3 survivors (3072K)
 Metaspace       used 123171K, capacity 126502K, committed 126720K, reserved 1159168K
  class space    used 15550K, capacity 16799K, committed 16896K, reserved 1048576K
}
Event: 40.630 GC heap after
{Heap after GC invocations=55 (full 0):
 garbage-first heap   total 384000K, used 236427K [0x0000000080000000, 0x0000000100000000)
  region size 1024K, 8 young (8192K), 8 survivors (8192K)
 Metaspace       used 123171K, capacity 126502K, committed 126720K, reserved 1159168K
  class space    used 15550K, capacity 16799K, committed 16896K, reserved 1048576K
}
Event: 40.704 GC heap before
{Heap before GC invocations=55 (full 0):
 garbage-first heap   total 384000K, used 245643K [0x0000000080000000, 0x0000000100000000)
  region size 1024K, 18 young (18432K), 8 survivors (8192K)
 Metaspace       used 123174K, capacity 126502K, committed 126720K, reserved 1159168K
  class space    used 15550K, capacity 16799K, committed 16896K, reserved 1048576K
}
Event: 40.722 GC heap after
{Heap after GC invocations=56 (full 0):
 garbage-first heap   total 384000K, used 233320K [0x0000000080000000, 0x0000000100000000)
  region size 1024K, 3 young (3072K), 3 survivors (3072K)
 Metaspace       used 123174K, capacity 126502K, committed 126720K, reserved 1159168K
  class space    used 15550K, capacity 16799K, committed 16896K, reserved 1048576K
}
Event: 40.970 GC heap before
{Heap before GC invocations=56 (full 0):
 garbage-first heap   total 384000K, used 286568K [0x0000000080000000, 0x0000000100000000)
  region size 1024K, 56 young (57344K), 3 survivors (3072K)
 Metaspace       used 124065K, capacity 127427K, committed 127616K, reserved 1159168K
  class space    used 15672K, capacity 16935K, committed 17024K, reserved 1048576K
}
Event: 40.991 GC heap after
{Heap after GC invocations=57 (full 0):
 garbage-first heap   total 384000K, used 249036K [0x0000000080000000, 0x0000000100000000)
  region size 1024K, 7 young (7168K), 7 survivors (7168K)
 Metaspace       used 124065K, capacity 127427K, committed 127616K, reserved 1159168K
  class space    used 15672K, capacity 16935K, committed 17024K, reserved 1048576K
}
Event: 41.139 GC heap before
{Heap before GC invocations=57 (full 0):
 garbage-first heap   total 384000K, used 297164K [0x0000000080000000, 0x0000000100000000)
  region size 1024K, 54 young (55296K), 7 survivors (7168K)
 Metaspace       used 124353K, capacity 127774K, committed 127872K, reserved 1161216K
  class space    used 15720K, capacity 16991K, committed 17024K, reserved 1048576K
}

