# JRE version: OpenJDK Runtime Environment (11.0.10) (build 11.0.10+0-b96-7249189)
# Java VM: OpenJDK 64-Bit Server VM (11.0.10+0-b96-7249189, mixed mode, tiered, compressed oops, g1 gc, windows-amd64)
Heap:
 garbage-first heap   total 735232K, used 273608K [0x0000000080000000, 0x0000000100000000)
  region size 1024K, 11 young (11264K), 11 survivors (11264K)
 Metaspace       used 138920K, capacity 142947K, committed 143232K, reserved 1173504K
  class space    used 17509K, capacity 18973K, committed 19072K, reserved 1048576K
GC Heap History (20 events):
Event: 270.046 GC heap after
{Heap after GC invocations=82 (full 0):
 garbage-first heap   total 272384K, used 194559K [0x0000000080000000, 0x0000000100000000)
  region size 1024K, 2 young (2048K), 2 survivors (2048K)
 Metaspace       used 132833K, capacity 136729K, committed 136832K, reserved 1167360K
  class space    used 16576K, capacity 17962K, committed 18048K, reserved 1048576K
}
Event: 270.255 GC heap before
{Heap before GC invocations=82 (full 0):
 garbage-first heap   total 272384K, used 222207K [0x0000000080000000, 0x0000000100000000)
  region size 1024K, 30 young (30720K), 2 survivors (2048K)
 Metaspace       used 133415K, capacity 137310K, committed 137344K, reserved 1169408K
  class space    used 16650K, capacity 18047K, committed 18048K, reserved 1048576K
}
Event: 270.273 GC heap after
{Heap after GC invocations=83 (full 0):
 garbage-first heap   total 272384K, used 202490K [0x0000000080000000, 0x0000000100000000)
  region size 1024K, 4 young (4096K), 4 survivors (4096K)
 Metaspace       used 133415K, capacity 137310K, committed 137344K, reserved 1169408K
  class space    used 16650K, capacity 18047K, committed 18048K, reserved 1048576K
}
Event: 270.374 GC heap before
{Heap before GC invocations=83 (full 0):
 garbage-first heap   total 272384K, used 225018K [0x0000000080000000, 0x0000000100000000)
  region size 1024K, 27 young (27648K), 4 survivors (4096K)
 Metaspace       used 133836K, capacity 137759K, committed 137984K, reserved 1169408K
  class space    used 16703K, capacity 18111K, committed 18176K, reserved 1048576K
}
Event: 270.389 GC heap after
{Heap after GC invocations=84 (full 0):
 garbage-first heap   total 336896K, used 209302K [0x0000000080000000, 0x0000000100000000)
  region size 1024K, 4 young (4096K), 4 survivors (4096K)
 Metaspace       used 133836K, capacity 137759K, committed 137984K, reserved 1169408K
  class space    used 16703K, capacity 18111K, committed 18176K, reserved 1048576K
}
Event: 270.769 GC heap before
{Heap before GC invocations=84 (full 0):
 garbage-first heap   total 336896K, used 259478K [0x0000000080000000, 0x0000000100000000)
  region size 1024K, 53 young (54272K), 4 survivors (4096K)
 Metaspace       used 134604K, capacity 138504K, committed 138624K, reserved 1169408K
  class space    used 16795K, capacity 18210K, committed 18304K, reserved 1048576K
}
Event: 270.784 GC heap after
{Heap after GC invocations=85 (full 0):
 garbage-first heap   total 336896K, used 223981K [0x0000000080000000, 0x0000000100000000)
  region size 1024K, 7 young (7168K), 7 survivors (7168K)
 Metaspace       used 134604K, capacity 138504K, committed 138624K, reserved 1169408K
  class space    used 16795K, capacity 18210K, committed 18304K, reserved 1048576K
}
Event: 270.924 GC heap before
{Heap before GC invocations=86 (full 0):
 garbage-first heap   total 336896K, used 268013K [0x0000000080000000, 0x0000000100000000)
  region size 1024K, 50 young (51200K), 7 survivors (7168K)
 Metaspace       used 135070K, capacity 139056K, committed 139264K, reserved 1169408K
  class space    used 16884K, capacity 18326K, committed 18432K, reserved 1048576K
}
Event: 270.940 GC heap after
{Heap after GC invocations=87 (full 0):
 garbage-first heap   total 336896K, used 237023K [0x0000000080000000, 0x0000000100000000)
  region size 1024K, 7 young (7168K), 7 survivors (7168K)
 Metaspace       used 135070K, capacity 139056K, committed 139264K, reserved 1169408K
  class space    used 16884K, capacity 18326K, committed 18432K, reserved 1048576K
}
Event: 270.962 GC heap before
{Heap before GC invocations=87 (full 0):
 garbage-first heap   total 336896K, used 245215K [0x0000000080000000, 0x0000000100000000)
  region size 1024K, 16 young (16384K), 7 survivors (7168K)
 Metaspace       used 135153K, capacity 139129K, committed 139264K, reserved 1169408K
  class space    used 16894K, capacity 18329K, committed 18432K, reserved 1048576K
}
Event: 270.975 GC heap after
{Heap after GC invocations=88 (full 0):
 garbage-first heap   total 336896K, used 230399K [0x0000000080000000, 0x0000000100000000)
  region size 1024K, 2 young (2048K), 2 survivors (2048K)
 Metaspace       used 135153K, capacity 139129K, committed 139264K, reserved 1169408K
  class space    used 16894K, capacity 18329K, committed 18432K, reserved 1048576K
}
Event: 271.071 GC heap before
{Heap before GC invocations=88 (full 0):
 garbage-first heap   total 336896K, used 271359K [0x0000000080000000, 0x0000000100000000)
  region size 1024K, 42 young (43008K), 2 survivors (2048K)
 Metaspace       used 135834K, capacity 139819K, committed 139904K, reserved 1171456K
  class space    used 17020K, capacity 18475K, committed 18560K, reserved 1048576K
}
Event: 271.088 GC heap after
{Heap after GC invocations=89 (full 0):
 garbage-first heap   total 454656K, used 243941K [0x0000000080000000, 0x0000000100000000)
  region size 1024K, 6 young (6144K), 6 survivors (6144K)
 Metaspace       used 135834K, capacity 139819K, committed 139904K, reserved 1171456K
  class space    used 17020K, capacity 18475K, committed 18560K, reserved 1048576K
}
Event: 271.662 GC heap before
{Heap before GC invocations=90 (full 0):
 garbage-first heap   total 454656K, used 324837K [0x0000000080000000, 0x0000000100000000)
  region size 1024K, 85 young (87040K), 6 survivors (6144K)
 Metaspace       used 137825K, capacity 141909K, committed 141952K, reserved 1173504K
  class space    used 17346K, capacity 18807K, committed 18816K, reserved 1048576K
}
Event: 271.690 GC heap after
{Heap after GC invocations=91 (full 0):
 garbage-first heap   total 454656K, used 264191K [0x0000000080000000, 0x0000000100000000)
  region size 1024K, 11 young (11264K), 11 survivors (11264K)
 Metaspace       used 137825K, capacity 141909K, committed 141952K, reserved 1173504K
  class space    used 17346K, capacity 18807K, committed 18816K, reserved 1048576K
}
Event: 271.749 GC heap before
{Heap before GC invocations=91 (full 0):
 garbage-first heap   total 454656K, used 274431K [0x0000000080000000, 0x0000000100000000)
  region size 1024K, 22 young (22528K), 11 survivors (11264K)
 Metaspace       used 137879K, capacity 141913K, committed 141952K, reserved 1173504K
  class space    used 17348K, capacity 18808K, committed 18816K, reserved 1048576K
}
Event: 271.768 GC heap after
{Heap after GC invocations=92 (full 0):
 garbage-first heap   total 454656K, used 249146K [0x0000000080000000, 0x0000000100000000)
  region size 1024K, 3 young (3072K), 3 survivors (3072K)
 Metaspace       used 137879K, capacity 141913K, committed 141952K, reserved 1173504K
  class space    used 17348K, capacity 18808K, committed 18816K, reserved 1048576K
}
Event: 272.123 GC heap before
{Heap before GC invocations=92 (full 0):
 garbage-first heap   total 454656K, used 327994K [0x0000000080000000, 0x0000000100000000)
  region size 1024K, 81 young (82944K), 3 survivors (3072K)
 Metaspace       used 138561K, capacity 142619K, committed 142976K, reserved 1173504K
  class space    used 17463K, capacity 18952K, committed 19072K, reserved 1048576K
}
Event: 272.146 GC heap after
{Heap after GC invocations=93 (full 0):
 garbage-first heap   total 454656K, used 265482K [0x0000000080000000, 0x0000000100000000)
  region size 1024K, 11 young (11264K), 11 survivors (11264K)
 Metaspace       used 138561K, capacity 142619K, committed 142976K, reserved 1173504K
  class space    used 17463K, capacity 18952K, committed 19072K, reserved 1048576K
}
Event: 272.684 GC heap before
{Heap before GC invocations=93 (full 0):
 garbage-first heap   total 454656K, used 341258K [0x0000000080000000, 0x0000000100000000)
  region size 1024K, 86 young (88064K), 11 survivors (11264K)
 Metaspace       used 138920K, capacity 142947K, committed 143232K, reserved 1173504K
  class space    used 17509K, capacity 18973K, committed 19072K, reserved 1048576K
}

