# JRE version: OpenJDK Runtime Environment (11.0.10) (build 11.0.10+0-b96-7249189)
# Java VM: OpenJDK 64-Bit Server VM (11.0.10+0-b96-7249189, mixed mode, tiered, compressed oops, g1 gc, windows-amd64)
Heap:
 garbage-first heap   total 460800K, used 268629K [0x0000000080000000, 0x0000000100000000)
  region size 1024K, 3 young (3072K), 3 survivors (3072K)
 Metaspace       used 97614K, capacity 99942K, committed 100172K, reserved 1136640K
  class space    used 12437K, capacity 13306K, committed 13440K, reserved 1048576K
GC Heap History (20 events):
Event: 23.017 GC heap after
{Heap after GC invocations=30 (full 0):
 garbage-first heap   total 270336K, used 173809K [0x0000000080000000, 0x0000000100000000)
  region size 1024K, 4 young (4096K), 4 survivors (4096K)
 Metaspace       used 96473K, capacity 98718K, committed 99020K, reserved 1134592K
  class space    used 12323K, capacity 13171K, committed 13312K, reserved 1048576K
}
Event: 23.091 GC heap before
{Heap before GC invocations=30 (full 0):
 garbage-first heap   total 270336K, used 268017K [0x0000000080000000, 0x0000000100000000)
  region size 1024K, 19 young (19456K), 4 survivors (4096K)
 Metaspace       used 96548K, capacity 98852K, committed 99276K, reserved 1134592K
  class space    used 12327K, capacity 13172K, committed 13312K, reserved 1048576K
}
Event: 23.102 GC heap after
{Heap after GC invocations=31 (full 0):
 garbage-first heap   total 280576K, used 220940K [0x0000000080000000, 0x0000000100000000)
  region size 1024K, 7 young (7168K), 7 survivors (7168K)
 Metaspace       used 96548K, capacity 98852K, committed 99276K, reserved 1134592K
  class space    used 12327K, capacity 13172K, committed 13312K, reserved 1048576K
}
Event: 23.432 GC heap before
{Heap before GC invocations=32 (full 0):
 garbage-first heap   total 280576K, used 254732K [0x0000000080000000, 0x0000000100000000)
  region size 1024K, 25 young (25600K), 7 survivors (7168K)
 Metaspace       used 96879K, capacity 99201K, committed 99532K, reserved 1136640K
  class space    used 12359K, capacity 13243K, committed 13312K, reserved 1048576K
}
Event: 23.444 GC heap after
{Heap after GC invocations=33 (full 0):
 garbage-first heap   total 280576K, used 237098K [0x0000000080000000, 0x0000000100000000)
  region size 1024K, 4 young (4096K), 4 survivors (4096K)
 Metaspace       used 96879K, capacity 99201K, committed 99532K, reserved 1136640K
  class space    used 12359K, capacity 13243K, committed 13312K, reserved 1048576K
}
Event: 23.511 GC heap before
{Heap before GC invocations=33 (full 0):
 garbage-first heap   total 280576K, used 246314K [0x0000000080000000, 0x0000000100000000)
  region size 1024K, 13 young (13312K), 4 survivors (4096K)
 Metaspace       used 96944K, capacity 99270K, committed 99532K, reserved 1136640K
  class space    used 12361K, capacity 13243K, committed 13312K, reserved 1048576K
}
Event: 23.519 GC heap after
{Heap after GC invocations=34 (full 0):
 garbage-first heap   total 280576K, used 239090K [0x0000000080000000, 0x0000000100000000)
  region size 1024K, 2 young (2048K), 2 survivors (2048K)
 Metaspace       used 96944K, capacity 99270K, committed 99532K, reserved 1136640K
  class space    used 12361K, capacity 13243K, committed 13312K, reserved 1048576K
}
Event: 23.607 GC heap before
{Heap before GC invocations=34 (full 0):
 garbage-first heap   total 280576K, used 250354K [0x0000000080000000, 0x0000000100000000)
  region size 1024K, 13 young (13312K), 2 survivors (2048K)
 Metaspace       used 97127K, capacity 99419K, committed 99532K, reserved 1136640K
  class space    used 12376K, capacity 13257K, committed 13312K, reserved 1048576K
}
Event: 23.619 GC heap after
{Heap after GC invocations=35 (full 0):
 garbage-first heap   total 280576K, used 242243K [0x0000000080000000, 0x0000000100000000)
  region size 1024K, 2 young (2048K), 2 survivors (2048K)
 Metaspace       used 97127K, capacity 99419K, committed 99532K, reserved 1136640K
  class space    used 12376K, capacity 13257K, committed 13312K, reserved 1048576K
}
Event: 23.749 GC heap before
{Heap before GC invocations=35 (full 0):
 garbage-first heap   total 280576K, used 253507K [0x0000000080000000, 0x0000000100000000)
  region size 1024K, 13 young (13312K), 2 survivors (2048K)
 Metaspace       used 97492K, capacity 99800K, committed 100172K, reserved 1136640K
  class space    used 12423K, capacity 13301K, committed 13440K, reserved 1048576K
}
Event: 23.760 GC heap after
{Heap after GC invocations=36 (full 0):
 garbage-first heap   total 280576K, used 247421K [0x0000000080000000, 0x0000000100000000)
  region size 1024K, 2 young (2048K), 2 survivors (2048K)
 Metaspace       used 97492K, capacity 99800K, committed 100172K, reserved 1136640K
  class space    used 12423K, capacity 13301K, committed 13440K, reserved 1048576K
}
Event: 23.937 GC heap before
{Heap before GC invocations=37 (full 0):
 garbage-first heap   total 280576K, used 258685K [0x0000000080000000, 0x0000000100000000)
  region size 1024K, 13 young (13312K), 2 survivors (2048K)
 Metaspace       used 97554K, capacity 99928K, committed 100172K, reserved 1136640K
  class space    used 12428K, capacity 13301K, committed 13440K, reserved 1048576K
}
Event: 23.947 GC heap after
{Heap after GC invocations=38 (full 0):
 garbage-first heap   total 336896K, used 250448K [0x0000000080000000, 0x0000000100000000)
  region size 1024K, 2 young (2048K), 2 survivors (2048K)
 Metaspace       used 97554K, capacity 99928K, committed 100172K, reserved 1136640K
  class space    used 12428K, capacity 13301K, committed 13440K, reserved 1048576K
}
Event: 24.091 GC heap before
{Heap before GC invocations=38 (full 0):
 garbage-first heap   total 336896K, used 264784K [0x0000000080000000, 0x0000000100000000)
  region size 1024K, 16 young (16384K), 2 survivors (2048K)
 Metaspace       used 97612K, capacity 99942K, committed 100172K, reserved 1136640K
  class space    used 12437K, capacity 13306K, committed 13440K, reserved 1048576K
}
Event: 24.099 GC heap after
{Heap after GC invocations=39 (full 0):
 garbage-first heap   total 336896K, used 254667K [0x0000000080000000, 0x0000000100000000)
  region size 1024K, 2 young (2048K), 2 survivors (2048K)
 Metaspace       used 97612K, capacity 99942K, committed 100172K, reserved 1136640K
  class space    used 12437K, capacity 13306K, committed 13440K, reserved 1048576K
}
Event: 24.111 GC heap before
{Heap before GC invocations=39 (full 0):
 garbage-first heap   total 336896K, used 254667K [0x0000000080000000, 0x0000000100000000)
  region size 1024K, 3 young (3072K), 2 survivors (2048K)
 Metaspace       used 97612K, capacity 99942K, committed 100172K, reserved 1136640K
  class space    used 12437K, capacity 13306K, committed 13440K, reserved 1048576K
}
Event: 24.116 GC heap after
{Heap after GC invocations=40 (full 0):
 garbage-first heap   total 336896K, used 255678K [0x0000000080000000, 0x0000000100000000)
  region size 1024K, 1 young (1024K), 1 survivors (1024K)
 Metaspace       used 97612K, capacity 99942K, committed 100172K, reserved 1136640K
  class space    used 12437K, capacity 13306K, committed 13440K, reserved 1048576K
}
Event: 24.437 GC heap before
{Heap before GC invocations=40 (full 0):
 garbage-first heap   total 336896K, used 281278K [0x0000000080000000, 0x0000000100000000)
  region size 1024K, 18 young (18432K), 1 survivors (1024K)
 Metaspace       used 97613K, capacity 99942K, committed 100172K, reserved 1136640K
  class space    used 12437K, capacity 13306K, committed 13440K, reserved 1048576K
}
Event: 24.455 GC heap after
{Heap after GC invocations=41 (full 0):
 garbage-first heap   total 336896K, used 263662K [0x0000000080000000, 0x0000000100000000)
  region size 1024K, 3 young (3072K), 3 survivors (3072K)
 Metaspace       used 97613K, capacity 99942K, committed 100172K, reserved 1136640K
  class space    used 12437K, capacity 13306K, committed 13440K, reserved 1048576K
}
Event: 24.692 GC heap before
{Heap before GC invocations=42 (full 0):
 garbage-first heap   total 336896K, used 275950K [0x0000000080000000, 0x0000000100000000)
  region size 1024K, 16 young (16384K), 3 survivors (3072K)
 Metaspace       used 97614K, capacity 99942K, committed 100172K, reserved 1136640K
  class space    used 12437K, capacity 13306K, committed 13440K, reserved 1048576K
}

