# JRE version: OpenJDK Runtime Environment (11.0.10) (build 11.0.10+0-b96-7249189)
# Java VM: OpenJDK 64-Bit Server VM (11.0.10+0-b96-7249189, mixed mode, tiered, compressed oops, g1 gc, windows-amd64)
Heap:
 garbage-first heap   total 531456K, used 227429K [0x0000000080000000, 0x0000000100000000)
  region size 1024K, 5 young (5120K), 5 survivors (5120K)
 Metaspace       used 102200K, capacity 104704K, committed 105592K, reserved 1140736K
  class space    used 13187K, capacity 14134K, committed 14464K, reserved 1048576K
GC Heap History (20 events):
Event: 26.990 GC heap after
{Heap after GC invocations=32 (full 0):
 garbage-first heap   total 225280K, used 157948K [0x0000000080000000, 0x0000000100000000)
  region size 1024K, 5 young (5120K), 5 survivors (5120K)
 Metaspace       used 96240K, capacity 98622K, committed 98936K, reserved 1134592K
  class space    used 12413K, capacity 13322K, committed 13440K, reserved 1048576K
}
Event: 27.044 GC heap before
{Heap before GC invocations=33 (full 0):
 garbage-first heap   total 225280K, used 183548K [0x0000000080000000, 0x0000000100000000)
  region size 1024K, 30 young (30720K), 5 survivors (5120K)
 Metaspace       used 96598K, capacity 99006K, committed 99192K, reserved 1134592K
  class space    used 12458K, capacity 13386K, committed 13440K, reserved 1048576K
}
Event: 27.058 GC heap after
{Heap after GC invocations=34 (full 0):
 garbage-first heap   total 270336K, used 164669K [0x0000000080000000, 0x0000000100000000)
  region size 1024K, 4 young (4096K), 4 survivors (4096K)
 Metaspace       used 96598K, capacity 99006K, committed 99192K, reserved 1134592K
  class space    used 12458K, capacity 13386K, committed 13440K, reserved 1048576K
}
Event: 27.093 GC heap before
{Heap before GC invocations=34 (full 0):
 garbage-first heap   total 270336K, used 172861K [0x0000000080000000, 0x0000000100000000)
  region size 1024K, 14 young (14336K), 4 survivors (4096K)
 Metaspace       used 96863K, capacity 99294K, committed 99448K, reserved 1134592K
  class space    used 12491K, capacity 13418K, committed 13440K, reserved 1048576K
}
Event: 27.102 GC heap after
{Heap after GC invocations=35 (full 0):
 garbage-first heap   total 270336K, used 166581K [0x0000000080000000, 0x0000000100000000)
  region size 1024K, 2 young (2048K), 2 survivors (2048K)
 Metaspace       used 96863K, capacity 99294K, committed 99448K, reserved 1134592K
  class space    used 12491K, capacity 13418K, committed 13440K, reserved 1048576K
}
Event: 27.230 GC heap before
{Heap before GC invocations=35 (full 0):
 garbage-first heap   total 270336K, used 206517K [0x0000000080000000, 0x0000000100000000)
  region size 1024K, 42 young (43008K), 2 survivors (2048K)
 Metaspace       used 98123K, capacity 100792K, committed 100856K, reserved 1136640K
  class space    used 12726K, capacity 13779K, committed 13824K, reserved 1048576K
}
Event: 27.245 GC heap after
{Heap after GC invocations=36 (full 0):
 garbage-first heap   total 270336K, used 179169K [0x0000000080000000, 0x0000000100000000)
  region size 1024K, 6 young (6144K), 6 survivors (6144K)
 Metaspace       used 98123K, capacity 100792K, committed 100856K, reserved 1136640K
  class space    used 12726K, capacity 13779K, committed 13824K, reserved 1048576K
}
Event: 27.397 GC heap before
{Heap before GC invocations=36 (full 0):
 garbage-first heap   total 270336K, used 213985K [0x0000000080000000, 0x0000000100000000)
  region size 1024K, 40 young (40960K), 6 survivors (6144K)
 Metaspace       used 98682K, capacity 101353K, committed 101496K, reserved 1136640K
  class space    used 12827K, capacity 13901K, committed 13952K, reserved 1048576K
}
Event: 27.410 GC heap after
{Heap after GC invocations=37 (full 0):
 garbage-first heap   total 270336K, used 189289K [0x0000000080000000, 0x0000000100000000)
  region size 1024K, 5 young (5120K), 5 survivors (5120K)
 Metaspace       used 98682K, capacity 101353K, committed 101496K, reserved 1136640K
  class space    used 12827K, capacity 13901K, committed 13952K, reserved 1048576K
}
Event: 27.532 GC heap before
{Heap before GC invocations=37 (full 0):
 garbage-first heap   total 270336K, used 217961K [0x0000000080000000, 0x0000000100000000)
  region size 1024K, 34 young (34816K), 5 survivors (5120K)
 Metaspace       used 99083K, capacity 101608K, committed 102136K, reserved 1136640K
  class space    used 12883K, capacity 13888K, committed 14080K, reserved 1048576K
}
Event: 27.545 GC heap after
{Heap after GC invocations=38 (full 0):
 garbage-first heap   total 270336K, used 198589K [0x0000000080000000, 0x0000000100000000)
  region size 1024K, 5 young (5120K), 5 survivors (5120K)
 Metaspace       used 99083K, capacity 101608K, committed 102136K, reserved 1136640K
  class space    used 12883K, capacity 13888K, committed 14080K, reserved 1048576K
}
Event: 27.646 GC heap before
{Heap before GC invocations=38 (full 0):
 garbage-first heap   total 270336K, used 223165K [0x0000000080000000, 0x0000000100000000)
  region size 1024K, 30 young (30720K), 5 survivors (5120K)
 Metaspace       used 99610K, capacity 102162K, committed 102776K, reserved 1138688K
  class space    used 12971K, capacity 13990K, committed 14208K, reserved 1048576K
}
Event: 27.661 GC heap after
{Heap after GC invocations=39 (full 0):
 garbage-first heap   total 340992K, used 206034K [0x0000000080000000, 0x0000000100000000)
  region size 1024K, 4 young (4096K), 4 survivors (4096K)
 Metaspace       used 99610K, capacity 102162K, committed 102776K, reserved 1138688K
  class space    used 12971K, capacity 13990K, committed 14208K, reserved 1048576K
}
Event: 28.059 GC heap before
{Heap before GC invocations=40 (full 0):
 garbage-first heap   total 340992K, used 258258K [0x0000000080000000, 0x0000000100000000)
  region size 1024K, 56 young (57344K), 4 survivors (4096K)
 Metaspace       used 101585K, capacity 104259K, committed 104440K, reserved 1138688K
  class space    used 13266K, capacity 14325K, committed 14336K, reserved 1048576K
}
Event: 28.072 GC heap after
{Heap after GC invocations=41 (full 0):
 garbage-first heap   total 340992K, used 220106K [0x0000000080000000, 0x0000000100000000)
  region size 1024K, 7 young (7168K), 7 survivors (7168K)
 Metaspace       used 101585K, capacity 104259K, committed 104440K, reserved 1138688K
  class space    used 13266K, capacity 14325K, committed 14336K, reserved 1048576K
}
Event: 28.152 GC heap before
{Heap before GC invocations=41 (full 0):
 garbage-first heap   total 340992K, used 229322K [0x0000000080000000, 0x0000000100000000)
  region size 1024K, 16 young (16384K), 7 survivors (7168K)
 Metaspace       used 101655K, capacity 104336K, committed 104440K, reserved 1138688K
  class space    used 13276K, capacity 14329K, committed 14336K, reserved 1048576K
}
Event: 28.160 GC heap after
{Heap after GC invocations=42 (full 0):
 garbage-first heap   total 340992K, used 218506K [0x0000000080000000, 0x0000000100000000)
  region size 1024K, 2 young (2048K), 2 survivors (2048K)
 Metaspace       used 101655K, capacity 104336K, committed 104440K, reserved 1138688K
  class space    used 13276K, capacity 14329K, committed 14336K, reserved 1048576K
}
Event: 28.455 GC heap before
{Heap before GC invocations=42 (full 0):
 garbage-first heap   total 340992K, used 265610K [0x0000000080000000, 0x0000000100000000)
  region size 1024K, 48 young (49152K), 2 survivors (2048K)
 Metaspace       used 102015K, capacity 104696K, committed 104824K, reserved 1140736K
  class space    used 13323K, capacity 14402K, committed 14464K, reserved 1048576K
}
Event: 28.464 GC heap after
{Heap after GC invocations=43 (full 0):
 garbage-first heap   total 340992K, used 225647K [0x0000000080000000, 0x0000000100000000)
  region size 1024K, 6 young (6144K), 6 survivors (6144K)
 Metaspace       used 102015K, capacity 104696K, committed 104824K, reserved 1140736K
  class space    used 13323K, capacity 14402K, committed 14464K, reserved 1048576K
}
Event: 28.945 GC heap before
{Heap before GC invocations=44 (full 0):
 garbage-first heap   total 340992K, used 270703K [0x0000000080000000, 0x0000000100000000)
  region size 1024K, 51 young (52224K), 6 survivors (6144K)
 Metaspace       used 102200K, capacity 104704K, committed 105592K, reserved 1140736K
  class space    used 13187K, capacity 14134K, committed 14464K, reserved 1048576K
}

