# JRE version: OpenJDK Runtime Environment (11.0.10) (build 11.0.10+0-b96-7249189)
# Java VM: OpenJDK 64-Bit Server VM (11.0.10+0-b96-7249189, mixed mode, tiered, compressed oops, g1 gc, windows-amd64)
Heap:
 garbage-first heap   total 270336K, used 191094K [0x0000000080000000, 0x0000000100000000)
  region size 1024K, 70 young (71680K), 11 survivors (11264K)
 Metaspace       used 107381K, capacity 110321K, committed 110412K, reserved 1144832K
  class space    used 13525K, capacity 14630K, committed 14720K, reserved 1048576K
GC Heap History (20 events):
Event: 17.114 GC heap before
{Heap before GC invocations=36 (full 0):
 garbage-first heap   total 187392K, used 138362K [0x0000000080000000, 0x0000000100000000)
  region size 1024K, 47 young (48128K), 5 survivors (5120K)
 Metaspace       used 78245K, capacity 80255K, committed 80460K, reserved 1118208K
  class space    used 10072K, capacity 10756K, committed 10880K, reserved 1048576K
}
Event: 17.128 GC heap after
{Heap after GC invocations=37 (full 0):
 garbage-first heap   total 187392K, used 99891K [0x0000000080000000, 0x0000000100000000)
  region size 1024K, 6 young (6144K), 6 survivors (6144K)
 Metaspace       used 78245K, capacity 80255K, committed 80460K, reserved 1118208K
  class space    used 10072K, capacity 10756K, committed 10880K, reserved 1048576K
}
Event: 18.359 GC heap before
{Heap before GC invocations=38 (full 0):
 garbage-first heap   total 187392K, used 141875K [0x0000000080000000, 0x0000000100000000)
  region size 1024K, 48 young (49152K), 6 survivors (6144K)
 Metaspace       used 81364K, capacity 83506K, committed 83660K, reserved 1122304K
  class space    used 10408K, capacity 11188K, committed 11264K, reserved 1048576K
}
Event: 18.373 GC heap after
{Heap after GC invocations=39 (full 0):
 garbage-first heap   total 187392K, used 102951K [0x0000000080000000, 0x0000000100000000)
  region size 1024K, 4 young (4096K), 4 survivors (4096K)
 Metaspace       used 81364K, capacity 83506K, committed 83660K, reserved 1122304K
  class space    used 10408K, capacity 11188K, committed 11264K, reserved 1048576K
}
Event: 19.189 GC heap before
{Heap before GC invocations=39 (full 0):
 garbage-first heap   total 187392K, used 144935K [0x0000000080000000, 0x0000000100000000)
  region size 1024K, 45 young (46080K), 4 survivors (4096K)
 Metaspace       used 83510K, capacity 85679K, committed 85836K, reserved 1124352K
  class space    used 10731K, capacity 11526K, committed 11648K, reserved 1048576K
}
Event: 19.199 GC heap after
{Heap after GC invocations=40 (full 0):
 garbage-first heap   total 187392K, used 105089K [0x0000000080000000, 0x0000000100000000)
  region size 1024K, 6 young (6144K), 6 survivors (6144K)
 Metaspace       used 83510K, capacity 85679K, committed 85836K, reserved 1124352K
  class space    used 10731K, capacity 11526K, committed 11648K, reserved 1048576K
}
Event: 20.341 GC heap before
{Heap before GC invocations=41 (full 0):
 garbage-first heap   total 187392K, used 148097K [0x0000000080000000, 0x0000000100000000)
  region size 1024K, 48 young (49152K), 6 survivors (6144K)
 Metaspace       used 85995K, capacity 88266K, committed 88396K, reserved 1126400K
  class space    used 11095K, capacity 11884K, committed 11904K, reserved 1048576K
}
Event: 20.355 GC heap after
{Heap after GC invocations=42 (full 0):
 garbage-first heap   total 225280K, used 107297K [0x0000000080000000, 0x0000000100000000)
  region size 1024K, 5 young (5120K), 5 survivors (5120K)
 Metaspace       used 85995K, capacity 88266K, committed 88396K, reserved 1126400K
  class space    used 11095K, capacity 11884K, committed 11904K, reserved 1048576K
}
Event: 21.818 GC heap before
{Heap before GC invocations=42 (full 0):
 garbage-first heap   total 225280K, used 151329K [0x0000000080000000, 0x0000000100000000)
  region size 1024K, 49 young (50176K), 5 survivors (5120K)
 Metaspace       used 89967K, capacity 92237K, committed 92492K, reserved 1130496K
  class space    used 11570K, capacity 12391K, committed 12416K, reserved 1048576K
}
Event: 21.833 GC heap after
{Heap after GC invocations=43 (full 0):
 garbage-first heap   total 225280K, used 111575K [0x0000000080000000, 0x0000000100000000)
  region size 1024K, 9 young (9216K), 9 survivors (9216K)
 Metaspace       used 89967K, capacity 92237K, committed 92492K, reserved 1130496K
  class space    used 11570K, capacity 12391K, committed 12416K, reserved 1048576K
}
Event: 24.056 GC heap before
{Heap before GC invocations=44 (full 0):
 garbage-first heap   total 225280K, used 171991K [0x0000000080000000, 0x0000000100000000)
  region size 1024K, 67 young (68608K), 9 survivors (9216K)
 Metaspace       used 96113K, capacity 98403K, committed 98636K, reserved 1134592K
  class space    used 12256K, capacity 13113K, committed 13184K, reserved 1048576K
}
Event: 24.099 GC heap after
{Heap after GC invocations=45 (full 0):
 garbage-first heap   total 225280K, used 115187K [0x0000000080000000, 0x0000000100000000)
  region size 1024K, 8 young (8192K), 8 survivors (8192K)
 Metaspace       used 96113K, capacity 98403K, committed 98636K, reserved 1134592K
  class space    used 12256K, capacity 13113K, committed 13184K, reserved 1048576K
}
Event: 25.156 GC heap before
{Heap before GC invocations=45 (full 0):
 garbage-first heap   total 225280K, used 173555K [0x0000000080000000, 0x0000000100000000)
  region size 1024K, 66 young (67584K), 8 survivors (8192K)
 Metaspace       used 97370K, capacity 99877K, committed 99916K, reserved 1136640K
  class space    used 12476K, capacity 13408K, committed 13440K, reserved 1048576K
}
Event: 25.178 GC heap after
{Heap after GC invocations=46 (full 0):
 garbage-first heap   total 225280K, used 120752K [0x0000000080000000, 0x0000000100000000)
  region size 1024K, 9 young (9216K), 9 survivors (9216K)
 Metaspace       used 97370K, capacity 99877K, committed 99916K, reserved 1136640K
  class space    used 12476K, capacity 13408K, committed 13440K, reserved 1048576K
}
Event: 26.051 GC heap before
{Heap before GC invocations=47 (full 0):
 garbage-first heap   total 225280K, used 178096K [0x0000000080000000, 0x0000000100000000)
  region size 1024K, 66 young (67584K), 9 survivors (9216K)
 Metaspace       used 97601K, capacity 100168K, committed 100428K, reserved 1136640K
  class space    used 12478K, capacity 13411K, committed 13440K, reserved 1048576K
}
Event: 26.072 GC heap after
{Heap after GC invocations=48 (full 0):
 garbage-first heap   total 270336K, used 124486K [0x0000000080000000, 0x0000000100000000)
  region size 1024K, 6 young (6144K), 6 survivors (6144K)
 Metaspace       used 97601K, capacity 100168K, committed 100428K, reserved 1136640K
  class space    used 12478K, capacity 13411K, committed 13440K, reserved 1048576K
}
Event: 27.588 GC heap before
{Heap before GC invocations=48 (full 0):
 garbage-first heap   total 270336K, used 200262K [0x0000000080000000, 0x0000000100000000)
  region size 1024K, 81 young (82944K), 6 survivors (6144K)
 Metaspace       used 98231K, capacity 100803K, committed 101068K, reserved 1136640K
  class space    used 12526K, capacity 13456K, committed 13568K, reserved 1048576K
}
Event: 27.602 GC heap after
{Heap after GC invocations=49 (full 0):
 garbage-first heap   total 270336K, used 128369K [0x0000000080000000, 0x0000000100000000)
  region size 1024K, 9 young (9216K), 9 survivors (9216K)
 Metaspace       used 98231K, capacity 100803K, committed 101068K, reserved 1136640K
  class space    used 12526K, capacity 13456K, committed 13568K, reserved 1048576K
}
Event: 29.886 GC heap before
{Heap before GC invocations=49 (full 0):
 garbage-first heap   total 270336K, used 213361K [0x0000000080000000, 0x0000000100000000)
  region size 1024K, 92 young (94208K), 9 survivors (9216K)
 Metaspace       used 103073K, capacity 105842K, committed 106060K, reserved 1140736K
  class space    used 13140K, capacity 14183K, committed 14208K, reserved 1048576K
}
Event: 29.908 GC heap after
{Heap after GC invocations=50 (full 0):
 garbage-first heap   total 270336K, used 132726K [0x0000000080000000, 0x0000000100000000)
  region size 1024K, 11 young (11264K), 11 survivors (11264K)
 Metaspace       used 103073K, capacity 105842K, committed 106060K, reserved 1140736K
  class space    used 13140K, capacity 14183K, committed 14208K, reserved 1048576K
}

