# JRE version: OpenJDK Runtime Environment (11.0.10) (build 11.0.10+0-b96-7249189)
# Java VM: OpenJDK 64-Bit Server VM (11.0.10+0-b96-7249189, mixed mode, tiered, compressed oops, g1 gc, windows-amd64)
Heap:
 garbage-first heap   total 537600K, used 313579K [0x0000000080000000, 0x0000000100000000)
  region size 1024K, 34 young (34816K), 15 survivors (15360K)
 Metaspace       used 136336K, capacity 140069K, committed 140152K, reserved 1171456K
  class space    used 16905K, capacity 18300K, committed 18380K, reserved 1048576K
GC Heap History (20 events):
Event: 136.779 GC heap before
{Heap before GC invocations=106 (full 0):
 garbage-first heap   total 537600K, used 447355K [0x0000000080000000, 0x0000000100000000)
  region size 1024K, 275 young (281600K), 29 survivors (29696K)
 Metaspace       used 124335K, capacity 127629K, committed 127864K, reserved 1161216K
  class space    used 15515K, capacity 16754K, committed 16844K, reserved 1048576K
}
Event: 137.800 GC heap after
{Heap after GC invocations=107 (full 0):
 garbage-first heap   total 537600K, used 229151K [0x0000000080000000, 0x0000000100000000)
  region size 1024K, 35 young (35840K), 35 survivors (35840K)
 Metaspace       used 124335K, capacity 127629K, committed 127864K, reserved 1161216K
  class space    used 15515K, capacity 16754K, committed 16844K, reserved 1048576K
}
Event: 137.880 GC heap before
{Heap before GC invocations=107 (full 0):
 garbage-first heap   total 537600K, used 229151K [0x0000000080000000, 0x0000000100000000)
  region size 1024K, 36 young (36864K), 35 survivors (35840K)
 Metaspace       used 124336K, capacity 127629K, committed 127864K, reserved 1161216K
  class space    used 15515K, capacity 16754K, committed 16844K, reserved 1048576K
}
Event: 137.946 GC heap after
{Heap after GC invocations=108 (full 0):
 garbage-first heap   total 537600K, used 235517K [0x0000000080000000, 0x0000000100000000)
  region size 1024K, 4 young (4096K), 4 survivors (4096K)
 Metaspace       used 124336K, capacity 127629K, committed 127864K, reserved 1161216K
  class space    used 15515K, capacity 16754K, committed 16844K, reserved 1048576K
}
Event: 138.357 GC heap before
{Heap before GC invocations=108 (full 0):
 garbage-first heap   total 537600K, used 258045K [0x0000000080000000, 0x0000000100000000)
  region size 1024K, 26 young (26624K), 4 survivors (4096K)
 Metaspace       used 124383K, capacity 127697K, committed 127864K, reserved 1161216K
  class space    used 15517K, capacity 16755K, committed 16844K, reserved 1048576K
}
Event: 138.365 GC heap after
{Heap after GC invocations=109 (full 0):
 garbage-first heap   total 537600K, used 233676K [0x0000000080000000, 0x0000000100000000)
  region size 1024K, 3 young (3072K), 3 survivors (3072K)
 Metaspace       used 124383K, capacity 127697K, committed 127864K, reserved 1161216K
  class space    used 15517K, capacity 16755K, committed 16844K, reserved 1048576K
}
Event: 138.791 GC heap before
{Heap before GC invocations=109 (full 0):
 garbage-first heap   total 537600K, used 278732K [0x0000000080000000, 0x0000000100000000)
  region size 1024K, 47 young (48128K), 3 survivors (3072K)
 Metaspace       used 124390K, capacity 127697K, committed 127864K, reserved 1161216K
  class space    used 15517K, capacity 16755K, committed 16844K, reserved 1048576K
}
Event: 138.797 GC heap after
{Heap after GC invocations=110 (full 0):
 garbage-first heap   total 537600K, used 233327K [0x0000000080000000, 0x0000000100000000)
  region size 1024K, 2 young (2048K), 2 survivors (2048K)
 Metaspace       used 124390K, capacity 127697K, committed 127864K, reserved 1161216K
  class space    used 15517K, capacity 16755K, committed 16844K, reserved 1048576K
}
Event: 140.078 GC heap before
{Heap before GC invocations=110 (full 0):
 garbage-first heap   total 537600K, used 329583K [0x0000000080000000, 0x0000000100000000)
  region size 1024K, 80 young (81920K), 2 survivors (2048K)
 Metaspace       used 127698K, capacity 131043K, committed 131192K, reserved 1163264K
  class space    used 15778K, capacity 16997K, committed 17100K, reserved 1048576K
}
Event: 140.102 GC heap after
{Heap after GC invocations=111 (full 0):
 garbage-first heap   total 537600K, used 238911K [0x0000000080000000, 0x0000000100000000)
  region size 1024K, 8 young (8192K), 8 survivors (8192K)
 Metaspace       used 127698K, capacity 131043K, committed 131192K, reserved 1163264K
  class space    used 15778K, capacity 16997K, committed 17100K, reserved 1048576K
}
Event: 140.851 GC heap before
{Heap before GC invocations=111 (full 0):
 garbage-first heap   total 537600K, used 355647K [0x0000000080000000, 0x0000000100000000)
  region size 1024K, 93 young (95232K), 8 survivors (8192K)
 Metaspace       used 128777K, capacity 132135K, committed 132344K, reserved 1165312K
  class space    used 15854K, capacity 17125K, committed 17228K, reserved 1048576K
}
Event: 140.871 GC heap after
{Heap after GC invocations=112 (full 0):
 garbage-first heap   total 537600K, used 242270K [0x0000000080000000, 0x0000000100000000)
  region size 1024K, 10 young (10240K), 10 survivors (10240K)
 Metaspace       used 128777K, capacity 132135K, committed 132344K, reserved 1165312K
  class space    used 15854K, capacity 17125K, committed 17228K, reserved 1048576K
}
Event: 142.600 GC heap before
{Heap before GC invocations=112 (full 0):
 garbage-first heap   total 537600K, used 341598K [0x0000000080000000, 0x0000000100000000)
  region size 1024K, 108 young (110592K), 10 survivors (10240K)
 Metaspace       used 129849K, capacity 133320K, committed 133368K, reserved 1165312K
  class space    used 15959K, capacity 17211K, committed 17228K, reserved 1048576K
}
Event: 142.619 GC heap after
{Heap after GC invocations=113 (full 0):
 garbage-first heap   total 537600K, used 239183K [0x0000000080000000, 0x0000000100000000)
  region size 1024K, 6 young (6144K), 6 survivors (6144K)
 Metaspace       used 129849K, capacity 133320K, committed 133368K, reserved 1165312K
  class space    used 15959K, capacity 17211K, committed 17228K, reserved 1048576K
}
Event: 145.960 GC heap before
{Heap before GC invocations=113 (full 0):
 garbage-first heap   total 537600K, used 394831K [0x0000000080000000, 0x0000000100000000)
  region size 1024K, 159 young (162816K), 6 survivors (6144K)
 Metaspace       used 130949K, capacity 134390K, committed 134520K, reserved 1167360K
  class space    used 16053K, capacity 17315K, committed 17356K, reserved 1048576K
}
Event: 145.994 GC heap after
{Heap after GC invocations=114 (full 0):
 garbage-first heap   total 537600K, used 245501K [0x0000000080000000, 0x0000000100000000)
  region size 1024K, 12 young (12288K), 12 survivors (12288K)
 Metaspace       used 130949K, capacity 134390K, committed 134520K, reserved 1167360K
  class space    used 16053K, capacity 17315K, committed 17356K, reserved 1048576K
}
Event: 149.441 GC heap before
{Heap before GC invocations=114 (full 0):
 garbage-first heap   total 537600K, used 415485K [0x0000000080000000, 0x0000000100000000)
  region size 1024K, 176 young (180224K), 12 survivors (12288K)
 Metaspace       used 133152K, capacity 136796K, committed 136952K, reserved 1169408K
  class space    used 16377K, capacity 17717K, committed 17740K, reserved 1048576K
}
Event: 149.765 GC heap after
{Heap after GC invocations=115 (full 0):
 garbage-first heap   total 537600K, used 278590K [0x0000000080000000, 0x0000000100000000)
  region size 1024K, 22 young (22528K), 22 survivors (22528K)
 Metaspace       used 133152K, capacity 136796K, committed 136952K, reserved 1169408K
  class space    used 16377K, capacity 17717K, committed 17740K, reserved 1048576K
}
Event: 150.398 GC heap before
{Heap before GC invocations=115 (full 0):
 garbage-first heap   total 537600K, used 377918K [0x0000000080000000, 0x0000000100000000)
  region size 1024K, 120 young (122880K), 22 survivors (22528K)
 Metaspace       used 135678K, capacity 139414K, committed 139768K, reserved 1171456K
  class space    used 16779K, capacity 18147K, committed 18252K, reserved 1048576K
}
Event: 150.497 GC heap after
{Heap after GC invocations=116 (full 0):
 garbage-first heap   total 537600K, used 295147K [0x0000000080000000, 0x0000000100000000)
  region size 1024K, 15 young (15360K), 15 survivors (15360K)
 Metaspace       used 135678K, capacity 139414K, committed 139768K, reserved 1171456K
  class space    used 16779K, capacity 18147K, committed 18252K, reserved 1048576K
}

