# JRE version: OpenJDK Runtime Environment (11.0.10) (build 11.0.10+0-b96-7249189)
# Java VM: OpenJDK 64-Bit Server VM (11.0.10+0-b96-7249189, mixed mode, tiered, compressed oops, g1 gc, windows-amd64)
Heap:
 garbage-first heap   total 421888K, used 162292K [0x0000000080000000, 0x0000000100000000)
  region size 1024K, 11 young (11264K), 11 survivors (11264K)
 Metaspace       used 105645K, capacity 108157K, committed 108632K, reserved 1142784K
  class space    used 13413K, capacity 14285K, committed 14464K, reserved 1048576K
GC Heap History (20 events):
Event: 25.641 GC heap after
{Heap after GC invocations=45 (full 0):
 garbage-first heap   total 225280K, used 140191K [0x0000000080000000, 0x0000000100000000)
  region size 1024K, 3 young (3072K), 3 survivors (3072K)
 Metaspace       used 105473K, capacity 107983K, committed 108632K, reserved 1142784K
  class space    used 13410K, capacity 14279K, committed 14464K, reserved 1048576K
}
Event: 25.974 GC heap before
{Heap before GC invocations=46 (full 0):
 garbage-first heap   total 225280K, used 181151K [0x0000000080000000, 0x0000000100000000)
  region size 1024K, 46 young (47104K), 3 survivors (3072K)
 Metaspace       used 105519K, capacity 107999K, committed 108632K, reserved 1142784K
  class space    used 13411K, capacity 14281K, committed 14464K, reserved 1048576K
}
Event: 25.977 GC heap after
{Heap after GC invocations=47 (full 0):
 garbage-first heap   total 225280K, used 138687K [0x0000000080000000, 0x0000000100000000)
  region size 1024K, 4 young (4096K), 4 survivors (4096K)
 Metaspace       used 105519K, capacity 107999K, committed 108632K, reserved 1142784K
  class space    used 13411K, capacity 14281K, committed 14464K, reserved 1048576K
}
Event: 25.982 GC heap before
{Heap before GC invocations=47 (full 0):
 garbage-first heap   total 225280K, used 139711K [0x0000000080000000, 0x0000000100000000)
  region size 1024K, 6 young (6144K), 4 survivors (4096K)
 Metaspace       used 105519K, capacity 107999K, committed 108632K, reserved 1142784K
  class space    used 13411K, capacity 14281K, committed 14464K, reserved 1048576K
}
Event: 25.990 GC heap after
{Heap after GC invocations=48 (full 0):
 garbage-first heap   total 270336K, used 138702K [0x0000000080000000, 0x0000000100000000)
  region size 1024K, 4 young (4096K), 4 survivors (4096K)
 Metaspace       used 105519K, capacity 107999K, committed 108632K, reserved 1142784K
  class space    used 13411K, capacity 14281K, committed 14464K, reserved 1048576K
}
Event: 26.378 GC heap before
{Heap before GC invocations=49 (full 0):
 garbage-first heap   total 270336K, used 203041K [0x0000000080000000, 0x0000000100000000)
  region size 1024K, 67 young (68608K), 4 survivors (4096K)
 Metaspace       used 105575K, capacity 108080K, committed 108632K, reserved 1142784K
  class space    used 13412K, capacity 14283K, committed 14464K, reserved 1048576K
}
Event: 26.383 GC heap after
{Heap after GC invocations=50 (full 0):
 garbage-first heap   total 270336K, used 142359K [0x0000000080000000, 0x0000000100000000)
  region size 1024K, 9 young (9216K), 9 survivors (9216K)
 Metaspace       used 105575K, capacity 108080K, committed 108632K, reserved 1142784K
  class space    used 13412K, capacity 14283K, committed 14464K, reserved 1048576K
}
Event: 26.392 GC heap before
{Heap before GC invocations=50 (full 0):
 garbage-first heap   total 270336K, used 149527K [0x0000000080000000, 0x0000000100000000)
  region size 1024K, 13 young (13312K), 9 survivors (9216K)
 Metaspace       used 105575K, capacity 108080K, committed 108632K, reserved 1142784K
  class space    used 13412K, capacity 14283K, committed 14464K, reserved 1048576K
}
Event: 26.399 GC heap after
{Heap after GC invocations=51 (full 0):
 garbage-first heap   total 270336K, used 144904K [0x0000000080000000, 0x0000000100000000)
  region size 1024K, 1 young (1024K), 1 survivors (1024K)
 Metaspace       used 105575K, capacity 108080K, committed 108632K, reserved 1142784K
  class space    used 13412K, capacity 14283K, committed 14464K, reserved 1048576K
}
Event: 26.520 GC heap before
{Heap before GC invocations=51 (full 0):
 garbage-first heap   total 270336K, used 209416K [0x0000000080000000, 0x0000000100000000)
  region size 1024K, 64 young (65536K), 1 survivors (1024K)
 Metaspace       used 105585K, capacity 108086K, committed 108632K, reserved 1142784K
  class space    used 13413K, capacity 14284K, committed 14464K, reserved 1048576K
}
Event: 26.528 GC heap after
{Heap after GC invocations=52 (full 0):
 garbage-first heap   total 270336K, used 147248K [0x0000000080000000, 0x0000000100000000)
  region size 1024K, 4 young (4096K), 4 survivors (4096K)
 Metaspace       used 105585K, capacity 108086K, committed 108632K, reserved 1142784K
  class space    used 13413K, capacity 14284K, committed 14464K, reserved 1048576K
}
Event: 27.005 GC heap before
{Heap before GC invocations=53 (full 0):
 garbage-first heap   total 270336K, used 213808K [0x0000000080000000, 0x0000000100000000)
  region size 1024K, 72 young (73728K), 4 survivors (4096K)
 Metaspace       used 105585K, capacity 108086K, committed 108632K, reserved 1142784K
  class space    used 13413K, capacity 14284K, committed 14464K, reserved 1048576K
}
Event: 27.016 GC heap after
{Heap after GC invocations=54 (full 0):
 garbage-first heap   total 351232K, used 146246K [0x0000000080000000, 0x0000000100000000)
  region size 1024K, 7 young (7168K), 7 survivors (7168K)
 Metaspace       used 105585K, capacity 108086K, committed 108632K, reserved 1142784K
  class space    used 13413K, capacity 14284K, committed 14464K, reserved 1048576K
}
Event: 27.064 GC heap before
{Heap before GC invocations=54 (full 0):
 garbage-first heap   total 351232K, used 155462K [0x0000000080000000, 0x0000000100000000)
  region size 1024K, 17 young (17408K), 7 survivors (7168K)
 Metaspace       used 105585K, capacity 108086K, committed 108632K, reserved 1142784K
  class space    used 13413K, capacity 14284K, committed 14464K, reserved 1048576K
}
Event: 27.071 GC heap after
{Heap after GC invocations=55 (full 0):
 garbage-first heap   total 351232K, used 146515K [0x0000000080000000, 0x0000000100000000)
  region size 1024K, 1 young (1024K), 1 survivors (1024K)
 Metaspace       used 105585K, capacity 108086K, committed 108632K, reserved 1142784K
  class space    used 13413K, capacity 14284K, committed 14464K, reserved 1048576K
}
Event: 27.549 GC heap before
{Heap before GC invocations=55 (full 0):
 garbage-first heap   total 351232K, used 298067K [0x0000000080000000, 0x0000000100000000)
  region size 1024K, 139 young (142336K), 1 survivors (1024K)
 Metaspace       used 105596K, capacity 108150K, committed 108632K, reserved 1142784K
  class space    used 13413K, capacity 14284K, committed 14464K, reserved 1048576K
}
Event: 27.557 GC heap after
{Heap after GC invocations=56 (full 0):
 garbage-first heap   total 351232K, used 156322K [0x0000000080000000, 0x0000000100000000)
  region size 1024K, 6 young (6144K), 6 survivors (6144K)
 Metaspace       used 105596K, capacity 108150K, committed 108632K, reserved 1142784K
  class space    used 13413K, capacity 14284K, committed 14464K, reserved 1048576K
}
Event: 27.817 GC heap before
{Heap before GC invocations=56 (full 0):
 garbage-first heap   total 351232K, used 285346K [0x0000000080000000, 0x0000000100000000)
  region size 1024K, 128 young (131072K), 6 survivors (6144K)
 Metaspace       used 105598K, capacity 108150K, committed 108632K, reserved 1142784K
  class space    used 13413K, capacity 14284K, committed 14464K, reserved 1048576K
}
Event: 27.826 GC heap after
{Heap after GC invocations=57 (full 0):
 garbage-first heap   total 351232K, used 160362K [0x0000000080000000, 0x0000000100000000)
  region size 1024K, 12 young (12288K), 12 survivors (12288K)
 Metaspace       used 105598K, capacity 108150K, committed 108632K, reserved 1142784K
  class space    used 13413K, capacity 14284K, committed 14464K, reserved 1048576K
}
Event: 28.195 GC heap before
{Heap before GC invocations=58 (full 0):
 garbage-first heap   total 351232K, used 313962K [0x0000000080000000, 0x0000000100000000)
  region size 1024K, 134 young (137216K), 12 survivors (12288K)
 Metaspace       used 105645K, capacity 108157K, committed 108632K, reserved 1142784K
  class space    used 13413K, capacity 14285K, committed 14464K, reserved 1048576K
}

