# JRE version: OpenJDK Runtime Environment (11.0.10) (build 11.0.10+0-b96-7249189)
# Java VM: OpenJDK 64-Bit Server VM (11.0.10+0-b96-7249189, mixed mode, tiered, compressed oops, g1 gc, windows-amd64)
Heap:
 garbage-first heap   total 927744K, used 380928K [0x0000000080000000, 0x0000000100000000)
  region size 1024K, 8 young (8192K), 8 survivors (8192K)
 Metaspace       used 99854K, capacity 102393K, committed 102520K, reserved 1138688K
  class space    used 12904K, capacity 13862K, committed 13944K, reserved 1048576K
GC Heap History (20 events):
Event: 32.323 GC heap after
{Heap after GC invocations=41 (full 0):
 garbage-first heap   total 286720K, used 252075K [0x0000000080000000, 0x0000000100000000)
  region size 1024K, 2 young (2048K), 2 survivors (2048K)
 Metaspace       used 97198K, capacity 99606K, committed 99832K, reserved 1136640K
  class space    used 12356K, capacity 13233K, committed 13304K, reserved 1048576K
}
Event: 32.441 GC heap before
{Heap before GC invocations=42 (full 0):
 garbage-first heap   total 286720K, used 265387K [0x0000000080000000, 0x0000000100000000)
  region size 1024K, 14 young (14336K), 2 survivors (2048K)
 Metaspace       used 97198K, capacity 99606K, committed 99832K, reserved 1136640K
  class space    used 12356K, capacity 13233K, committed 13304K, reserved 1048576K
}
Event: 32.448 GC heap after
{Heap after GC invocations=43 (full 0):
 garbage-first heap   total 286720K, used 256722K [0x0000000080000000, 0x0000000100000000)
  region size 1024K, 2 young (2048K), 2 survivors (2048K)
 Metaspace       used 97198K, capacity 99606K, committed 99832K, reserved 1136640K
  class space    used 12356K, capacity 13233K, committed 13304K, reserved 1048576K
}
Event: 32.544 GC heap before
{Heap before GC invocations=43 (full 0):
 garbage-first heap   total 286720K, used 269010K [0x0000000080000000, 0x0000000100000000)
  region size 1024K, 14 young (14336K), 2 survivors (2048K)
 Metaspace       used 97198K, capacity 99606K, committed 99832K, reserved 1136640K
  class space    used 12356K, capacity 13233K, committed 13304K, reserved 1048576K
}
Event: 32.551 GC heap after
{Heap after GC invocations=44 (full 0):
 garbage-first heap   total 344064K, used 259537K [0x0000000080000000, 0x0000000100000000)
  region size 1024K, 2 young (2048K), 2 survivors (2048K)
 Metaspace       used 97198K, capacity 99606K, committed 99832K, reserved 1136640K
  class space    used 12356K, capacity 13233K, committed 13304K, reserved 1048576K
}
Event: 32.586 GC heap before
{Heap before GC invocations=44 (full 0):
 garbage-first heap   total 344064K, used 262609K [0x0000000080000000, 0x0000000100000000)
  region size 1024K, 6 young (6144K), 2 survivors (2048K)
 Metaspace       used 97198K, capacity 99606K, committed 99832K, reserved 1136640K
  class space    used 12356K, capacity 13233K, committed 13304K, reserved 1048576K
}
Event: 32.593 GC heap after
{Heap after GC invocations=45 (full 0):
 garbage-first heap   total 344064K, used 261376K [0x0000000080000000, 0x0000000100000000)
  region size 1024K, 2 young (2048K), 2 survivors (2048K)
 Metaspace       used 97198K, capacity 99606K, committed 99832K, reserved 1136640K
  class space    used 12356K, capacity 13233K, committed 13304K, reserved 1048576K
}
Event: 32.802 GC heap before
{Heap before GC invocations=45 (full 0):
 garbage-first heap   total 344064K, used 288000K [0x0000000080000000, 0x0000000100000000)
  region size 1024K, 20 young (20480K), 2 survivors (2048K)
 Metaspace       used 97198K, capacity 99606K, committed 99832K, reserved 1136640K
  class space    used 12356K, capacity 13233K, committed 13304K, reserved 1048576K
}
Event: 32.820 GC heap after
{Heap after GC invocations=46 (full 0):
 garbage-first heap   total 344064K, used 269664K [0x0000000080000000, 0x0000000100000000)
  region size 1024K, 3 young (3072K), 3 survivors (3072K)
 Metaspace       used 97198K, capacity 99606K, committed 99832K, reserved 1136640K
  class space    used 12356K, capacity 13233K, committed 13304K, reserved 1048576K
}
Event: 33.027 GC heap before
{Heap before GC invocations=47 (full 0):
 garbage-first heap   total 344064K, used 280928K [0x0000000080000000, 0x0000000100000000)
  region size 1024K, 16 young (16384K), 3 survivors (3072K)
 Metaspace       used 97201K, capacity 99606K, committed 99832K, reserved 1136640K
  class space    used 12356K, capacity 13233K, committed 13304K, reserved 1048576K
}
Event: 33.051 GC heap after
{Heap after GC invocations=48 (full 0):
 garbage-first heap   total 344064K, used 274659K [0x0000000080000000, 0x0000000100000000)
  region size 1024K, 3 young (3072K), 3 survivors (3072K)
 Metaspace       used 97201K, capacity 99606K, committed 99832K, reserved 1136640K
  class space    used 12356K, capacity 13233K, committed 13304K, reserved 1048576K
}
Event: 33.315 GC heap before
{Heap before GC invocations=48 (full 0):
 garbage-first heap   total 344064K, used 291043K [0x0000000080000000, 0x0000000100000000)
  region size 1024K, 17 young (17408K), 3 survivors (3072K)
 Metaspace       used 97271K, capacity 99697K, committed 99832K, reserved 1136640K
  class space    used 12369K, capacity 13245K, committed 13304K, reserved 1048576K
}
Event: 33.345 GC heap after
{Heap after GC invocations=49 (full 0):
 garbage-first heap   total 538624K, used 283778K [0x0000000080000000, 0x0000000100000000)
  region size 1024K, 3 young (3072K), 3 survivors (3072K)
 Metaspace       used 97271K, capacity 99697K, committed 99832K, reserved 1136640K
  class space    used 12369K, capacity 13245K, committed 13304K, reserved 1048576K
}
Event: 33.731 GC heap before
{Heap before GC invocations=50 (full 0):
 garbage-first heap   total 538624K, used 306306K [0x0000000080000000, 0x0000000100000000)
  region size 1024K, 26 young (26624K), 3 survivors (3072K)
 Metaspace       used 97302K, capacity 99697K, committed 99832K, reserved 1136640K
  class space    used 12372K, capacity 13245K, committed 13304K, reserved 1048576K
}
Event: 33.765 GC heap after
{Heap after GC invocations=51 (full 0):
 garbage-first heap   total 538624K, used 293514K [0x0000000080000000, 0x0000000100000000)
  region size 1024K, 9 young (9216K), 9 survivors (9216K)
 Metaspace       used 97302K, capacity 99697K, committed 99832K, reserved 1136640K
  class space    used 12372K, capacity 13245K, committed 13304K, reserved 1048576K
}
Event: 34.631 GC heap before
{Heap before GC invocations=52 (full 0):
 garbage-first heap   total 538624K, used 361098K [0x0000000080000000, 0x0000000100000000)
  region size 1024K, 74 young (75776K), 9 survivors (9216K)
 Metaspace       used 99652K, capacity 102186K, committed 102520K, reserved 1138688K
  class space    used 12904K, capacity 13862K, committed 13944K, reserved 1048576K
}
Event: 34.706 GC heap after
{Heap after GC invocations=53 (full 0):
 garbage-first heap   total 538624K, used 320874K [0x0000000080000000, 0x0000000100000000)
  region size 1024K, 10 young (10240K), 10 survivors (10240K)
 Metaspace       used 99652K, capacity 102186K, committed 102520K, reserved 1138688K
  class space    used 12904K, capacity 13862K, committed 13944K, reserved 1048576K
}
Event: 35.222 GC heap before
{Heap before GC invocations=53 (full 0):
 garbage-first heap   total 538624K, used 382314K [0x0000000080000000, 0x0000000100000000)
  region size 1024K, 70 young (71680K), 10 survivors (10240K)
 Metaspace       used 99816K, capacity 102326K, committed 102520K, reserved 1138688K
  class space    used 12904K, capacity 13862K, committed 13944K, reserved 1048576K
}
Event: 35.294 GC heap after
{Heap after GC invocations=54 (full 0):
 garbage-first heap   total 538624K, used 353168K [0x0000000080000000, 0x0000000100000000)
  region size 1024K, 9 young (9216K), 9 survivors (9216K)
 Metaspace       used 99816K, capacity 102326K, committed 102520K, reserved 1138688K
  class space    used 12904K, capacity 13862K, committed 13944K, reserved 1048576K
}
Event: 35.877 GC heap before
{Heap before GC invocations=54 (full 0):
 garbage-first heap   total 538624K, used 403344K [0x0000000080000000, 0x0000000100000000)
  region size 1024K, 60 young (61440K), 9 survivors (9216K)
 Metaspace       used 99854K, capacity 102393K, committed 102520K, reserved 1138688K
  class space    used 12904K, capacity 13862K, committed 13944K, reserved 1048576K
}

