# JRE version: OpenJDK Runtime Environment (11.0.10) (build 11.0.10+0-b96-7249189)
# Java VM: OpenJDK 64-Bit Server VM (11.0.10+0-b96-7249189, mixed mode, tiered, compressed oops, g1 gc, windows-amd64)
Heap:
 garbage-first heap   total 395264K, used 188595K [0x0000000080000000, 0x0000000100000000)
  region size 1024K, 5 young (5120K), 5 survivors (5120K)
 Metaspace       used 100854K, capacity 103281K, committed 103800K, reserved 1138688K
  class space    used 13068K, capacity 14015K, committed 14208K, reserved 1048576K
GC Heap History (20 events):
Event: 26.119 GC heap after
{Heap after GC invocations=28 (full 0):
 garbage-first heap   total 225280K, used 110564K [0x0000000080000000, 0x0000000100000000)
  region size 1024K, 2 young (2048K), 2 survivors (2048K)
 Metaspace       used 92385K, capacity 94545K, committed 94968K, reserved 1132544K
  class space    used 11825K, capacity 12649K, committed 12800K, reserved 1048576K
}
Event: 26.427 GC heap before
{Heap before GC invocations=28 (full 0):
 garbage-first heap   total 225280K, used 176100K [0x0000000080000000, 0x0000000100000000)
  region size 1024K, 67 young (68608K), 2 survivors (2048K)
 Metaspace       used 93878K, capacity 96089K, committed 96376K, reserved 1132544K
  class space    used 12032K, capacity 12845K, committed 12928K, reserved 1048576K
}
Event: 26.440 GC heap after
{Heap after GC invocations=29 (full 0):
 garbage-first heap   total 225280K, used 132572K [0x0000000080000000, 0x0000000100000000)
  region size 1024K, 9 young (9216K), 9 survivors (9216K)
 Metaspace       used 93878K, capacity 96089K, committed 96376K, reserved 1132544K
  class space    used 12032K, capacity 12845K, committed 12928K, reserved 1048576K
}
Event: 26.690 GC heap before
{Heap before GC invocations=29 (full 0):
 garbage-first heap   total 225280K, used 176604K [0x0000000080000000, 0x0000000100000000)
  region size 1024K, 53 young (54272K), 9 survivors (9216K)
 Metaspace       used 95058K, capacity 97350K, committed 97656K, reserved 1134592K
  class space    used 12204K, capacity 13066K, committed 13184K, reserved 1048576K
}
Event: 26.702 GC heap after
{Heap after GC invocations=30 (full 0):
 garbage-first heap   total 225280K, used 146997K [0x0000000080000000, 0x0000000100000000)
  region size 1024K, 7 young (7168K), 7 survivors (7168K)
 Metaspace       used 95058K, capacity 97350K, committed 97656K, reserved 1134592K
  class space    used 12204K, capacity 13066K, committed 13184K, reserved 1048576K
}
Event: 26.892 GC heap before
{Heap before GC invocations=31 (full 0):
 garbage-first heap   total 225280K, used 178741K [0x0000000080000000, 0x0000000100000000)
  region size 1024K, 39 young (39936K), 7 survivors (7168K)
 Metaspace       used 95665K, capacity 97942K, committed 98168K, reserved 1134592K
  class space    used 12297K, capacity 13156K, committed 13184K, reserved 1048576K
}
Event: 26.902 GC heap after
{Heap after GC invocations=32 (full 0):
 garbage-first heap   total 225280K, used 151913K [0x0000000080000000, 0x0000000100000000)
  region size 1024K, 5 young (5120K), 5 survivors (5120K)
 Metaspace       used 95665K, capacity 97942K, committed 98168K, reserved 1134592K
  class space    used 12297K, capacity 13156K, committed 13184K, reserved 1048576K
}
Event: 27.009 GC heap before
{Heap before GC invocations=32 (full 0):
 garbage-first heap   total 225280K, used 180585K [0x0000000080000000, 0x0000000100000000)
  region size 1024K, 33 young (33792K), 5 survivors (5120K)
 Metaspace       used 96166K, capacity 98515K, committed 98808K, reserved 1134592K
  class space    used 12384K, capacity 13263K, committed 13312K, reserved 1048576K
}
Event: 27.021 GC heap after
{Heap after GC invocations=33 (full 0):
 garbage-first heap   total 225280K, used 159301K [0x0000000080000000, 0x0000000100000000)
  region size 1024K, 5 young (5120K), 5 survivors (5120K)
 Metaspace       used 96166K, capacity 98515K, committed 98808K, reserved 1134592K
  class space    used 12384K, capacity 13263K, committed 13312K, reserved 1048576K
}
Event: 27.252 GC heap before
{Heap before GC invocations=33 (full 0):
 garbage-first heap   total 225280K, used 182853K [0x0000000080000000, 0x0000000100000000)
  region size 1024K, 29 young (29696K), 5 survivors (5120K)
 Metaspace       used 97058K, capacity 99412K, committed 99704K, reserved 1136640K
  class space    used 12494K, capacity 13391K, committed 13440K, reserved 1048576K
}
Event: 27.261 GC heap after
{Heap after GC invocations=34 (full 0):
 garbage-first heap   total 225280K, used 163315K [0x0000000080000000, 0x0000000100000000)
  region size 1024K, 4 young (4096K), 4 survivors (4096K)
 Metaspace       used 97058K, capacity 99412K, committed 99704K, reserved 1136640K
  class space    used 12494K, capacity 13391K, committed 13440K, reserved 1048576K
}
Event: 27.412 GC heap before
{Heap before GC invocations=34 (full 0):
 garbage-first heap   total 225280K, used 184819K [0x0000000080000000, 0x0000000100000000)
  region size 1024K, 26 young (26624K), 4 survivors (4096K)
 Metaspace       used 97703K, capacity 100087K, committed 100344K, reserved 1136640K
  class space    used 12570K, capacity 13486K, committed 13568K, reserved 1048576K
}
Event: 27.426 GC heap after
{Heap after GC invocations=35 (full 0):
 garbage-first heap   total 270336K, used 169089K [0x0000000080000000, 0x0000000100000000)
  region size 1024K, 4 young (4096K), 4 survivors (4096K)
 Metaspace       used 97703K, capacity 100087K, committed 100344K, reserved 1136640K
  class space    used 12570K, capacity 13486K, committed 13568K, reserved 1048576K
}
Event: 27.609 GC heap before
{Heap before GC invocations=36 (full 0):
 garbage-first heap   total 270336K, used 214145K [0x0000000080000000, 0x0000000100000000)
  region size 1024K, 48 young (49152K), 4 survivors (4096K)
 Metaspace       used 98508K, capacity 100929K, committed 100984K, reserved 1136640K
  class space    used 12731K, capacity 13656K, committed 13696K, reserved 1048576K
}
Event: 27.624 GC heap after
{Heap after GC invocations=37 (full 0):
 garbage-first heap   total 270336K, used 180616K [0x0000000080000000, 0x0000000100000000)
  region size 1024K, 6 young (6144K), 6 survivors (6144K)
 Metaspace       used 98508K, capacity 100929K, committed 100984K, reserved 1136640K
  class space    used 12731K, capacity 13656K, committed 13696K, reserved 1048576K
}
Event: 27.642 GC heap before
{Heap before GC invocations=37 (full 0):
 garbage-first heap   total 270336K, used 186760K [0x0000000080000000, 0x0000000100000000)
  region size 1024K, 13 young (13312K), 6 survivors (6144K)
 Metaspace       used 98642K, capacity 101057K, committed 101240K, reserved 1136640K
  class space    used 12743K, capacity 13656K, committed 13696K, reserved 1048576K
}
Event: 27.655 GC heap after
{Heap after GC invocations=38 (full 0):
 garbage-first heap   total 270336K, used 171969K [0x0000000080000000, 0x0000000100000000)
  region size 1024K, 2 young (2048K), 2 survivors (2048K)
 Metaspace       used 98642K, capacity 101057K, committed 101240K, reserved 1136640K
  class space    used 12743K, capacity 13656K, committed 13696K, reserved 1048576K
}
Event: 27.792 GC heap before
{Heap before GC invocations=38 (full 0):
 garbage-first heap   total 270336K, used 213953K [0x0000000080000000, 0x0000000100000000)
  region size 1024K, 44 young (45056K), 2 survivors (2048K)
 Metaspace       used 99563K, capacity 102045K, committed 102264K, reserved 1138688K
  class space    used 12919K, capacity 13882K, committed 13952K, reserved 1048576K
}
Event: 27.803 GC heap after
{Heap after GC invocations=39 (full 0):
 garbage-first heap   total 270336K, used 183877K [0x0000000080000000, 0x0000000100000000)
  region size 1024K, 6 young (6144K), 6 survivors (6144K)
 Metaspace       used 99563K, capacity 102045K, committed 102264K, reserved 1138688K
  class space    used 12919K, capacity 13882K, committed 13952K, reserved 1048576K
}
Event: 28.206 GC heap before
{Heap before GC invocations=39 (full 0):
 garbage-first heap   total 270336K, used 217669K [0x0000000080000000, 0x0000000100000000)
  region size 1024K, 40 young (40960K), 6 survivors (6144K)
 Metaspace       used 100854K, capacity 103281K, committed 103800K, reserved 1138688K
  class space    used 13068K, capacity 14015K, committed 14208K, reserved 1048576K
}

