# JRE version: OpenJDK Runtime Environment (11.0.10) (build 11.0.10+0-b96-7249189)
# Java VM: OpenJDK 64-Bit Server VM (11.0.10+0-b96-7249189, mixed mode, tiered, compressed oops, g1 gc, windows-amd64)
Heap:
 garbage-first heap   total 270336K, used 196488K [0x0000000080000000, 0x0000000100000000)
  region size 1024K, 69 young (70656K), 7 survivors (7168K)
 Metaspace       used 112872K, capacity 115863K, committed 116044K, reserved 1150976K
  class space    used 14225K, capacity 15385K, committed 15488K, reserved 1048576K
GC Heap History (20 events):
Event: 57.466 GC heap before
{Heap before GC invocations=48 (full 0):
 garbage-first heap   total 225280K, used 171271K [0x0000000080000000, 0x0000000100000000)
  region size 1024K, 55 young (56320K), 7 survivors (7168K)
 Metaspace       used 95785K, capacity 97960K, committed 98252K, reserved 1134592K
  class space    used 11880K, capacity 12716K, committed 12800K, reserved 1048576K
}
Event: 57.480 GC heap after
{Heap after GC invocations=49 (full 0):
 garbage-first heap   total 225280K, used 110931K [0x0000000080000000, 0x0000000100000000)
  region size 1024K, 4 young (4096K), 4 survivors (4096K)
 Metaspace       used 95785K, capacity 97960K, committed 98252K, reserved 1134592K
  class space    used 11880K, capacity 12716K, committed 12800K, reserved 1048576K
}
Event: 57.930 GC heap before
{Heap before GC invocations=49 (full 0):
 garbage-first heap   total 225280K, used 118099K [0x0000000080000000, 0x0000000100000000)
  region size 1024K, 11 young (11264K), 4 survivors (4096K)
 Metaspace       used 95869K, capacity 98045K, committed 98252K, reserved 1134592K
  class space    used 11891K, capacity 12723K, committed 12800K, reserved 1048576K
}
Event: 57.943 GC heap after
{Heap after GC invocations=50 (full 0):
 garbage-first heap   total 225280K, used 110085K [0x0000000080000000, 0x0000000100000000)
  region size 1024K, 1 young (1024K), 1 survivors (1024K)
 Metaspace       used 95869K, capacity 98045K, committed 98252K, reserved 1134592K
  class space    used 11891K, capacity 12723K, committed 12800K, reserved 1048576K
}
Event: 62.229 GC heap before
{Heap before GC invocations=50 (full 0):
 garbage-first heap   total 225280K, used 165381K [0x0000000080000000, 0x0000000100000000)
  region size 1024K, 56 young (57344K), 1 survivors (1024K)
 Metaspace       used 99104K, capacity 101345K, committed 101452K, reserved 1138688K
  class space    used 12297K, capacity 13140K, committed 13184K, reserved 1048576K
}
Event: 62.246 GC heap after
{Heap after GC invocations=51 (full 0):
 garbage-first heap   total 225280K, used 111374K [0x0000000080000000, 0x0000000100000000)
  region size 1024K, 2 young (2048K), 2 survivors (2048K)
 Metaspace       used 99104K, capacity 101345K, committed 101452K, reserved 1138688K
  class space    used 12297K, capacity 13140K, committed 13184K, reserved 1048576K
}
Event: 64.808 GC heap before
{Heap before GC invocations=52 (full 0):
 garbage-first heap   total 225280K, used 167694K [0x0000000080000000, 0x0000000100000000)
  region size 1024K, 60 young (61440K), 2 survivors (2048K)
 Metaspace       used 99530K, capacity 101842K, committed 102092K, reserved 1138688K
  class space    used 12337K, capacity 13214K, committed 13312K, reserved 1048576K
}
Event: 64.823 GC heap after
{Heap after GC invocations=53 (full 0):
 garbage-first heap   total 225280K, used 114312K [0x0000000080000000, 0x0000000100000000)
  region size 1024K, 7 young (7168K), 7 survivors (7168K)
 Metaspace       used 99530K, capacity 101842K, committed 102092K, reserved 1138688K
  class space    used 12337K, capacity 13214K, committed 13312K, reserved 1048576K
}
Event: 64.910 GC heap before
{Heap before GC invocations=53 (full 0):
 garbage-first heap   total 225280K, used 117384K [0x0000000080000000, 0x0000000100000000)
  region size 1024K, 11 young (11264K), 7 survivors (7168K)
 Metaspace       used 99530K, capacity 101842K, committed 102092K, reserved 1138688K
  class space    used 12337K, capacity 13214K, committed 13312K, reserved 1048576K
}
Event: 64.938 GC heap after
{Heap after GC invocations=54 (full 0):
 garbage-first heap   total 225280K, used 107253K [0x0000000080000000, 0x0000000100000000)
  region size 1024K, 2 young (2048K), 2 survivors (2048K)
 Metaspace       used 99530K, capacity 101842K, committed 102092K, reserved 1138688K
  class space    used 12337K, capacity 13214K, committed 13312K, reserved 1048576K
}
Event: 66.416 GC heap before
{Heap before GC invocations=54 (full 0):
 garbage-first heap   total 225280K, used 168693K [0x0000000080000000, 0x0000000100000000)
  region size 1024K, 63 young (64512K), 2 survivors (2048K)
 Metaspace       used 99649K, capacity 101915K, committed 102092K, reserved 1138688K
  class space    used 12348K, capacity 13215K, committed 13312K, reserved 1048576K
}
Event: 66.447 GC heap after
{Heap after GC invocations=55 (full 0):
 garbage-first heap   total 270336K, used 112941K [0x0000000080000000, 0x0000000100000000)
  region size 1024K, 7 young (7168K), 7 survivors (7168K)
 Metaspace       used 99649K, capacity 101915K, committed 102092K, reserved 1138688K
  class space    used 12348K, capacity 13215K, committed 13312K, reserved 1048576K
}
Event: 69.136 GC heap before
{Heap before GC invocations=56 (full 0):
 garbage-first heap   total 270336K, used 195885K [0x0000000080000000, 0x0000000100000000)
  region size 1024K, 89 young (91136K), 7 survivors (7168K)
 Metaspace       used 101798K, capacity 104162K, committed 104396K, reserved 1140736K
  class space    used 12600K, capacity 13515K, committed 13568K, reserved 1048576K
}
Event: 69.154 GC heap after
{Heap after GC invocations=57 (full 0):
 garbage-first heap   total 270336K, used 119568K [0x0000000080000000, 0x0000000100000000)
  region size 1024K, 11 young (11264K), 11 survivors (11264K)
 Metaspace       used 101798K, capacity 104162K, committed 104396K, reserved 1140736K
  class space    used 12600K, capacity 13515K, committed 13568K, reserved 1048576K
}
Event: 69.230 GC heap before
{Heap before GC invocations=57 (full 0):
 garbage-first heap   total 270336K, used 120592K [0x0000000080000000, 0x0000000100000000)
  region size 1024K, 13 young (13312K), 11 survivors (11264K)
 Metaspace       used 101858K, capacity 104226K, committed 104396K, reserved 1140736K
  class space    used 12614K, capacity 13515K, committed 13568K, reserved 1048576K
}
Event: 69.247 GC heap after
{Heap after GC invocations=58 (full 0):
 garbage-first heap   total 270336K, used 116844K [0x0000000080000000, 0x0000000100000000)
  region size 1024K, 2 young (2048K), 2 survivors (2048K)
 Metaspace       used 101858K, capacity 104226K, committed 104396K, reserved 1140736K
  class space    used 12614K, capacity 13515K, committed 13568K, reserved 1048576K
}
Event: 72.060 GC heap before
{Heap before GC invocations=58 (full 0):
 garbage-first heap   total 270336K, used 198764K [0x0000000080000000, 0x0000000100000000)
  region size 1024K, 83 young (84992K), 2 survivors (2048K)
 Metaspace       used 107553K, capacity 110168K, committed 110284K, reserved 1144832K
  class space    used 13451K, capacity 14496K, committed 14592K, reserved 1048576K
}
Event: 72.082 GC heap after
{Heap after GC invocations=59 (full 0):
 garbage-first heap   total 270336K, used 128693K [0x0000000080000000, 0x0000000100000000)
  region size 1024K, 11 young (11264K), 11 survivors (11264K)
 Metaspace       used 107553K, capacity 110168K, committed 110284K, reserved 1144832K
  class space    used 13451K, capacity 14496K, committed 14592K, reserved 1048576K
}
Event: 73.512 GC heap before
{Heap before GC invocations=59 (full 0):
 garbage-first heap   total 270336K, used 206517K [0x0000000080000000, 0x0000000100000000)
  region size 1024K, 87 young (89088K), 11 survivors (11264K)
 Metaspace       used 112054K, capacity 114954K, committed 115148K, reserved 1148928K
  class space    used 14123K, capacity 15279K, committed 15360K, reserved 1048576K
}
Event: 73.545 GC heap after
{Heap after GC invocations=60 (full 0):
 garbage-first heap   total 270336K, used 134024K [0x0000000080000000, 0x0000000100000000)
  region size 1024K, 7 young (7168K), 7 survivors (7168K)
 Metaspace       used 112054K, capacity 114954K, committed 115148K, reserved 1148928K
  class space    used 14123K, capacity 15279K, committed 15360K, reserved 1048576K
}

