# JRE version: OpenJDK Runtime Environment (11.0.10) (build 11.0.10+0-b96-7249189)
# Java VM: OpenJDK 64-Bit Server VM (11.0.10+0-b96-7249189, mixed mode, tiered, compressed oops, g1 gc, windows-amd64)
Heap:
 garbage-first heap   total 822272K, used 242323K [0x0000000080000000, 0x0000000100000000)
  region size 1024K, 14 young (14336K), 14 survivors (14336K)
 Metaspace       used 135925K, capacity 139782K, committed 139904K, reserved 1171456K
  class space    used 17107K, capacity 18544K, committed 18560K, reserved 1048576K
GC Heap History (20 events):
Event: 64.851 GC heap after
{Heap after GC invocations=51 (full 0):
 garbage-first heap   total 343040K, used 175126K [0x0000000080000000, 0x0000000100000000)
  region size 1024K, 1 young (1024K), 1 survivors (1024K)
 Metaspace       used 122266K, capacity 125510K, committed 126208K, reserved 1159168K
  class space    used 15379K, capacity 16618K, committed 16896K, reserved 1048576K
}
Event: 65.028 GC heap before
{Heap before GC invocations=51 (full 0):
 garbage-first heap   total 343040K, used 187414K [0x0000000080000000, 0x0000000100000000)
  region size 1024K, 14 young (14336K), 1 survivors (1024K)
 Metaspace       used 122304K, capacity 125580K, committed 126464K, reserved 1159168K
  class space    used 15382K, capacity 16620K, committed 16896K, reserved 1048576K
}
Event: 65.037 GC heap after
{Heap after GC invocations=52 (full 0):
 garbage-first heap   total 343040K, used 180194K [0x0000000080000000, 0x0000000100000000)
  region size 1024K, 6 young (6144K), 6 survivors (6144K)
 Metaspace       used 122304K, capacity 125580K, committed 126464K, reserved 1159168K
  class space    used 15382K, capacity 16620K, committed 16896K, reserved 1048576K
}
Event: 66.260 GC heap before
{Heap before GC invocations=53 (full 0):
 garbage-first heap   total 343040K, used 294882K [0x0000000080000000, 0x0000000100000000)
  region size 1024K, 102 young (104448K), 6 survivors (6144K)
 Metaspace       used 126403K, capacity 129741K, committed 130432K, reserved 1163264K
  class space    used 15720K, capacity 16962K, committed 17280K, reserved 1048576K
}
Event: 66.278 GC heap after
{Heap after GC invocations=54 (full 0):
 garbage-first heap   total 343040K, used 182146K [0x0000000080000000, 0x0000000100000000)
  region size 1024K, 8 young (8192K), 8 survivors (8192K)
 Metaspace       used 126403K, capacity 129741K, committed 130432K, reserved 1163264K
  class space    used 15720K, capacity 16962K, committed 17280K, reserved 1048576K
}
Event: 66.385 GC heap before
{Heap before GC invocations=54 (full 0):
 garbage-first heap   total 343040K, used 200578K [0x0000000080000000, 0x0000000100000000)
  region size 1024K, 28 young (28672K), 8 survivors (8192K)
 Metaspace       used 126449K, capacity 129805K, committed 130688K, reserved 1163264K
  class space    used 15721K, capacity 16962K, committed 17280K, reserved 1048576K
}
Event: 66.402 GC heap after
{Heap after GC invocations=55 (full 0):
 garbage-first heap   total 343040K, used 182603K [0x0000000080000000, 0x0000000100000000)
  region size 1024K, 2 young (2048K), 2 survivors (2048K)
 Metaspace       used 126449K, capacity 129805K, committed 130688K, reserved 1163264K
  class space    used 15721K, capacity 16962K, committed 17280K, reserved 1048576K
}
Event: 67.461 GC heap before
{Heap before GC invocations=56 (full 0):
 garbage-first heap   total 343040K, used 283979K [0x0000000080000000, 0x0000000100000000)
  region size 1024K, 89 young (91136K), 2 survivors (2048K)
 Metaspace       used 127939K, capacity 131232K, committed 131968K, reserved 1163264K
  class space    used 15835K, capacity 17070K, committed 17280K, reserved 1048576K
}
Event: 67.475 GC heap after
{Heap after GC invocations=57 (full 0):
 garbage-first heap   total 343040K, used 168850K [0x0000000080000000, 0x0000000100000000)
  region size 1024K, 6 young (6144K), 6 survivors (6144K)
 Metaspace       used 127939K, capacity 131232K, committed 131968K, reserved 1163264K
  class space    used 15835K, capacity 17070K, committed 17280K, reserved 1048576K
}
Event: 67.604 GC heap before
{Heap before GC invocations=57 (full 0):
 garbage-first heap   total 343040K, used 179090K [0x0000000080000000, 0x0000000100000000)
  region size 1024K, 16 young (16384K), 6 survivors (6144K)
 Metaspace       used 127939K, capacity 131232K, committed 131968K, reserved 1163264K
  class space    used 15835K, capacity 17070K, committed 17280K, reserved 1048576K
}
Event: 67.628 GC heap after
{Heap after GC invocations=58 (full 0):
 garbage-first heap   total 343040K, used 157966K [0x0000000080000000, 0x0000000100000000)
  region size 1024K, 2 young (2048K), 2 survivors (2048K)
 Metaspace       used 127939K, capacity 131232K, committed 131968K, reserved 1163264K
  class space    used 15835K, capacity 17070K, committed 17280K, reserved 1048576K
}
Event: 68.739 GC heap before
{Heap before GC invocations=58 (full 0):
 garbage-first heap   total 343040K, used 268558K [0x0000000080000000, 0x0000000100000000)
  region size 1024K, 110 young (112640K), 2 survivors (2048K)
 Metaspace       used 128908K, capacity 132386K, committed 132864K, reserved 1165312K
  class space    used 15995K, capacity 17285K, committed 17408K, reserved 1048576K
}
Event: 68.806 GC heap after
{Heap after GC invocations=59 (full 0):
 garbage-first heap   total 411648K, used 168370K [0x0000000080000000, 0x0000000100000000)
  region size 1024K, 11 young (11264K), 11 survivors (11264K)
 Metaspace       used 128908K, capacity 132386K, committed 132864K, reserved 1165312K
  class space    used 15995K, capacity 17285K, committed 17408K, reserved 1048576K
}
Event: 69.806 GC heap before
{Heap before GC invocations=60 (full 0):
 garbage-first heap   total 411648K, used 325042K [0x0000000080000000, 0x0000000100000000)
  region size 1024K, 165 young (168960K), 11 survivors (11264K)
 Metaspace       used 132126K, capacity 135742K, committed 135808K, reserved 1167360K
  class space    used 16447K, capacity 17773K, committed 17792K, reserved 1048576K
}
Event: 70.107 GC heap after
{Heap after GC invocations=61 (full 0):
 garbage-first heap   total 411648K, used 207409K [0x0000000080000000, 0x0000000100000000)
  region size 1024K, 21 young (21504K), 21 survivors (21504K)
 Metaspace       used 132126K, capacity 135742K, committed 135808K, reserved 1167360K
  class space    used 16447K, capacity 17773K, committed 17792K, reserved 1048576K
}
Event: 70.112 GC heap before
{Heap before GC invocations=61 (full 0):
 garbage-first heap   total 411648K, used 208433K [0x0000000080000000, 0x0000000100000000)
  region size 1024K, 22 young (22528K), 21 survivors (21504K)
 Metaspace       used 132126K, capacity 135742K, committed 135808K, reserved 1167360K
  class space    used 16447K, capacity 17773K, committed 17792K, reserved 1048576K
}
Event: 70.166 GC heap after
{Heap after GC invocations=62 (full 0):
 garbage-first heap   total 411648K, used 203380K [0x0000000080000000, 0x0000000100000000)
  region size 1024K, 3 young (3072K), 3 survivors (3072K)
 Metaspace       used 132126K, capacity 135742K, committed 135808K, reserved 1167360K
  class space    used 16447K, capacity 17773K, committed 17792K, reserved 1048576K
}
Event: 70.510 GC heap before
{Heap before GC invocations=62 (full 0):
 garbage-first heap   total 411648K, used 318068K [0x0000000080000000, 0x0000000100000000)
  region size 1024K, 115 young (117760K), 3 survivors (3072K)
 Metaspace       used 133952K, capacity 137681K, committed 137728K, reserved 1169408K
  class space    used 16795K, capacity 18168K, committed 18176K, reserved 1048576K
}
Event: 70.551 GC heap after
{Heap after GC invocations=63 (full 0):
 garbage-first heap   total 411648K, used 228352K [0x0000000080000000, 0x0000000100000000)
  region size 1024K, 15 young (15360K), 15 survivors (15360K)
 Metaspace       used 133952K, capacity 137681K, committed 137728K, reserved 1169408K
  class space    used 16795K, capacity 18168K, committed 18176K, reserved 1048576K
}
Event: 70.879 GC heap before
{Heap before GC invocations=63 (full 0):
 garbage-first heap   total 411648K, used 323584K [0x0000000080000000, 0x0000000100000000)
  region size 1024K, 109 young (111616K), 15 survivors (15360K)
 Metaspace       used 135925K, capacity 139782K, committed 139904K, reserved 1171456K
  class space    used 17107K, capacity 18544K, committed 18560K, reserved 1048576K
}

